<?xml version="1.0" encoding="UTF-8"?>
<testsuites><testsuite name="test.integrationTc.core.dilution.hcaManualPreparationDilution.TestHCAManualPreparationCheckFreeTests" timestamp="2020-04-02T22:57:21.212Z" tests="5" failures="0" errors="0" time="1.21265"><properties><property name="InternalTcId" value="B2A5DA24-03E9-4627-B749-9BDBC8B7AF85"></property><property name="Author" value="mendezad"></property><property name="Approver" value="mellocae"></property><property name="Reviewer" value="brugaroa"></property><property name="ReviewDate" value="2019-10-15"></property><property name="Requirement" value="USP11936"></property><property name="Description" value="Given a user creates and order with three tests
					And asks for a manual dilution for the test T1
					When asking a manual preparation to the host H1
					Then free tests should not appear in the answer"></property></properties><testcase name="AssertTrue:  Expected: True , Got: True" classname="test.integrationTc.core.dilution.hcaManualPreparationDilution" time="0"></testcase><testcase name="AssertEquals: The number of test is 1 Expected: 1, Got: 1" classname="test.integrationTc.core.dilution.hcaManualPreparationDilution" time="0"></testcase><testcase name="LogMessage: Global References: 142055" classname="test.integrationTc.core.dilution.hcaManualPreparationDilution" time="0"></testcase><testcase name="LogMessage: Commands executed: 1441707 (+/- 100)" classname="test.integrationTc.core.dilution.hcaManualPreparationDilution" time="0"></testcase><testcase name="LogMessage: Duration of execution: 1.21265 sec." classname="test.integrationTc.core.dilution.hcaManualPreparationDilution" time="0"></testcase></testsuite><testsuite name="test.integrationTc.core.dilution.hcaManualPreparationDilution.TestHCAManualPreparationCheckFreeTestsWithAdditionalTest" timestamp="2020-04-02T22:57:22.635Z" tests="6" failures="0" errors="0" time="1.423775"><properties><property name="InternalTcId" value="153A9A3C-46B3-4346-9525-E943437260E8"></property><property name="Author" value="mendezad"></property><property name="Approver" value="mellocae"></property><property name="Reviewer" value="brugaroa"></property><property name="ReviewDate" value="2019-10-15"></property><property name="Requirement" value="USP11936"></property><property name="Description" value="Given a user creates and order with three tests
					And asks for a manual dilution for the test T1 with additional test T2
					When asking a manual preparation to the host H1
					Then free tests should not appear in the answer"></property></properties><testcase name="AssertTrue:  Expected: True , Got: True" classname="test.integrationTc.core.dilution.hcaManualPreparationDilution" time="0"></testcase><testcase name="AssertTrue:  Expected: True , Got: True" classname="test.integrationTc.core.dilution.hcaManualPreparationDilution" time="0"></testcase><testcase name="AssertEquals: The number of test is 2 Expected: 2, Got: 2" classname="test.integrationTc.core.dilution.hcaManualPreparationDilution" time="0"></testcase><testcase name="LogMessage: Global References: 169542" classname="test.integrationTc.core.dilution.hcaManualPreparationDilution" time="0"></testcase><testcase name="LogMessage: Commands executed: 1601907 (+/- 100)" classname="test.integrationTc.core.dilution.hcaManualPreparationDilution" time="0"></testcase><testcase name="LogMessage: Duration of execution: 1.423775 sec." classname="test.integrationTc.core.dilution.hcaManualPreparationDilution" time="0"></testcase></testsuite><testsuite name="test.integrationTc.core.dilution.InstrumentDilution.TestInstrumentDilution" timestamp="2020-04-02T22:57:23.951Z" tests="8" failures="5" errors="0" time="1.316157"><properties><property name="InternalTcId" value="3183DB11-E65E-4890-94E9-A3CED80893F1"></property><property name="Author" value="montanm9"></property><property name="Approver" value="mellocae"></property><property name="Reviewer" value="mendezad"></property><property name="ReviewDate" value="2019-09-18"></property><property name="Requirement" value="USP11509"></property><property name="Description" value="GIVEN an order with test T1,T2,T3 and manual results
        AND an Instrument dilution has been requested for T1
        WHEN the instrument sends results for T1
        THEN the dilution is applied to T1"></property></properties><testcase name="AssertEquals: Result &apos;98&apos; has been multiplied by dilution factor &apos;&apos; Expected: 10, Got: " classname="test.integrationTc.core.dilution.InstrumentDilution" time="0"><failure message="Result &apos;98&apos; has been multiplied by dilution factor &apos;&apos; Expected: 10, Got: " type="AssertEquals"></failure></testcase><testcase name="AssertEquals: Dilution  has been applied Expected: 15, Got: " classname="test.integrationTc.core.dilution.InstrumentDilution" time="0"><failure message="Dilution  has been applied Expected: 15, Got: " type="AssertEquals"></failure></testcase><testcase name="AssertEquals: Dilution factor has been assigned and applied Expected: 15, Got: 15" classname="test.integrationTc.core.dilution.InstrumentDilution" time="0"></testcase><testcase name="AssertTrue: Result has the expected comment: Instrument result received: 10.  Instrument dilution applied: 1:15." classname="test.integrationTc.core.dilution.InstrumentDilution" time="0"><failure message="Result has the expected comment: Instrument result received: 10.  Instrument dilution applied: 1:15." type="AssertTrue"></failure></testcase><testcase name="AssertNotEquals: Result identifier&apos;96&apos; does not have assigned the dilution factor 15 Expected: 15, Got: " classname="test.integrationTc.core.dilution.InstrumentDilution" time="0"></testcase><testcase name="AssertEquals: Dilution factor has not been neither assigned nor applied Expected: , Got: " classname="test.integrationTc.core.dilution.InstrumentDilution" time="0"></testcase><testcase name="AssertEquals: Result value &apos;2&apos; has not been changed Expected: 20, Got: 2" classname="test.integrationTc.core.dilution.InstrumentDilution" time="0"><failure message="Result value &apos;2&apos; has not been changed Expected: 20, Got: 2" type="AssertEquals"></failure></testcase><testcase name="AssertNotEquals: Result identifier&apos;97&apos; does not have assigned the dilution factor 15 Expected: 15, Got: " classname="test.integrationTc.core.dilution.InstrumentDilution" time="0"></testcase><testcase name="AssertEquals: Dilution factor has not been neither assigned nor applied Expected: , Got: " classname="test.integrationTc.core.dilution.InstrumentDilution" time="0"></testcase><testcase name="AssertEquals: Result value &apos;3&apos; has not been changed Expected: 30, Got: 3" classname="test.integrationTc.core.dilution.InstrumentDilution" time="0"><failure message="Result value &apos;3&apos; has not been changed Expected: 30, Got: 3" type="AssertEquals"></failure></testcase><testcase name="LogMessage: Global References: 186107" classname="test.integrationTc.core.dilution.InstrumentDilution" time="0"></testcase><testcase name="LogMessage: Commands executed: 1393135 (+/- 100)" classname="test.integrationTc.core.dilution.InstrumentDilution" time="0"></testcase><testcase name="LogMessage: Duration of execution: 1.316157 sec." classname="test.integrationTc.core.dilution.InstrumentDilution" time="0"></testcase></testsuite><testsuite name="test.integrationTc.core.dilution.InstrumentDilution.TestInstrumentDilutionCommentNotPrintNotSentToHost" timestamp="2020-04-02T22:57:25.389Z" tests="8" failures="5" errors="0" time="1.438744"><properties><property name="InternalTcId" value="F88B1020-7B97-4A36-9F97-871FA5E0674D"></property><property name="Author" value="montanm9"></property><property name="Approver" value="rourabrp"></property><property name="Reviewer" value="singlacj"></property><property name="ReviewDate" value="2019-11-27"></property><property name="Requirement" value="TRQ11978"></property><property name="Nic" value="22830"></property><property name="Description" value="GIVEN an order with test T1,T2,T3 and manual results
				AND Print/Sent to host with dilution comments general parameter is set to No
        		AND an Instrument dilution has been requested for T1
              WHEN the instrument sends results for T1
              THEN the dilution is applied to T1"></property></properties><testcase name="AssertEquals: Result &apos;102&apos; has been multiplied by dilution factor &apos;&apos; Expected: 10, Got: " classname="test.integrationTc.core.dilution.InstrumentDilution" time="0"><failure message="Result &apos;102&apos; has been multiplied by dilution factor &apos;&apos; Expected: 10, Got: " type="AssertEquals"></failure></testcase><testcase name="AssertEquals: Dilution  has been applied Expected: 15, Got: " classname="test.integrationTc.core.dilution.InstrumentDilution" time="0"><failure message="Dilution  has been applied Expected: 15, Got: " type="AssertEquals"></failure></testcase><testcase name="AssertEquals: Dilution factor has been assigned and applied Expected: 15, Got: 15" classname="test.integrationTc.core.dilution.InstrumentDilution" time="0"></testcase><testcase name="AssertTrue: Result has the expected comment: Instrument result received: 10.  Instrument dilution applied: 1:15." classname="test.integrationTc.core.dilution.InstrumentDilution" time="0"><failure message="Result has the expected comment: Instrument result received: 10.  Instrument dilution applied: 1:15." type="AssertTrue"></failure></testcase><testcase name="AssertNotEquals: Result identifier&apos;100&apos; does not have assigned the dilution factor 15 Expected: 15, Got: " classname="test.integrationTc.core.dilution.InstrumentDilution" time="0"></testcase><testcase name="AssertEquals: Dilution factor has not been neither assigned nor applied Expected: , Got: " classname="test.integrationTc.core.dilution.InstrumentDilution" time="0"></testcase><testcase name="AssertEquals: Result value &apos;2&apos; has not been changed Expected: 20, Got: 2" classname="test.integrationTc.core.dilution.InstrumentDilution" time="0"><failure message="Result value &apos;2&apos; has not been changed Expected: 20, Got: 2" type="AssertEquals"></failure></testcase><testcase name="AssertNotEquals: Result identifier&apos;101&apos; does not have assigned the dilution factor 15 Expected: 15, Got: " classname="test.integrationTc.core.dilution.InstrumentDilution" time="0"></testcase><testcase name="AssertEquals: Dilution factor has not been neither assigned nor applied Expected: , Got: " classname="test.integrationTc.core.dilution.InstrumentDilution" time="0"></testcase><testcase name="AssertEquals: Result value &apos;3&apos; has not been changed Expected: 30, Got: 3" classname="test.integrationTc.core.dilution.InstrumentDilution" time="0"><failure message="Result value &apos;3&apos; has not been changed Expected: 30, Got: 3" type="AssertEquals"></failure></testcase><testcase name="LogMessage: Global References: 194064" classname="test.integrationTc.core.dilution.InstrumentDilution" time="0"></testcase><testcase name="LogMessage: Commands executed: 1409145 (+/- 100)" classname="test.integrationTc.core.dilution.InstrumentDilution" time="0"></testcase><testcase name="LogMessage: Duration of execution: 1.438744 sec." classname="test.integrationTc.core.dilution.InstrumentDilution" time="0"></testcase></testsuite><testsuite name="test.integrationTc.core.dilution.manualDilution.NonIntrumentResults.TestAddAlphanumericResultFromRE_TestManualDilutionCommentNotAdded" timestamp="2020-04-02T22:57:30.513Z" tests="5" failures="0" errors="0" time="5.124282"><properties><property name="InternalTcId" value="C2417B34-BBE2-41F9-8785-BE99DFE0115E"></property><property name="Author" value="montanm9"></property><property name="Approver" value="mendezad"></property><property name="Reviewer" value="mellocae"></property><property name="ReviewDate" value="2019-10-11"></property><property name="Requirement" value="USP11823"></property><property name="Description" value="GIVEN An order O1 exists with test T1
				    AND T1 has a result R1
				    AND a manual dilution is requested for T1 with dilution factor 6
					AND An Order Rule RE1 is defined with Manual Activation Mode 
					AND RE1 has the condition always true 
					AND RE1 has the action Add text result to test T1
					AND keep existing result has never value
			  WHEN RE1 is launched to O1
			  THEN no comment is added to the result"></property></properties><testcase name="AssertEquals: Action for Order:000011 Expected: 1, Got: 1" classname="test.integrationTc.core.dilution.manualDilution.NonIntrumentResults" time="0"></testcase><testcase name="AssertEquals: Result has not comment Expected: 100, Got: 100" classname="test.integrationTc.core.dilution.manualDilution.NonIntrumentResults" time="0"></testcase><testcase name="LogMessage: Global References: 1527580" classname="test.integrationTc.core.dilution.manualDilution.NonIntrumentResults" time="0"></testcase><testcase name="LogMessage: Commands executed: 11301145 (+/- 100)" classname="test.integrationTc.core.dilution.manualDilution.NonIntrumentResults" time="0"></testcase><testcase name="LogMessage: Duration of execution: 5.124282 sec." classname="test.integrationTc.core.dilution.manualDilution.NonIntrumentResults" time="0"></testcase></testsuite><testsuite name="test.integrationTc.core.dilution.manualDilution.NonIntrumentResults.TestAddAlphanumericResultFromRE_TestManualDilutionRequested" timestamp="2020-04-02T22:57:31.719Z" tests="5" failures="0" errors="0" time="1.20695"><properties><property name="InternalTcId" value="3DF3C56A-517B-4B80-802D-D5B89FC06191"></property><property name="Author" value="montanm9"></property><property name="Approver" value="mendezad"></property><property name="Reviewer" value="mellocae"></property><property name="ReviewDate" value="2019-10-11"></property><property name="Requirement" value="USP11824"></property><property name="Description" value="GIVEN An order O1 exists with test T1
				    AND T1 has a result R1
				    AND a manual dilution is requested for T1 with dilution factor 6
					AND An Order Rule RE1 is defined with Manual Activation Mode 
					AND RE1 has the condition always true 
					AND RE1 has the action Add text result to test T1
					AND keep existing result has never value
			  WHEN RE1 is launched to O1
			  THEN the alphanumerical value is not modified by the dilution factor"></property></properties><testcase name="AssertEquals: Action for Order:000011 Expected: 1, Got: 1" classname="test.integrationTc.core.dilution.manualDilution.NonIntrumentResults" time="0"></testcase><testcase name="AssertEquals: Order &apos;41&apos; Test &apos;103&apos; Value Expected: MADR6, Got: MADR6" classname="test.integrationTc.core.dilution.manualDilution.NonIntrumentResults" time="0"></testcase><testcase name="LogMessage: Global References: 137648" classname="test.integrationTc.core.dilution.manualDilution.NonIntrumentResults" time="0"></testcase><testcase name="LogMessage: Commands executed: 1275095 (+/- 100)" classname="test.integrationTc.core.dilution.manualDilution.NonIntrumentResults" time="0"></testcase><testcase name="LogMessage: Duration of execution: 1.20695 sec." classname="test.integrationTc.core.dilution.manualDilution.NonIntrumentResults" time="0"></testcase></testsuite><testsuite name="test.integrationTc.core.dilution.manualDilution.NonIntrumentResults.TestAddNumericResultFromRE_TestManualDilutionCommentNotAdded" timestamp="2020-04-02T22:57:32.902Z" tests="5" failures="0" errors="0" time="1.183375"><properties><property name="InternalTcId" value="277D7EBD-035E-4FD6-BA49-8295E338CC22"></property><property name="Author" value="montanm9"></property><property name="Approver" value="mendezad"></property><property name="Reviewer" value="mellocae"></property><property name="ReviewDate" value="2019-10-11"></property><property name="Requirement" value="USP11823"></property><property name="Description" value="GIVEN An order O1 exists with test T1
				    AND T1 has a result R1
				    AND a manual dilution is requested for T1 with dilution factor 6
					AND An Order Rule RE1 is defined with Manual Activation Mode 
					AND RE1 has the condition always true 
					AND RE1 has the action Add numeric result to test T1
					AND keep existing result has never value
			  WHEN RE1 is launched to O1
			  THEN no comment is added to the result"></property></properties><testcase name="AssertEquals: Action for Order:000011 Expected: 1, Got: 1" classname="test.integrationTc.core.dilution.manualDilution.NonIntrumentResults" time="0"></testcase><testcase name="AssertEquals: Result has not comment Expected: 100, Got: 100" classname="test.integrationTc.core.dilution.manualDilution.NonIntrumentResults" time="0"></testcase><testcase name="LogMessage: Global References: 137748" classname="test.integrationTc.core.dilution.manualDilution.NonIntrumentResults" time="0"></testcase><testcase name="LogMessage: Commands executed: 1279093 (+/- 100)" classname="test.integrationTc.core.dilution.manualDilution.NonIntrumentResults" time="0"></testcase><testcase name="LogMessage: Duration of execution: 1.183375 sec." classname="test.integrationTc.core.dilution.manualDilution.NonIntrumentResults" time="0"></testcase></testsuite><testsuite name="test.integrationTc.core.dilution.manualDilution.NonIntrumentResults.TestAddNumericResultFromRE_TestManualDilutionRequested" timestamp="2020-04-02T22:57:34.072Z" tests="5" failures="0" errors="0" time="1.170038"><properties><property name="InternalTcId" value="1A2E8E5A-924A-49F8-B412-ABC88762D862"></property><property name="Author" value="montanm9"></property><property name="Approver" value="mendezad"></property><property name="Reviewer" value="mellocae"></property><property name="ReviewDate" value="2019-10-11"></property><property name="Requirement" value="USP11824"></property><property name="Description" value="GIVEN An order O1 exists with test T1
				    AND T1 has a result R1
				    AND a manual dilution is requested for T1 with dilution factor 6
					AND An Order Rule RE1 is defined with Manual Activation Mode 
					AND RE1 has the condition always true 
					AND RE1 has the action Add numeric result to test T1
					AND keep existing result has never value
			  WHEN RE1 is launched to O1
			  THEN the numerical value is not modified by the dilution factor"></property></properties><testcase name="AssertEquals: Action for Order:000011 Expected: 1, Got: 1" classname="test.integrationTc.core.dilution.manualDilution.NonIntrumentResults" time="0"></testcase><testcase name="AssertEquals: Order &apos;43&apos; Test &apos;103&apos; Value Expected: 12, Got: 12" classname="test.integrationTc.core.dilution.manualDilution.NonIntrumentResults" time="0"></testcase><testcase name="LogMessage: Global References: 137647" classname="test.integrationTc.core.dilution.manualDilution.NonIntrumentResults" time="0"></testcase><testcase name="LogMessage: Commands executed: 1274233 (+/- 100)" classname="test.integrationTc.core.dilution.manualDilution.NonIntrumentResults" time="0"></testcase><testcase name="LogMessage: Duration of execution: 1.170038 sec." classname="test.integrationTc.core.dilution.manualDilution.NonIntrumentResults" time="0"></testcase></testsuite><testsuite name="test.integrationTc.core.dilution.manualDilution.NonIntrumentResults.TestInstrumentDilutionManualResultCommentNotAdded" timestamp="2020-04-02T22:57:35.272Z" tests="4" failures="0" errors="0" time="1.200349"><properties><property name="InternalTcId" value="3A1D5D03-8B71-441B-BC74-38F076B6DF82"></property><property name="Author" value="montanm9"></property><property name="Approver" value="mellocae"></property><property name="Reviewer" value="mendezad"></property><property name="ReviewDate" value="2019-10-02"></property><property name="Requirement" value="USP11816"></property><property name="Description" value="Given a user asks for an instrument dilution for a test T1 of an order O1
					When manual results are given the order
					Then the order should not have comments"></property></properties><testcase name="AssertEquals: Result has not comment Expected: 100, Got: 100" classname="test.integrationTc.core.dilution.manualDilution.NonIntrumentResults" time="0"></testcase><testcase name="LogMessage: Global References: 224377" classname="test.integrationTc.core.dilution.manualDilution.NonIntrumentResults" time="0"></testcase><testcase name="LogMessage: Commands executed: 1576536 (+/- 100)" classname="test.integrationTc.core.dilution.manualDilution.NonIntrumentResults" time="0"></testcase><testcase name="LogMessage: Duration of execution: 1.200349 sec." classname="test.integrationTc.core.dilution.manualDilution.NonIntrumentResults" time="0"></testcase></testsuite><testsuite name="test.integrationTc.core.dilution.manualDilution.NonIntrumentResults.TestManualDilutionManualResult" timestamp="2020-04-02T22:57:36.569Z" tests="4" failures="0" errors="0" time="1.297396"><properties><property name="InternalTcId" value="4BB0B707-86A0-4F12-81F3-1B9CDD2EC1EB"></property><property name="Author" value="rourabrp"></property><property name="Approver" value="mendezad"></property><property name="Reviewer" value="villanoo"></property><property name="ReviewDate" value="2017-08-23"></property><property name="Requirement" value="USP11722"></property><property name="Description" value="GIVEN an order with test
					AND a manual dilution has been requested
					WHEN the test is given a Manual result
					THEN the value is not modified by the dilution factor"></property></properties><testcase name="AssertEquals: Order &apos;45&apos; Test &apos;103&apos; Value Expected: 100, Got: 100" classname="test.integrationTc.core.dilution.manualDilution.NonIntrumentResults" time="0"></testcase><testcase name="LogMessage: Global References: 153154" classname="test.integrationTc.core.dilution.manualDilution.NonIntrumentResults" time="0"></testcase><testcase name="LogMessage: Commands executed: 1436216 (+/- 100)" classname="test.integrationTc.core.dilution.manualDilution.NonIntrumentResults" time="0"></testcase><testcase name="LogMessage: Duration of execution: 1.297396 sec." classname="test.integrationTc.core.dilution.manualDilution.NonIntrumentResults" time="0"></testcase></testsuite><testsuite name="test.integrationTc.core.dilution.manualDilution.NonIntrumentResults.TestManualDilutionManualResultCommentNotAdded" timestamp="2020-04-02T22:57:37.552Z" tests="4" failures="0" errors="0" time="0.98337"><properties><property name="InternalTcId" value="DE6A930E-415A-4C52-8008-1C2921C805C9"></property><property name="Author" value="montanm9"></property><property name="Approver" value="mellocae"></property><property name="Reviewer" value="mendezad"></property><property name="ReviewDate" value="2019-10-02"></property><property name="Requirement" value="USP11816"></property><property name="Description" value="Given a user asks for a manual dilution for a test T1 of an order O1
					When manual results are given the order
					Then the order should not have comments"></property></properties><testcase name="AssertEquals: Result has not comment Expected: 100, Got: 100" classname="test.integrationTc.core.dilution.manualDilution.NonIntrumentResults" time="0"></testcase><testcase name="LogMessage: Global References: 116060" classname="test.integrationTc.core.dilution.manualDilution.NonIntrumentResults" time="0"></testcase><testcase name="LogMessage: Commands executed: 1112947 (+/- 100)" classname="test.integrationTc.core.dilution.manualDilution.NonIntrumentResults" time="0"></testcase><testcase name="LogMessage: Duration of execution: .98337 sec." classname="test.integrationTc.core.dilution.manualDilution.NonIntrumentResults" time="0"></testcase></testsuite><testsuite name="test.integrationTc.core.dilution.manualDilution.NonIntrumentResults.TestManualDilutionRuleEngine" timestamp="2020-04-02T22:57:38.749Z" tests="4" failures="0" errors="0" time="1.197852"><properties><property name="InternalTcId" value="64EB35D6-4C73-43F5-BD43-0872EC4FB1A5"></property><property name="Author" value="rourabrp"></property><property name="Approver" value="mendezad"></property><property name="Reviewer" value="villanoo"></property><property name="ReviewDate" value="2017-08-23"></property><property name="Requirement" value="USP11824"></property><property name="Description" value="GIVEN an order with test
					AND a manual dilution has been requested
					WHEN the test is given result through Rule Engine
					THEN the value is not modified by the dilution factor"></property></properties><testcase name="AssertEquals: Order &apos;47&apos; Test &apos;103&apos; Value Expected: 200, Got: 200" classname="test.integrationTc.core.dilution.manualDilution.NonIntrumentResults" time="0"></testcase><testcase name="LogMessage: Global References: 133104" classname="test.integrationTc.core.dilution.manualDilution.NonIntrumentResults" time="0"></testcase><testcase name="LogMessage: Commands executed: 1296233 (+/- 100)" classname="test.integrationTc.core.dilution.manualDilution.NonIntrumentResults" time="0"></testcase><testcase name="LogMessage: Duration of execution: 1.197852 sec." classname="test.integrationTc.core.dilution.manualDilution.NonIntrumentResults" time="0"></testcase></testsuite><testsuite name="test.integrationTc.core.dilution.manualDilution.Request.TestAdditionalTestsAssignedToDilutedTube" timestamp="2020-04-02T22:57:39.92Z" tests="8" failures="0" errors="0" time="1.17141"><properties><property name="InternalTcId" value="9BEFE26C-D026-4F5D-AEED-E0AF1995AEDF"></property><property name="Author" value="brugaroa"></property><property name="Approver" value="mellocae"></property><property name="Reviewer" value="montanm9"></property><property name="ReviewDate" value="2019-09-19"></property><property name="Requirement" value="USP11724"></property><property name="Description" value="GIVEN an order with tests and manual results
					WHEN a manual dilution is requested for T1 and additional test T2
					THEN a new diluted tube containing T1 and T2 is created
					AND T1 and T2 are removed from the primary tube"></property></properties><testcase name="AssertTrue: Test 103 (REGULAR) exists in tube 91" classname="test.integrationTc.core.dilution.manualDilution.Request" time="0"></testcase><testcase name="AssertTrue: Test 104 (REGULAR) exists in tube 91" classname="test.integrationTc.core.dilution.manualDilution.Request" time="0"></testcase><testcase name="AssertEquals: 2 Tests found in the tube Expected: 2, Got: 2" classname="test.integrationTc.core.dilution.manualDilution.Request" time="0"></testcase><testcase name="AssertTrue: Test 105 (REGULAR) exists in tube 90" classname="test.integrationTc.core.dilution.manualDilution.Request" time="0"></testcase><testcase name="AssertEquals: 1 Tests found in the tube Expected: 1, Got: 1" classname="test.integrationTc.core.dilution.manualDilution.Request" time="0"></testcase><testcase name="LogMessage: Global References: 137451" classname="test.integrationTc.core.dilution.manualDilution.Request" time="0"></testcase><testcase name="LogMessage: Commands executed: 1273445 (+/- 100)" classname="test.integrationTc.core.dilution.manualDilution.Request" time="0"></testcase><testcase name="LogMessage: Duration of execution: 1.17141 sec." classname="test.integrationTc.core.dilution.manualDilution.Request" time="0"></testcase></testsuite><testsuite name="test.integrationTc.core.dilution.manualDilution.Request.TestAdditionalTestsAssignedToDilutedTubeFromAliquot" timestamp="2020-04-02T22:57:41.105Z" tests="11" failures="0" errors="0" time="1.185101"><properties><property name="InternalTcId" value="62F14C76-5E76-4BA5-859A-B70138B502E0"></property><property name="Author" value="riveradm"></property><property name="Approver" value="mellocae"></property><property name="Reviewer" value="singlacj"></property><property name="ReviewDate" value="2020-02-25"></property><property name="Requirement" value="TRQ10079"></property><property name="Description" value="GIVEN an order with tests and manual results
						AND an aliquot is created with test T1 related
					WHEN a manual dilution is requested for T1 and additional test T2
					THEN a new diluted tube from aliquot tube containing T1 and additional test T2 is created
					AND T1 and T2 are removed from the primary tube"></property></properties><testcase name="AssertTrue: Test 103 (REGULAR) exists in tube 94" classname="test.integrationTc.core.dilution.manualDilution.Request" time="0"></testcase><testcase name="AssertTrue: Test 104 (REGULAR) exists in tube 94" classname="test.integrationTc.core.dilution.manualDilution.Request" time="0"></testcase><testcase name="AssertEquals: 2 Tests found in the tube Expected: 2, Got: 2" classname="test.integrationTc.core.dilution.manualDilution.Request" time="0"></testcase><testcase name="AssertTrue: Test 105 (REGULAR) exists in tube 92" classname="test.integrationTc.core.dilution.manualDilution.Request" time="0"></testcase><testcase name="AssertEquals: 1 Tests found in the tube Expected: 1, Got: 1" classname="test.integrationTc.core.dilution.manualDilution.Request" time="0"></testcase><testcase name="AssertEquals: Diluted tube identifier 11.1.D.01 found  Expected: 94, Got: 94" classname="test.integrationTc.core.dilution.manualDilution.Request" time="0"></testcase><testcase name="AssertEquals: Order tube 11.1.D.01 found in tube dilutions Expected: 94, Got: 94" classname="test.integrationTc.core.dilution.manualDilution.Request" time="0"></testcase><testcase name="AssertEquals: Origin tube 11.1 found related with diluted tube 11.1.D.01 Expected: 93, Got: 93" classname="test.integrationTc.core.dilution.manualDilution.Request" time="0"></testcase><testcase name="LogMessage: Global References: 138560" classname="test.integrationTc.core.dilution.manualDilution.Request" time="0"></testcase><testcase name="LogMessage: Commands executed: 1290370 (+/- 100)" classname="test.integrationTc.core.dilution.manualDilution.Request" time="0"></testcase><testcase name="LogMessage: Duration of execution: 1.185101 sec." classname="test.integrationTc.core.dilution.manualDilution.Request" time="0"></testcase></testsuite><testsuite name="test.integrationTc.core.dilution.manualDilution.Request.TestAliquotFromDilutedTube" timestamp="2020-04-02T22:57:42.064Z" tests="8" failures="0" errors="0" time="0.959385"><properties><property name="InternalTcId" value="35D5E747-C11D-4684-954C-C720A2430A30"></property><property name="Author" value="eldagsee"></property><property name="Approver" value="mellocae"></property><property name="Reviewer" value="singlacj"></property><property name="ReviewDate" value="2019-11-05"></property><property name="Requirement" value="USP11927"></property><property name="Description" value="GIVEN a diluted tube with dilution factor 10
			  WHEN an aliquot is created from the diluted tube
			  THEN the aliquot has the dilution factor 10
				   AND the aliquot has the expected assigned tests
				   AND the aliquot has the corresponding orderTube"></property></properties><testcase name="AssertEquals:  Expected: 96, Got: 96" classname="test.integrationTc.core.dilution.manualDilution.Request" time="0"></testcase><testcase name="AssertTrue: Order tube id: 97" classname="test.integrationTc.core.dilution.manualDilution.Request" time="0"></testcase><testcase name="AssertEquals: Dilution factor: 10 Expected: 10, Got: 10" classname="test.integrationTc.core.dilution.manualDilution.Request" time="0"></testcase><testcase name="AssertTrue: Test 103 (REGULAR) exists in tube 97" classname="test.integrationTc.core.dilution.manualDilution.Request" time="0"></testcase><testcase name="AssertEquals: 1 Tests found in the tube Expected: 1, Got: 1" classname="test.integrationTc.core.dilution.manualDilution.Request" time="0"></testcase><testcase name="LogMessage: Global References: 115027" classname="test.integrationTc.core.dilution.manualDilution.Request" time="0"></testcase><testcase name="LogMessage: Commands executed: 1070025 (+/- 100)" classname="test.integrationTc.core.dilution.manualDilution.Request" time="0"></testcase><testcase name="LogMessage: Duration of execution: .959385 sec." classname="test.integrationTc.core.dilution.manualDilution.Request" time="0"></testcase></testsuite><testsuite name="test.integrationTc.core.dilution.manualDilution.Request.TestAliquotFromDilutedTubeReleaseTests" timestamp="2020-04-02T22:57:43.251Z" tests="12" failures="0" errors="0" time="1.187754"><properties><property name="InternalTcId" value="BAA00CC2-F907-4AD4-A727-515A42E18783"></property><property name="Author" value="montanm9"></property><property name="Approver" value="mellocae"></property><property name="Reviewer" value="singlacj"></property><property name="ReviewDate" value="2019-11-05"></property><property name="Requirement" value="USP11932"></property><property name="Description" value="GIVEN an aliquot with T1 and T2 assigned created from diluted tube
			  WHEN test T1 and T2 are released from aliquot
			  THEN diluted tube has T1 and T2
			  		AND aliquot tube has no tests 
					AND manual dilution is assigned to aliquot and diluted tubes"></property></properties><testcase name="AssertTrue: Order tube id: 99" classname="test.integrationTc.core.dilution.manualDilution.Request" time="0"></testcase><testcase name="AssertEquals: Dilution factor: 10 Expected: 10, Got: 10" classname="test.integrationTc.core.dilution.manualDilution.Request" time="0"></testcase><testcase name="AssertEquals:  Expected: 99, Got: 99" classname="test.integrationTc.core.dilution.manualDilution.Request" time="0"></testcase><testcase name="AssertTrue: Order tube id: 100" classname="test.integrationTc.core.dilution.manualDilution.Request" time="0"></testcase><testcase name="AssertEquals: Dilution factor: 10 Expected: 10, Got: 10" classname="test.integrationTc.core.dilution.manualDilution.Request" time="0"></testcase><testcase name="AssertTrue: Test 103 (REGULAR) exists in tube 99" classname="test.integrationTc.core.dilution.manualDilution.Request" time="0"></testcase><testcase name="AssertTrue: Test 104 (REGULAR) exists in tube 99" classname="test.integrationTc.core.dilution.manualDilution.Request" time="0"></testcase><testcase name="AssertEquals: 2 Tests found in the tube Expected: 2, Got: 2" classname="test.integrationTc.core.dilution.manualDilution.Request" time="0"></testcase><testcase name="AssertEquals: 0 Tests found in the tube Expected: 0, Got: 0" classname="test.integrationTc.core.dilution.manualDilution.Request" time="0"></testcase><testcase name="LogMessage: Global References: 142763" classname="test.integrationTc.core.dilution.manualDilution.Request" time="0"></testcase><testcase name="LogMessage: Commands executed: 1313627 (+/- 100)" classname="test.integrationTc.core.dilution.manualDilution.Request" time="0"></testcase><testcase name="LogMessage: Duration of execution: 1.187754 sec." classname="test.integrationTc.core.dilution.manualDilution.Request" time="0"></testcase></testsuite><testsuite name="test.integrationTc.core.dilution.manualDilution.Request.TestCreateADilutedTubeFromAliquotTubeDilutedFromOriginAliquotTube" timestamp="2020-04-02T22:57:45.055Z" tests="15" failures="0" errors="0" time="1.804709"><properties><property name="InternalTcId" value="B47221B9-9185-4431-9449-130C4B7EB51C"></property><property name="Author" value="riveradm"></property><property name="Approver" value="mellocae"></property><property name="Reviewer" value="singlacj"></property><property name="ReviewDate" value="2020-02-25"></property><property name="Requirement" value="TRQ10079"></property><property name="Description" value="GIVEN an order with tests T1,T2,T3
						AND an aliquot is created with test T1 related
						AND tests T1,T2,T3 with manual results
						AND a diluted tube from aliquot tube is created with test T1 and additional test T3 related
						AND an second aliquot from diluted tube is created with test T1 related
					WHEN a repetition with dilution factor 10 for T1 is requested
					THEN a second diluted tube is created from first aliquot tube containing T1
						AND T1 is unlinked from the second aliquot tube and linked to second diluted tube
						AND T3 is unlinked from the first aliquot tube and linked to first diluted tube
						AND T2 is linked to the primary tube"></property></properties><testcase name="AssertTrue: Test 105 (REGULAR) exists in tube 103" classname="test.integrationTc.core.dilution.manualDilution.Request" time="0"></testcase><testcase name="AssertEquals: 1 Tests found in the tube Expected: 1, Got: 1" classname="test.integrationTc.core.dilution.manualDilution.Request" time="0"></testcase><testcase name="AssertTrue: Test 103 (REGULAR) exists in tube 105" classname="test.integrationTc.core.dilution.manualDilution.Request" time="0"></testcase><testcase name="AssertEquals: 1 Tests found in the tube Expected: 1, Got: 1" classname="test.integrationTc.core.dilution.manualDilution.Request" time="0"></testcase><testcase name="AssertTrue: Test 104 (REGULAR) exists in tube 101" classname="test.integrationTc.core.dilution.manualDilution.Request" time="0"></testcase><testcase name="AssertEquals: 1 Tests found in the tube Expected: 1, Got: 1" classname="test.integrationTc.core.dilution.manualDilution.Request" time="0"></testcase><testcase name="AssertEquals: Diluted tube identifier 11.1.D.01 found  Expected: 103, Got: 103" classname="test.integrationTc.core.dilution.manualDilution.Request" time="0"></testcase><testcase name="AssertEquals: Order tube 11.1.D.01 found in tube dilutions Expected: 103, Got: 103" classname="test.integrationTc.core.dilution.manualDilution.Request" time="0"></testcase><testcase name="AssertEquals: Origin tube 11.1 found related with diluted tube 11.1.D.01 Expected: 102, Got: 102" classname="test.integrationTc.core.dilution.manualDilution.Request" time="0"></testcase><testcase name="AssertEquals: Diluted tube identifier 11.1.D.02 found  Expected: 105, Got: 105" classname="test.integrationTc.core.dilution.manualDilution.Request" time="0"></testcase><testcase name="AssertEquals: Order tube 11.1.D.02 found in tube dilutions Expected: 105, Got: 105" classname="test.integrationTc.core.dilution.manualDilution.Request" time="0"></testcase><testcase name="AssertEquals: Origin tube 11.1 found related with diluted tube 11.1.D.02 Expected: 102, Got: 102" classname="test.integrationTc.core.dilution.manualDilution.Request" time="0"></testcase><testcase name="LogMessage: Global References: 208236" classname="test.integrationTc.core.dilution.manualDilution.Request" time="0"></testcase><testcase name="LogMessage: Commands executed: 1858120 (+/- 100)" classname="test.integrationTc.core.dilution.manualDilution.Request" time="0"></testcase><testcase name="LogMessage: Duration of execution: 1.804709 sec." classname="test.integrationTc.core.dilution.manualDilution.Request" time="0"></testcase></testsuite><testsuite name="test.integrationTc.core.dilution.manualDilution.Request.TestCreateADilutedTubeFromAliquotTubeDilutedFromOriginPrimaryTube" timestamp="2020-04-02T22:57:46.817Z" tests="15" failures="0" errors="0" time="1.762039"><properties><property name="InternalTcId" value="226FA6F5-F544-420D-B844-21EBDFEDF11D"></property><property name="Author" value="riveradm"></property><property name="Approver" value="mellocae"></property><property name="Reviewer" value="singlacj"></property><property name="ReviewDate" value="2020-02-25"></property><property name="Requirement" value="TRQ10079"></property><property name="Description" value="GIVEN an order with tests T1,T2,T3
						AND tests T1,T2,T3 with manual results
						AND a diluted tube from primary tube is created with test T1 and additional test T3 related
						AND an aliquot from diluted tube is created with test T1 related
					WHEN a repetition with dilution factor 10 for T1 is requested
					THEN a second diluted tube is created from primary tube containing T1
						AND T1 is unlinked from the aliquot tube and linked to second diluted tube
						AND T3 is unlinked from the primary tube and linked to first diluted tube
						AND T2 is linked to the primary tube"></property></properties><testcase name="AssertTrue: Test 105 (REGULAR) exists in tube 107" classname="test.integrationTc.core.dilution.manualDilution.Request" time="0"></testcase><testcase name="AssertEquals: 1 Tests found in the tube Expected: 1, Got: 1" classname="test.integrationTc.core.dilution.manualDilution.Request" time="0"></testcase><testcase name="AssertTrue: Test 103 (REGULAR) exists in tube 109" classname="test.integrationTc.core.dilution.manualDilution.Request" time="0"></testcase><testcase name="AssertEquals: 1 Tests found in the tube Expected: 1, Got: 1" classname="test.integrationTc.core.dilution.manualDilution.Request" time="0"></testcase><testcase name="AssertTrue: Test 104 (REGULAR) exists in tube 106" classname="test.integrationTc.core.dilution.manualDilution.Request" time="0"></testcase><testcase name="AssertEquals: 1 Tests found in the tube Expected: 1, Got: 1" classname="test.integrationTc.core.dilution.manualDilution.Request" time="0"></testcase><testcase name="AssertEquals: Diluted tube identifier 11.D.01 found  Expected: 107, Got: 107" classname="test.integrationTc.core.dilution.manualDilution.Request" time="0"></testcase><testcase name="AssertEquals: Order tube 11.D.01 found in tube dilutions Expected: 107, Got: 107" classname="test.integrationTc.core.dilution.manualDilution.Request" time="0"></testcase><testcase name="AssertEquals: Origin tube 11 found related with diluted tube 11.D.01 Expected: 106, Got: 106" classname="test.integrationTc.core.dilution.manualDilution.Request" time="0"></testcase><testcase name="AssertEquals: Diluted tube identifier 11.D.02 found  Expected: 109, Got: 109" classname="test.integrationTc.core.dilution.manualDilution.Request" time="0"></testcase><testcase name="AssertEquals: Order tube 11.D.02 found in tube dilutions Expected: 109, Got: 109" classname="test.integrationTc.core.dilution.manualDilution.Request" time="0"></testcase><testcase name="AssertEquals: Origin tube 11 found related with diluted tube 11.D.02 Expected: 106, Got: 106" classname="test.integrationTc.core.dilution.manualDilution.Request" time="0"></testcase><testcase name="LogMessage: Global References: 207357" classname="test.integrationTc.core.dilution.manualDilution.Request" time="0"></testcase><testcase name="LogMessage: Commands executed: 1849633 (+/- 100)" classname="test.integrationTc.core.dilution.manualDilution.Request" time="0"></testcase><testcase name="LogMessage: Duration of execution: 1.762039 sec." classname="test.integrationTc.core.dilution.manualDilution.Request" time="0"></testcase></testsuite><testsuite name="test.integrationTc.core.dilution.manualDilution.Request.TestCreateDilutedTubeFromADilutedTubeOfAliquotTube" timestamp="2020-04-02T22:57:48.632Z" tests="11" failures="0" errors="0" time="1.81594"><properties><property name="InternalTcId" value="391C9F8F-FD49-4D75-AF84-F471733317AD"></property><property name="Author" value="riveradm"></property><property name="Approver" value="mellocae"></property><property name="Reviewer" value="singlacj"></property><property name="ReviewDate" value="2020-02-25"></property><property name="Requirement" value="TRQ10079"></property><property name="Description" value="GIVEN an order with tests 
						AND an aliquot is created with test T1 related
						AND tests T1,T2 with manual results
						AND a diluted tube from aliquot is created with test T1 related
						AND manual results sent for tests T1,T2 
					WHEN a manual dilution is requested for T1 and additional test T2
					THEN a new diluted tube from aliquot tube containing T1 and additional test T2 is created
					AND T1 and T2 are removed from the primary tube"></property></properties><testcase name="AssertTrue: Test 103 (REGULAR) exists in tube 113" classname="test.integrationTc.core.dilution.manualDilution.Request" time="0"></testcase><testcase name="AssertTrue: Test 104 (REGULAR) exists in tube 113" classname="test.integrationTc.core.dilution.manualDilution.Request" time="0"></testcase><testcase name="AssertEquals: 2 Tests found in the tube Expected: 2, Got: 2" classname="test.integrationTc.core.dilution.manualDilution.Request" time="0"></testcase><testcase name="AssertTrue: Test 105 (REGULAR) exists in tube 110" classname="test.integrationTc.core.dilution.manualDilution.Request" time="0"></testcase><testcase name="AssertEquals: 1 Tests found in the tube Expected: 1, Got: 1" classname="test.integrationTc.core.dilution.manualDilution.Request" time="0"></testcase><testcase name="AssertEquals: Diluted tube identifier 11.1.D.02 found  Expected: 113, Got: 113" classname="test.integrationTc.core.dilution.manualDilution.Request" time="0"></testcase><testcase name="AssertEquals: Order tube 11.1.D.02 found in tube dilutions Expected: 113, Got: 113" classname="test.integrationTc.core.dilution.manualDilution.Request" time="0"></testcase><testcase name="AssertEquals: Origin tube 11.1 found related with diluted tube 11.1.D.02 Expected: 111, Got: 111" classname="test.integrationTc.core.dilution.manualDilution.Request" time="0"></testcase><testcase name="LogMessage: Global References: 211815" classname="test.integrationTc.core.dilution.manualDilution.Request" time="0"></testcase><testcase name="LogMessage: Commands executed: 1961567 (+/- 100)" classname="test.integrationTc.core.dilution.manualDilution.Request" time="0"></testcase><testcase name="LogMessage: Duration of execution: 1.81594 sec." classname="test.integrationTc.core.dilution.manualDilution.Request" time="0"></testcase></testsuite><testsuite name="test.integrationTc.core.dilution.manualDilution.Request.TestCreateDilutedTubeFromADilutedTubeOfPrimaryTube" timestamp="2020-04-02T22:57:50.522Z" tests="11" failures="0" errors="0" time="1.890456"><properties><property name="InternalTcId" value="7C203EFA-9F95-43E1-9179-6799425A17A8"></property><property name="Author" value="riveradm"></property><property name="Approver" value="mellocae"></property><property name="Reviewer" value="singlacj"></property><property name="ReviewDate" value="2020-02-25"></property><property name="Requirement" value="TRQ10079"></property><property name="Description" value="GIVEN an order with tests and manual results
						AND a diluted tube from primary tube is created with test T1 related
						AND manual results sent for tests T1,T2 
					WHEN a manual dilution is requested for T1 and additional test T2
					THEN a new diluted tube from primary tube containing T1 and additional test T2 is created
					AND T1 and T2 are removed from the primary tube"></property></properties><testcase name="AssertTrue: Test 103 (REGULAR) exists in tube 116" classname="test.integrationTc.core.dilution.manualDilution.Request" time="0"></testcase><testcase name="AssertTrue: Test 104 (REGULAR) exists in tube 116" classname="test.integrationTc.core.dilution.manualDilution.Request" time="0"></testcase><testcase name="AssertEquals: 2 Tests found in the tube Expected: 2, Got: 2" classname="test.integrationTc.core.dilution.manualDilution.Request" time="0"></testcase><testcase name="AssertTrue: Test 105 (REGULAR) exists in tube 114" classname="test.integrationTc.core.dilution.manualDilution.Request" time="0"></testcase><testcase name="AssertEquals: 1 Tests found in the tube Expected: 1, Got: 1" classname="test.integrationTc.core.dilution.manualDilution.Request" time="0"></testcase><testcase name="AssertEquals: Diluted tube identifier 11.D.02 found  Expected: 116, Got: 116" classname="test.integrationTc.core.dilution.manualDilution.Request" time="0"></testcase><testcase name="AssertEquals: Order tube 11.D.02 found in tube dilutions Expected: 116, Got: 116" classname="test.integrationTc.core.dilution.manualDilution.Request" time="0"></testcase><testcase name="AssertEquals: Origin tube 11 found related with diluted tube 11.D.02 Expected: 114, Got: 114" classname="test.integrationTc.core.dilution.manualDilution.Request" time="0"></testcase><testcase name="LogMessage: Global References: 210835" classname="test.integrationTc.core.dilution.manualDilution.Request" time="0"></testcase><testcase name="LogMessage: Commands executed: 1951290 (+/- 100)" classname="test.integrationTc.core.dilution.manualDilution.Request" time="0"></testcase><testcase name="LogMessage: Duration of execution: 1.890456 sec." classname="test.integrationTc.core.dilution.manualDilution.Request" time="0"></testcase></testsuite><testsuite name="test.integrationTc.core.dilution.manualDilution.Request.TestCreateDilutedTubesFromDilutedTubesOfPrimaryAndAliquotTubes" timestamp="2020-04-02T22:57:52.174Z" tests="14" failures="0" errors="0" time="1.652955"><properties><property name="InternalTcId" value="F46BBEEB-5812-48A8-8E4A-FB26D13614B5"></property><property name="Author" value="riveradm"></property><property name="Approver" value="mellocae"></property><property name="Reviewer" value="singlacj"></property><property name="ReviewDate" value="2020-02-25"></property><property name="Requirement" value="TRQ10079"></property><property name="Description" value="GIVEN an order with tests T1,T2,T3
						AND an aliquot is created with test T1 related
						AND tests T1,T2,T3 with manual results
						AND a diluted tube from aliquot tube is created with test T1 and additional test T3 related
					WHEN a diluted tube from primary tube is created with test T2 related
					THEN a new diluted tube from aliquot tube containing T1 and additional test T3 is created
						AND T1 is unlinked from the aliquot tube
						AND T3 is unlinked from the primary tube
						AND a new diluted tube from primary tube containing T2 is created
						AND T2 is unlinked from the primary tube"></property></properties><testcase name="AssertTrue: Test 103 (REGULAR) exists in tube 119" classname="test.integrationTc.core.dilution.manualDilution.Request" time="0"></testcase><testcase name="AssertTrue: Test 105 (REGULAR) exists in tube 119" classname="test.integrationTc.core.dilution.manualDilution.Request" time="0"></testcase><testcase name="AssertEquals: 2 Tests found in the tube Expected: 2, Got: 2" classname="test.integrationTc.core.dilution.manualDilution.Request" time="0"></testcase><testcase name="AssertTrue: Test 104 (REGULAR) exists in tube 120" classname="test.integrationTc.core.dilution.manualDilution.Request" time="0"></testcase><testcase name="AssertEquals: 1 Tests found in the tube Expected: 1, Got: 1" classname="test.integrationTc.core.dilution.manualDilution.Request" time="0"></testcase><testcase name="AssertEquals: Diluted tube identifier 11.1.D.01 found  Expected: 119, Got: 119" classname="test.integrationTc.core.dilution.manualDilution.Request" time="0"></testcase><testcase name="AssertEquals: Order tube 11.1.D.01 found in tube dilutions Expected: 119, Got: 119" classname="test.integrationTc.core.dilution.manualDilution.Request" time="0"></testcase><testcase name="AssertEquals: Origin tube 11.1 found related with diluted tube 11.1.D.01 Expected: 118, Got: 118" classname="test.integrationTc.core.dilution.manualDilution.Request" time="0"></testcase><testcase name="AssertEquals: Diluted tube identifier 11.D.01 found  Expected: 120, Got: 120" classname="test.integrationTc.core.dilution.manualDilution.Request" time="0"></testcase><testcase name="AssertEquals: Order tube 11.D.01 found in tube dilutions Expected: 120, Got: 120" classname="test.integrationTc.core.dilution.manualDilution.Request" time="0"></testcase><testcase name="AssertEquals: Origin tube 11 found related with diluted tube 11.D.01 Expected: 117, Got: 117" classname="test.integrationTc.core.dilution.manualDilution.Request" time="0"></testcase><testcase name="LogMessage: Global References: 194190" classname="test.integrationTc.core.dilution.manualDilution.Request" time="0"></testcase><testcase name="LogMessage: Commands executed: 1750455 (+/- 100)" classname="test.integrationTc.core.dilution.manualDilution.Request" time="0"></testcase><testcase name="LogMessage: Duration of execution: 1.652955 sec." classname="test.integrationTc.core.dilution.manualDilution.Request" time="0"></testcase></testsuite><testsuite name="test.integrationTc.core.dilution.manualDilution.Request.TestDilutedTubeCreatedCorrectlyAfterManualDilution" timestamp="2020-04-02T22:57:53.188Z" tests="4" failures="0" errors="0" time="1.014899"><properties><property name="InternalTcId" value="E5E4CC0B-42D8-47E4-9E30-443E46367212"></property><property name="Author" value="mendezad"></property><property name="Approver" value="mellocae"></property><property name="Reviewer" value="baezferr"></property><property name="ReviewDate" value="2019-09-20"></property><property name="Requirement" value="USP10546"></property><property name="Description" value="GIVEN an order has been created with a test T1
					WHEN a manual dilution is requested for test1
					THEN a diluted tube should be created with the default bclabel"></property></properties><testcase name="AssertTrue: Tube with barcode 11.D.01 exists in the system" classname="test.integrationTc.core.dilution.manualDilution.Request" time="0"></testcase><testcase name="LogMessage: Global References: 118962" classname="test.integrationTc.core.dilution.manualDilution.Request" time="0"></testcase><testcase name="LogMessage: Commands executed: 1078146 (+/- 100)" classname="test.integrationTc.core.dilution.manualDilution.Request" time="0"></testcase><testcase name="LogMessage: Duration of execution: 1.014899 sec." classname="test.integrationTc.core.dilution.manualDilution.Request" time="0"></testcase></testsuite><testsuite name="test.integrationTc.core.dilution.manualDilution.Request.TestDilutedTubeFromAliquotCreatedCorrectlyAfterManualDilution" timestamp="2020-04-02T22:57:54.208Z" tests="7" failures="0" errors="0" time="1.020775"><properties><property name="InternalTcId" value="03BB9C3F-35A2-455F-AB36-D25D5C1A8AE4"></property><property name="Author" value="riveradm"></property><property name="Approver" value="mellocae"></property><property name="Reviewer" value="singlacj"></property><property name="ReviewDate" value="2020-02-25"></property><property name="Requirement" value="TRQ10079"></property><property name="Description" value="GIVEN an order has been created with a test T1
						AND an aliquot is created with test T1 related
				WHEN a manual dilution is requested for T1
				THEN a diluted tube from aliquot tube should be created with the default bclabel"></property></properties><testcase name="AssertTrue: Tube with barcode 11.1.D.01 exists in the system" classname="test.integrationTc.core.dilution.manualDilution.Request" time="0"></testcase><testcase name="AssertEquals: Diluted tube identifier 11.1.D.01 found  Expected: 125, Got: 125" classname="test.integrationTc.core.dilution.manualDilution.Request" time="0"></testcase><testcase name="AssertEquals: Order tube 11.1.D.01 found in tube dilutions Expected: 125, Got: 125" classname="test.integrationTc.core.dilution.manualDilution.Request" time="0"></testcase><testcase name="AssertEquals: Origin tube 11.1 found related with diluted tube 11.1.D.01 Expected: 124, Got: 124" classname="test.integrationTc.core.dilution.manualDilution.Request" time="0"></testcase><testcase name="LogMessage: Global References: 119941" classname="test.integrationTc.core.dilution.manualDilution.Request" time="0"></testcase><testcase name="LogMessage: Commands executed: 1088683 (+/- 100)" classname="test.integrationTc.core.dilution.manualDilution.Request" time="0"></testcase><testcase name="LogMessage: Duration of execution: 1.020775 sec." classname="test.integrationTc.core.dilution.manualDilution.Request" time="0"></testcase></testsuite><testsuite name="test.integrationTc.core.dilution.manualDilution.Request.TestDilutedTubeSamplePriority" timestamp="2020-04-02T22:57:56.778Z" tests="4" failures="0" errors="0" time="2.57048"><properties><property name="InternalTcId" value="AC92E70B-340E-4566-8AD8-628FAD42EE8D"></property><property name="Author" value="montanm9"></property><property name="Approver" value="riveradm"></property><property name="Reviewer" value="baezferr"></property><property name="ReviewDate" value="2019-09-23"></property><property name="Requirement" value="USP11723"></property><property name="Description" value="GIVEN an order with priority 2000
					AND test 1 with priority 1001 
					AND test 2 with priority 1002
			  WHEN a manual dilution has been requested for T1 and T2
					AND priority calculation is triggered
			  THEN the diluted tube has priority 1001"></property></properties><testcase name="AssertEquals: Correct tube priority Expected: 6, Got: 6" classname="test.integrationTc.core.dilution.manualDilution.Request" time="0"></testcase><testcase name="LogMessage: Global References: 251653" classname="test.integrationTc.core.dilution.manualDilution.Request" time="0"></testcase><testcase name="LogMessage: Commands executed: 1963724 (+/- 100)" classname="test.integrationTc.core.dilution.manualDilution.Request" time="0"></testcase><testcase name="LogMessage: Duration of execution: 2.57048 sec." classname="test.integrationTc.core.dilution.manualDilution.Request" time="0"></testcase></testsuite><testsuite name="test.integrationTc.core.dilution.manualDilution.Request.TestDilutedTubeSamplePriority2" timestamp="2020-04-02T22:57:59.369Z" tests="4" failures="0" errors="0" time="2.591406"><properties><property name="InternalTcId" value="453CA8A8-7EEB-4813-9FCF-EB5D2E7B8CBC"></property><property name="Author" value="montanm9"></property><property name="Approver" value="riveradm"></property><property name="Reviewer" value="baezferr"></property><property name="ReviewDate" value="2019-09-23"></property><property name="Requirement" value="USP11723"></property><property name="Description" value="GIVEN an order with priority 1000
					AND test 1 with priority 1001 
					AND test 2 with priority 1002
			  WHEN a manual dilution has been requested for T1 and T2
					AND priority calculation is triggered
			  THEN the diluted tube has priority 1000"></property></properties><testcase name="AssertEquals: Correct tube priority Expected: 8, Got: 8" classname="test.integrationTc.core.dilution.manualDilution.Request" time="0"></testcase><testcase name="LogMessage: Global References: 251620" classname="test.integrationTc.core.dilution.manualDilution.Request" time="0"></testcase><testcase name="LogMessage: Commands executed: 1962220 (+/- 100)" classname="test.integrationTc.core.dilution.manualDilution.Request" time="0"></testcase><testcase name="LogMessage: Duration of execution: 2.591406 sec." classname="test.integrationTc.core.dilution.manualDilution.Request" time="0"></testcase></testsuite><testsuite name="test.integrationTc.core.dilution.manualDilution.Request.TestDilutedTubeSamplePriority3" timestamp="2020-04-02T22:58:01.796Z" tests="4" failures="0" errors="0" time="2.427385"><properties><property name="InternalTcId" value="ECFDBD84-3B9B-4616-ABEA-0840DE5243F1"></property><property name="Author" value="brugaroa"></property><property name="Approver" value="mellocae"></property><property name="Reviewer" value="montanm9"></property><property name="ReviewDate" value="2019-10-11"></property><property name="Requirement" value="USP11723"></property><property name="Description" value="GIVEN an order with priority 2000
					AND test 1 with priority 1001 
					AND test 2 with priority 1002
			  WHEN a manual dilution has been requested for T1 and T2 and with priority 1005
					AND priority calculation is triggered
			  THEN the diluted tube has priority 1002"></property></properties><testcase name="AssertEquals: Correct tube priority Expected: 13, Got: 13" classname="test.integrationTc.core.dilution.manualDilution.Request" time="0"></testcase><testcase name="LogMessage: Global References: 179223" classname="test.integrationTc.core.dilution.manualDilution.Request" time="0"></testcase><testcase name="LogMessage: Commands executed: 1645082 (+/- 100)" classname="test.integrationTc.core.dilution.manualDilution.Request" time="0"></testcase><testcase name="LogMessage: Duration of execution: 2.427385 sec." classname="test.integrationTc.core.dilution.manualDilution.Request" time="0"></testcase></testsuite><testsuite name="test.integrationTc.core.dilution.manualDilution.Request.TestDilutedTubeSamplePriority4" timestamp="2020-04-02T22:58:04.78Z" tests="6" failures="0" errors="0" time="2.984429"><properties><property name="InternalTcId" value="4D28DA07-9B26-4640-B472-A69507F7910A"></property><property name="Author" value="brugaroa"></property><property name="Approver" value="mellocae"></property><property name="Reviewer" value="montanm9"></property><property name="ReviewDate" value="2019-10-11"></property><property name="Requirement" value="USP11928"></property><property name="Description" value="GIVEN an order with priority 2000
					AND test 1 with priority 1001 
					AND test 2 with priority 1002
					AND test 3 with priority 1003
			  WHEN a manual dilution has been requested for T2
					AND another manual dilution has been requested for T3
					AND priority calculation is triggered
			  THEN the diluted tube containing T2 has priority 1002
					AND the diluted tube containing T3 has priority 1003
					AND the primary tube has priority 1001"></property></properties><testcase name="AssertEquals: Correct tube priority Expected: 17, Got: 17" classname="test.integrationTc.core.dilution.manualDilution.Request" time="0"></testcase><testcase name="AssertEquals: Correct tube priority Expected: 18, Got: 18" classname="test.integrationTc.core.dilution.manualDilution.Request" time="0"></testcase><testcase name="AssertEquals: Correct tube priority Expected: 16, Got: 16" classname="test.integrationTc.core.dilution.manualDilution.Request" time="0"></testcase><testcase name="LogMessage: Global References: 246741" classname="test.integrationTc.core.dilution.manualDilution.Request" time="0"></testcase><testcase name="LogMessage: Commands executed: 2384653 (+/- 100)" classname="test.integrationTc.core.dilution.manualDilution.Request" time="0"></testcase><testcase name="LogMessage: Duration of execution: 2.984429 sec." classname="test.integrationTc.core.dilution.manualDilution.Request" time="0"></testcase></testsuite><testsuite name="test.integrationTc.core.dilution.manualDilution.Request.TestDilutedTubeSamplePriorityWithTwoTubeTypes" timestamp="2020-04-02T22:58:08.253Z" tests="7" failures="0" errors="0" time="3.473094"><properties><property name="InternalTcId" value="20384FDF-D62E-4380-8D92-DD65C90BDF5E"></property><property name="Author" value="brugaroa"></property><property name="Approver" value="mellocae"></property><property name="Reviewer" value="montanm9"></property><property name="ReviewDate" value="2019-10-11"></property><property name="Requirement" value="USP11928"></property><property name="Description" value="GIVEN an order with priority 2000
					AND test 1, tube type 1, with priority 1001
					AND test 2, tube type 1, with priority 1002
					AND test 3, tube type 2, with priority 1003
					AND test 4, tube type 2, with priority 1004
			  WHEN a manual dilution has been requested for T2
					AND another manual dilution has been requested for T4
					AND priority calculation is triggered
			  THEN the primary tube for tube type 1 has priority 1001
					AND the diluted tube for tube type 1 has priority 1002
					AND the primary tube for tube type 2 has priority 1003
					AND the diluted tube for tube type 2 has priority 1004"></property></properties><testcase name="AssertEquals: Correct tube priority Expected: 20, Got: 20" classname="test.integrationTc.core.dilution.manualDilution.Request" time="0"></testcase><testcase name="AssertEquals: Correct tube priority Expected: 21, Got: 21" classname="test.integrationTc.core.dilution.manualDilution.Request" time="0"></testcase><testcase name="AssertEquals: Correct tube priority Expected: 22, Got: 22" classname="test.integrationTc.core.dilution.manualDilution.Request" time="0"></testcase><testcase name="AssertEquals: Correct tube priority Expected: 23, Got: 23" classname="test.integrationTc.core.dilution.manualDilution.Request" time="0"></testcase><testcase name="LogMessage: Global References: 302537" classname="test.integrationTc.core.dilution.manualDilution.Request" time="0"></testcase><testcase name="LogMessage: Commands executed: 2962519 (+/- 100)" classname="test.integrationTc.core.dilution.manualDilution.Request" time="0"></testcase><testcase name="LogMessage: Duration of execution: 3.473094 sec." classname="test.integrationTc.core.dilution.manualDilution.Request" time="0"></testcase></testsuite><testsuite name="test.integrationTc.core.dilution.manualDilution.Request.TestKeepingDilutionWhenCreatingAliquotWithSameId" timestamp="2020-04-02T22:58:10.848Z" tests="1" failures="1" errors="0" time="2.595887"><properties><property name="InternalTcId" value="90A5E2E2-D892-41DC-9562-9C269562CDAB"></property><property name="Author" value="montanm9"></property><property name="Approver" value="mellocae"></property><property name="Reviewer" value="brugaroa"></property><property name="ReviewDate" value="2019-09-18"></property><property name="Requirement" value="USP11731"></property><property name="Description" value="GIVEN an order with test T1,T2,T3 and manual results
					AND a manual dilution has been requested for T1
			  WHEN an aliquot with the same ID is created from workflow
			  THEN the dilution ramains  "></property></properties><testcase name="AssertError: 10011@@StatusException %SaveData+19^wfe.dm.tables.NodesTests.1 #wfe.dm.tables.NodesTests.FKrTestsINSERT" classname="test.integrationTc.core.dilution.manualDilution.Request" time="0"><failure message="10011@@StatusException %SaveData+19^wfe.dm.tables.NodesTests.1 #wfe.dm.tables.NodesTests.FKrTestsINSERT" type="AssertError"></failure></testcase><testcase name="LogMessage: Duration of execution: 2.595887 sec." classname="test.integrationTc.core.dilution.manualDilution.Request" time="0"></testcase></testsuite><testsuite name="test.integrationTc.core.dilution.manualDilution.ResultsFromCSInstrument.TestApplyCSAlphanumericTransformationAfterDilution" timestamp="2020-04-02T22:58:12.564Z" tests="7" failures="0" errors="0" time="1.716737"><properties><property name="InternalTcId" value="7573D48E-B48D-437F-9B7C-B4C74A447E38"></property><property name="Author" value="mendezad"></property><property name="Approver" value="mellocae"></property><property name="Reviewer" value="montanm9"></property><property name="ReviewDate" value="2019-10-09"></property><property name="Requirement" value="USP11729"></property><property name="Description" value="GIVEN an order with test and manual results
					AND a manual dilution has been requested
					AND a CS transformation is configured for the instrument 
					WHEN the test is given a numeric result from an CS instrument
					THEN result should be multiplied by the dilution factor
					AND the CS transformation should be applied after the previous result multiplication"></property></properties><testcase name="AssertEquals: Result &apos;224&apos; has been multiplied by dilution factor &apos;10&apos; and has been updated by result modifications Expected: HighGlucose, Got: HighGlucose" classname="test.integrationTc.core.dilution.manualDilution.ResultsFromCSInstrument" time="0"></testcase><testcase name="AssertEquals: Manual dilution 10 has been assigned and applied Expected: 10, Got: 10" classname="test.integrationTc.core.dilution.manualDilution.ResultsFromCSInstrument" time="0"></testcase><testcase name="AssertEquals: Instrument dilution found Expected: 10, Got: 10" classname="test.integrationTc.core.dilution.manualDilution.ResultsFromCSInstrument" time="0"></testcase><testcase name="AssertTrue: Has comment with text: &apos;Instrument result received: 10. Manual dilution applied: 1:10. Instrument dilution applied: 1:10. This result has been modified according to the ICA or CS result modification.&apos;" classname="test.integrationTc.core.dilution.manualDilution.ResultsFromCSInstrument" time="0"></testcase><testcase name="LogMessage: Global References: 228907" classname="test.integrationTc.core.dilution.manualDilution.ResultsFromCSInstrument" time="0"></testcase><testcase name="LogMessage: Commands executed: 2158778 (+/- 100)" classname="test.integrationTc.core.dilution.manualDilution.ResultsFromCSInstrument" time="0"></testcase><testcase name="LogMessage: Duration of execution: 1.716737 sec." classname="test.integrationTc.core.dilution.manualDilution.ResultsFromCSInstrument" time="0"></testcase></testsuite><testsuite name="test.integrationTc.core.dilution.manualDilution.ResultsFromCSInstrument.TestApplyCSFormulaTransformationAfterDilution" timestamp="2020-04-02T22:58:14.318Z" tests="7" failures="0" errors="0" time="1.754041"><properties><property name="InternalTcId" value="6D43BEA4-F118-4228-AA6E-82C4C6A8B881"></property><property name="Author" value="mendezad"></property><property name="Approver" value="mellocae"></property><property name="Reviewer" value="montanm9"></property><property name="ReviewDate" value="2019-10-10"></property><property name="Requirement" value="USP11729"></property><property name="Description" value="GIVEN an order with test and manual results
					AND a manual dilution has been requested
					AND a CS transformation is configured for the instrument 
					WHEN the test is given a numeric result from a CS instrument
					THEN result should be multiplied by the dilution factor
					AND the CS transformation should be applied after the previous result multiplication"></property></properties><testcase name="AssertEquals: Result &apos;228&apos; has been multiplied by dilution factor &apos;10&apos; and has been updated by result modifications Expected: 110, Got: 110" classname="test.integrationTc.core.dilution.manualDilution.ResultsFromCSInstrument" time="0"></testcase><testcase name="AssertEquals: Manual dilution 10 has been assigned and applied Expected: 10, Got: 10" classname="test.integrationTc.core.dilution.manualDilution.ResultsFromCSInstrument" time="0"></testcase><testcase name="AssertEquals: Instrument dilution found Expected: 10, Got: 10" classname="test.integrationTc.core.dilution.manualDilution.ResultsFromCSInstrument" time="0"></testcase><testcase name="AssertTrue: Has comment with text: &apos;Instrument result received: 10. Manual dilution applied: 1:10. Instrument dilution applied: 1:10. This result has been modified according to the ICA or CS result modification.&apos;" classname="test.integrationTc.core.dilution.manualDilution.ResultsFromCSInstrument" time="0"></testcase><testcase name="LogMessage: Global References: 226363" classname="test.integrationTc.core.dilution.manualDilution.ResultsFromCSInstrument" time="0"></testcase><testcase name="LogMessage: Commands executed: 2024026 (+/- 100)" classname="test.integrationTc.core.dilution.manualDilution.ResultsFromCSInstrument" time="0"></testcase><testcase name="LogMessage: Duration of execution: 1.754041 sec." classname="test.integrationTc.core.dilution.manualDilution.ResultsFromCSInstrument" time="0"></testcase></testsuite><testsuite name="test.integrationTc.core.dilution.manualDilution.ResultsFromCSInstrument.TestApplyCSIntervalTransformationAfterDilution" timestamp="2020-04-02T22:58:16.009Z" tests="7" failures="0" errors="0" time="1.691035"><properties><property name="InternalTcId" value="3E2ED47B-684B-4DCA-A84B-C8A42873D9E7"></property><property name="Author" value="mendezad"></property><property name="Approver" value="mellocae"></property><property name="Reviewer" value="montanm9"></property><property name="ReviewDate" value="2019-10-10"></property><property name="Requirement" value="USP11729"></property><property name="Description" value="GIVEN an order with test and manual results
					AND a manual dilution has been requested
					AND a CS transformation is configured for the instrument 
					WHEN the test is given a numeric result from a CS instrument
					THEN result should be multiplied by the dilution factor
					AND the CS transformation should be applied after the previous result multiplication"></property></properties><testcase name="AssertEquals: Result &apos;232&apos; has been multiplied by dilution factor &apos;10&apos; and has been updated by result modifications Expected: LowGlucose, Got: LowGlucose" classname="test.integrationTc.core.dilution.manualDilution.ResultsFromCSInstrument" time="0"></testcase><testcase name="AssertEquals: Manual dilution 10 has been assigned and applied Expected: 10, Got: 10" classname="test.integrationTc.core.dilution.manualDilution.ResultsFromCSInstrument" time="0"></testcase><testcase name="AssertEquals: Instrument dilution found Expected: 10, Got: 10" classname="test.integrationTc.core.dilution.manualDilution.ResultsFromCSInstrument" time="0"></testcase><testcase name="AssertTrue: Has comment with text: &apos;Instrument result received: 25. Manual dilution applied: 1:10. Instrument dilution applied: 1:10. This result has been modified according to the ICA or CS result modification.&apos;" classname="test.integrationTc.core.dilution.manualDilution.ResultsFromCSInstrument" time="0"></testcase><testcase name="LogMessage: Global References: 226197" classname="test.integrationTc.core.dilution.manualDilution.ResultsFromCSInstrument" time="0"></testcase><testcase name="LogMessage: Commands executed: 2017439 (+/- 100)" classname="test.integrationTc.core.dilution.manualDilution.ResultsFromCSInstrument" time="0"></testcase><testcase name="LogMessage: Duration of execution: 1.691035 sec." classname="test.integrationTc.core.dilution.manualDilution.ResultsFromCSInstrument" time="0"></testcase></testsuite><testsuite name="test.integrationTc.core.dilution.manualDilution.ResultsFromCSInstrument.TestApplyCSTransformationsAfterDilution" timestamp="2020-04-02T22:58:17.735Z" tests="7" failures="0" errors="0" time="1.726636"><properties><property name="InternalTcId" value="5C6AE832-5F54-49B8-9824-9D0B6484FD0E"></property><property name="Author" value="mendezad"></property><property name="Approver" value="mellocae"></property><property name="Reviewer" value="montanm9"></property><property name="ReviewDate" value="2019-10-10"></property><property name="Requirement" value="USP11729"></property><property name="Description" value="GIVEN an order with test and manual results
					AND a manual dilution has been requested
					AND a CS transformation is configured for the instrument 
					WHEN the test is given a numeric result from a CS instrument
					THEN result should be multiplied by the dilution factor
					AND the CS transformation should be applied after the previous result multiplication"></property></properties><testcase name="AssertEquals: Result &apos;236&apos; has been multiplied by dilution factor &apos;10&apos; and has been updated by result modifications Expected: 260, Got: 260" classname="test.integrationTc.core.dilution.manualDilution.ResultsFromCSInstrument" time="0"></testcase><testcase name="AssertEquals: Manual dilution 10 has been assigned and applied Expected: 10, Got: 10" classname="test.integrationTc.core.dilution.manualDilution.ResultsFromCSInstrument" time="0"></testcase><testcase name="AssertEquals: Instrument dilution found Expected: 10, Got: 10" classname="test.integrationTc.core.dilution.manualDilution.ResultsFromCSInstrument" time="0"></testcase><testcase name="AssertTrue: Has comment with text: &apos;Instrument result received: 10. Manual dilution applied: 1:10. Instrument dilution applied: 1:10. This result has been modified according to the ICA or CS result modification.&apos;" classname="test.integrationTc.core.dilution.manualDilution.ResultsFromCSInstrument" time="0"></testcase><testcase name="LogMessage: Global References: 227214" classname="test.integrationTc.core.dilution.manualDilution.ResultsFromCSInstrument" time="0"></testcase><testcase name="LogMessage: Commands executed: 2029909 (+/- 100)" classname="test.integrationTc.core.dilution.manualDilution.ResultsFromCSInstrument" time="0"></testcase><testcase name="LogMessage: Duration of execution: 1.726636 sec." classname="test.integrationTc.core.dilution.manualDilution.ResultsFromCSInstrument" time="0"></testcase></testsuite><testsuite name="test.integrationTc.core.dilution.manualDilution.ResultsFromCSInstrument.TestApplyManualDilutionForFirstResultFromCS" timestamp="2020-04-02T22:58:19.459Z" tests="4" failures="0" errors="0" time="1.724643"><properties><property name="InternalTcId" value="481C3B17-FDCF-4C22-9689-E2DC69625749"></property><property name="Author" value="mendezad"></property><property name="Approver" value="mellocae"></property><property name="Reviewer" value="montanm9"></property><property name="ReviewDate" value="2019-10-09"></property><property name="Requirement" value="USP11423"></property><property name="Description" value="GIVEN an order with test and manual results
					AND a manual dilution has been requested
					WHEN the test is given results from a CS instrument
					THEN the value is modified by the dilution factor"></property></properties><testcase name="AssertEquals: Order &apos;69&apos; Test &apos;103&apos; Value Expected: 100, Got: 100" classname="test.integrationTc.core.dilution.manualDilution.ResultsFromCSInstrument" time="0"></testcase><testcase name="LogMessage: Global References: 225255" classname="test.integrationTc.core.dilution.manualDilution.ResultsFromCSInstrument" time="0"></testcase><testcase name="LogMessage: Commands executed: 2006197 (+/- 100)" classname="test.integrationTc.core.dilution.manualDilution.ResultsFromCSInstrument" time="0"></testcase><testcase name="LogMessage: Duration of execution: 1.724643 sec." classname="test.integrationTc.core.dilution.manualDilution.ResultsFromCSInstrument" time="0"></testcase></testsuite><testsuite name="test.integrationTc.core.dilution.manualDilution.ResultsFromCSInstrument.TestApplyManualDilutionToCSResendResultsAndChangeConversion" timestamp="2020-04-02T22:58:21.327Z" tests="7" failures="0" errors="0" time="1.868026"><properties><property name="InternalTcId" value="50141E4D-9D20-4F28-8AC4-95984617E914"></property><property name="Author" value="mendezad"></property><property name="Approver" value="mellocae"></property><property name="Reviewer" value="montanm9"></property><property name="ReviewDate" value="2019-10-10"></property><property name="Requirement" value="USP11729"></property><property name="Description" value="GIVEN an order with test T1, T2 and T3 created
					AND a manual dilution has been requested for T1
					AND a result modification configured
					AND a result send from an ica instrument for T1
					AND manual dilution has been applied to T1
					AND an update of the result modification configured
				WHEN a second result is sent from an ica instrument for T1
				THEN the manual dilution should be applied
[...]
						AND Print/Sent to host with dilution comments general parameter is set to No
					AND a manual dilution has been requested
					AND an ICA transformation is configured for the instrument 
			   WHEN the test is given a numeric result from an ICA instrument
               THEN a comment should be added to test regarding the manual dilution and the ICA transformation
					AND the comment is NOT printed in reports neither sent to host"></property></properties><testcase name="AssertEquals: Result &apos;338&apos; has been multiplied by dilution factor &apos;10&apos; and has been updated by result modifications Expected: HighGlucose, Got: " classname="test.integrationTc.core.dilution.manualDilution.ResultsFromICAInstrument" time="0"><failure message="Result &apos;338&apos; has been multiplied by dilution factor &apos;10&apos; and has been updated by result modifications Expected: HighGlucose, Got: " type="AssertEquals"></failure></testcase><testcase name="AssertEquals: Manual dilution 10 has been assigned and applied Expected: 10, Got: 10" classname="test.integrationTc.core.dilution.manualDilution.ResultsFromICAInstrument" time="0"></testcase><testcase name="AssertEquals: Instrument dilution found Expected: 10, Got: " classname="test.integrationTc.core.dilution.manualDilution.ResultsFromICAInstrument" time="0"><failure message="Instrument dilution found Expected: 10, Got: " type="AssertEquals"></failure></testcase><testcase name="AssertTrue: Has comment with text: &apos;Instrument result received: 10. Manual dilution applied: 1:10. Instrument dilution applied: . This result has been modified according to the ICA or CS result modification.&apos;" classname="test.integrationTc.core.dilution.manualDilution.ResultsFromICAInstrument" time="0"><failure message="Has comment with text: &apos;Instrument result received: 10. Manual dilution applied: 1:10. Instrument dilution applied: . This result has been modified according to the ICA or CS result modification.&apos;" type="AssertTrue"></failure></testcase><testcase name="LogMessage: Global References: 168310" classname="test.integrationTc.core.dilution.manualDilution.ResultsFromICAInstrument" time="0"></testcase><testcase name="LogMessage: Commands executed: 1328384 (+/- 100)" classname="test.integrationTc.core.dilution.manualDilution.ResultsFromICAInstrument" time="0"></testcase><testcase name="LogMessage: Duration of execution: 1.244645 sec." classname="test.integrationTc.core.dilution.manualDilution.ResultsFromICAInstrument" time="0"></testcase></testsuite><testsuite name="test.integrationTc.core.dilution.manualDilution.ResultsFromICAInstrument.TestManualDilutionWithManualResultAndLaterICAResult" timestamp="2020-04-02T22:58:59.399Z" tests="3" failures="1" errors="0" time="1.269105"><properties><property name="InternalTcId" value="ECB5148C-74EA-4007-9656-B9C8E0DB5EB2"></property><property name="Author" value="brugaroa"></property><property name="Approver" value="mellocae"></property><property name="Reviewer" value="mendezad"></property><property name="ReviewDate" value="2019-09-12"></property><property name="Requirement" value="USP10553"></property><property name="Description" value="GIVEN an order with test and manual results
					AND a manual dilution has been requested
					WHEN the test is given a manual result
					AND the test is given a result from an ICA instrument with a later timestamp
					THEN the value from ICA is modified by the dilution factor"></property></properties><testcase name="AssertEquals: Order &apos;95&apos; Test &apos;103&apos; Value Expected: 100, Got: 10" classname="test.integrationTc.core.dilution.manualDilution.ResultsFromICAInstrument" time="0"><failure message="Order &apos;95&apos; Test &apos;103&apos; Value Expected: 100, Got: 10" type="AssertEquals"></failure></testcase><testcase name="LogMessage: Global References: 173039" classname="test.integrationTc.core.dilution.manualDilution.ResultsFromICAInstrument" time="0"></testcase><testcase name="LogMessage: Commands executed: 1366030 (+/- 100)" classname="test.integrationTc.core.dilution.manualDilution.ResultsFromICAInstrument" time="0"></testcase><testcase name="LogMessage: Duration of execution: 1.269105 sec." classname="test.integrationTc.core.dilution.manualDilution.ResultsFromICAInstrument" time="0"></testcase></testsuite><testsuite name="test.integrationTc.core.dilution.manualDilution.ResultsFromICAInstrument.TestNotApplyManualDilutionWhenResultsComeFromPrimary" timestamp="2020-04-02T22:59:00.867Z" tests="7" failures="4" errors="0" time="1.468713"><properties><property name="InternalTcId" value="4FE8BA8A-E666-4B30-8B43-20F3E371BD2C"></property><property name="Author" value="montanm9"></property><property name="Approver" value="mellocae"></property><property name="Reviewer" value="mendezad"></property><property name="ReviewDate" value="2019-09-18"></property><property name="Requirement" value="USP11732"></property><property name="Description" value="GIVEN an order with test T1,T2,T3 and manual results
					AND a manual dilution has been requested for T1
					WHEN results are sent to primary tube
					THEN the dilution is not applied"></property></properties><testcase name="AssertEquals: Result &apos;346&apos; has been multiplied by dilution factor &apos;10&apos; Expected: 100, Got: " classname="test.integrationTc.core.dilution.manualDilution.ResultsFromICAInstrument" time="0"><failure message="Result &apos;346&apos; has been multiplied by dilution factor &apos;10&apos; Expected: 100, Got: " type="AssertEquals"></failure></testcase><testcase name="AssertEquals: Manual dilution 10 has been assigned and applied Expected: 10, Got: 10" classname="test.integrationTc.core.dilution.manualDilution.ResultsFromICAInstrument" time="0"></testcase><testcase name="AssertEquals: Instrument dilution found Expected: , Got: " classname="test.integrationTc.core.dilution.manualDilution.ResultsFromICAInstrument" time="0"></testcase><testcase name="AssertTrue: Has comment with text: &apos;Instrument result received: 10. Manual dilution applied: 1:10.&apos;" classname="test.integrationTc.core.dilution.manualDilution.ResultsFromICAInstrument" time="0"><failure message="Has comment with text: &apos;Instrument result received: 10. Manual dilution applied: 1:10.&apos;" type="AssertTrue"></failure></testcase><testcase name="AssertNotEquals: Result identifier&apos;344&apos; does not have assigned the dilution factor &apos;10 Expected: 10, Got: " classname="test.integrationTc.core.dilution.manualDilution.ResultsFromICAInstrument" time="0"></testcase><testcase name="AssertEquals: Result value &apos;2&apos; has not been changed Expected: 20, Got: 2" classname="test.integrationTc.core.dilution.manualDilution.ResultsFromICAInstrument" time="0"><failure message="Result value &apos;2&apos; has not been changed Expected: 20, Got: 2" type="AssertEquals"></failure></testcase><testcase name="AssertNotEquals: Result identifier&apos;345&apos; does not have assigned the dilution factor &apos;10 Expected: 10, Got: " classname="test.integrationTc.core.dilution.manualDilution.ResultsFromICAInstrument" time="0"></testcase><testcase name="AssertEquals: Result value &apos;3&apos; has not been changed Expected: 30, Got: 3" classname="test.integrationTc.core.dilution.manualDilution.ResultsFromICAInstrument" time="0"><failure message="Result value &apos;3&apos; has not been changed Expected: 30, Got: 3" type="AssertEquals"></failure></testcase><testcase name="LogMessage: Global References: 194140" classname="test.integrationTc.core.dilution.manualDilution.ResultsFromICAInstrument" time="0"></testcase><testcase name="LogMessage: Commands executed: 1409550 (+/- 100)" classname="test.integrationTc.core.dilution.manualDilution.ResultsFromICAInstrument" time="0"></testcase><testcase name="LogMessage: Duration of execution: 1.468713 sec." classname="test.integrationTc.core.dilution.manualDilution.ResultsFromICAInstrument" time="0"></testcase></testsuite><testsuite name="test.integrationTc.core.dilution.manualDilution.ResultsFromICAInstrument.TestNotManualDilutionAssignedAndResultConversionConfigured" timestamp="2020-04-02T22:59:01.712Z" tests="5" failures="1" errors="0" time="0.845651"><properties><property name="InternalTcId" value="8D0FFFC5-727E-40B2-B19A-3378EFA91CF6"></property><property name="Author" value="riveradm"></property><property name="Approver" value="montanm9"></property><property name="Reviewer" value="rourabrp"></property><property name="ReviewDate" value="2019-09-27"></property><property name="Requirement" value="USP10548"></property><property name="Description" value="GIVEN an order with test T1, T2 and T3 created
					AND no manual dilution has been requested for T1
					AND a result modification configured
				WHEN a result is send from an ica instrument for T1 with timestamp TS1 and value R1
				THEN a manual dilution should not be applied
					AND result modification should be applied
						AND no comment should be added to the test T1"></property></properties><testcase name="AssertEquals: Result identifier&apos;347&apos; does not have applied any manual dilution factor  Expected: , Got: " classname="test.integrationTc.core.dilution.manualDilution.ResultsFromICAInstrument" time="0"></testcase><testcase name="AssertEquals: Result value &apos;1&apos; has not been changed Expected: HighGlucose, Got: 1" classname="test.integrationTc.core.dilution.manualDilution.ResultsFromICAInstrument" time="0"><failure message="Result value &apos;1&apos; has not been changed Expected: HighGlucose, Got: 1" type="AssertEquals"></failure></testcase><testcase name="AssertTrue: No comment found" classname="test.integrationTc.core.dilution.manualDilution.ResultsFromICAInstrument" time="0"></testcase><testcase name="LogMessage: Global References: 124423" classname="test.integrationTc.core.dilution.manualDilution.ResultsFromICAInstrument" time="0"></testcase><testcase name="LogMessage: Commands executed: 945829 (+/- 100)" classname="test.integrationTc.core.dilution.manualDilution.ResultsFromICAInstrument" time="0"></testcase><testcase name="LogMessage: Duration of execution: .845651 sec." classname="test.integrationTc.core.dilution.manualDilution.ResultsFromICAInstrument" time="0"></testcase></testsuite><testsuite name="test.integrationTc.core.dilution.manualDilution.ResultsFromICAInstrument.TestReSendingOfResultsFromICA" timestamp="2020-04-02T22:59:03.044Z" tests="3" failures="1" errors="0" time="1.332435"><properties><property name="InternalTcId" value="7ED6C1FF-94C6-4873-A3C5-76F3D8D5D756"></property><property name="Author" value="brugaroa"></property><property name="Approver" value="mellocae"></property><property name="Reviewer" value="mendezad"></property><property name="ReviewDate" value="2019-09-12"></property><property name="Requirement" value="USP10553"></property><property name="Description" value="GIVEN an order with test and manual results
					AND a manual dilution has been requested
					AND the test is given results from an ICA instrument
					WHEN the test is given a result from an ICA instrument with a later timestamp
					THEN the value from ICA is modified by the dilution factor"></property></properties><testcase name="AssertEquals: Order &apos;98&apos; Test &apos;103&apos; Value Expected: 100, Got: " classname="test.integrationTc.core.dilution.manualDilution.ResultsFromICAInstrument" time="0"><failure message="Order &apos;98&apos; Test &apos;103&apos; Value Expected: 100, Got: " type="AssertEquals"></failure></testcase><testcase name="LogMessage: Global References: 179821" classname="test.integrationTc.core.dilution.manualDilution.ResultsFromICAInstrument" time="0"></testcase><testcase name="LogMessage: Commands executed: 1371714 (+/- 100)" classname="test.integrationTc.core.dilution.manualDilution.ResultsFromICAInstrument" time="0"></testcase><testcase name="LogMessage: Duration of execution: 1.332435 sec." classname="test.integrationTc.core.dilution.manualDilution.ResultsFromICAInstrument" time="0"></testcase></testsuite><testsuite name="test.integrationTc.core.dilution.manualDilution.orderTraces.RuleEngineTraces.TestNotTraceManualDilutionWhenConditionIsFalse" timestamp="2020-04-02T22:59:05.308Z" tests="4" failures="0" errors="0" time="2.264811"><properties><property name="InternalTcId" value="6FEA7FDE-304E-45A6-89B6-607B9F36D9E9"></property><property name="Author" value="riveradm"></property><property name="Approver" value="mellocae"></property><property name="Reviewer" value="mendezad"></property><property name="ReviewDate" value="2019-10-21"></property><property name="Requirement" value="USP11728"></property><property name="Description" value="GIVEN a rule R1
					AND a condition &apos;Order priority = New priority&apos; related with R1
					AND an activation mode &apos;when adding test from OE&apos; related with R1
					AND an action &apos;Manual dilution&apos; for test T1 with dilution factor 6
					AND an order with priority Routine and a test T1 related
				WHEN test T2 is added to the order
				THEN a Manual dilution trace is not created"></property></properties><testcase name="AssertTrue: There is not any order trace related" classname="test.integrationTc.core.dilution.manualDilution.orderTraces.RuleEngineTraces" time="0"></testcase><testcase name="LogMessage: Global References: 578930" classname="test.integrationTc.core.dilution.manualDilution.orderTraces.RuleEngineTraces" time="0"></testcase><testcase name="LogMessage: Commands executed: 5775330 (+/- 100)" classname="test.integrationTc.core.dilution.manualDilution.orderTraces.RuleEngineTraces" time="0"></testcase><testcase name="LogMessage: Duration of execution: 2.264811 sec." classname="test.integrationTc.core.dilution.manualDilution.orderTraces.RuleEngineTraces" time="0"></testcase></testsuite><testsuite name="test.integrationTc.core.dilution.manualDilution.orderTraces.RuleEngineTraces.TestNotTraceManualDilutionWithNotEmptyResult" timestamp="2020-04-02T22:59:06.269Z" tests="4" failures="0" errors="0" time="0.96148"><properties><property name="InternalTcId" value="432B989A-D0DE-48C0-99B2-2CCF3CBD31D9"></property><property name="Author" value="riveradm"></property><property name="Approver" value="mellocae"></property><property name="Reviewer" value="mendezad"></property><property name="ReviewDate" value="2019-10-21"></property><property name="Requirement" value="USP11728"></property><property name="Description" value="GIVEN a rule R1
					AND a condition always true related with R1
					AND an activation mode &apos;when adding test from OE&apos; related with R1
					AND an action &apos;Manual dilution&apos; for test T1 with dilution factor 6
					AND an order with a test T1 with result related
				WHEN test T2 is added to the order
				THEN a Manual dilution trace is not created"></property></properties><testcase name="AssertTrue: There is not any order trace related" classname="test.integrationTc.core.dilution.manualDilution.orderTraces.RuleEngineTraces" time="0"></testcase><testcase name="LogMessage: Global References: 130902" classname="test.integrationTc.core.dilution.manualDilution.orderTraces.RuleEngineTraces" time="0"></testcase><testcase name="LogMessage: Commands executed: 2476163 (+/- 100)" classname="test.integrationTc.core.dilution.manualDilution.orderTraces.RuleEngineTraces" time="0"></testcase><testcase name="LogMessage: Duration of execution: .96148 sec." classname="test.integrationTc.core.dilution.manualDilution.orderTraces.RuleEngineTraces" time="0"></testcase></testsuite><testsuite name="test.integrationTc.core.dilution.manualDilution.orderTraces.RuleEngineTraces.TestNotTraceManualDilutionWithWrongTrigger" timestamp="2020-04-02T22:59:08.256Z" tests="4" failures="0" errors="0" time="1.987754"><properties><property name="InternalTcId" value="36B81E80-F8F6-4462-81A1-941F58813FBE"></property><property name="Author" value="mendezad"></property><property name="Approver" value="mellocae"></property><property name="Reviewer" value="riveradm"></property><property name="ReviewDate" value="2019-10-21"></property><property name="Requirement" value="USP11728"></property><property name="Description" value="GIVEN a rule R1
					AND a condition always true related with R1
					AND an activation mode &apos;when deleting test from OE&apos; related with R1
					AND an action &apos;Manual dilution&apos; for test T1 with dilution factor 6
					AND an order with tests T1 and T2 related
				WHEN test T2 is removed from the order and rule engine is launched
				THEN a Manual dilution trace is not created"></property></properties><testcase name="AssertTrue: There is not any order trace related" classname="test.integrationTc.core.dilution.manualDilution.orderTraces.RuleEngineTraces" time="0"></testcase><testcase name="LogMessage: Global References: 459023" classname="test.integrationTc.core.dilution.manualDilution.orderTraces.RuleEngineTraces" time="0"></testcase><testcase name="LogMessage: Commands executed: 5238821 (+/- 100)" classname="test.integrationTc.core.dilution.manualDilution.orderTraces.RuleEngineTraces" time="0"></testcase><testcase name="LogMessage: Duration of execution: 1.987754 sec." classname="test.integrationTc.core.dilution.manualDilution.orderTraces.RuleEngineTraces" time="0"></testcase></testsuite><testsuite name="test.integrationTc.core.dilution.manualDilution.orderTraces.RuleEngineTraces.TestTraceManualDilution" timestamp="2020-04-02T22:59:08.804Z" tests="4" failures="0" errors="0" time="0.548493"><properties><property name="InternalTcId" value="F4058A98-6DF7-4343-9CF3-0C47164328E3"></property><property name="Author" value="mendezad"></property><property name="Approver" value="mellocae"></property><property name="Reviewer" value="riveradm"></property><property name="ReviewDate" value="2019-10-21"></property><property name="Requirement" value="USP11728"></property><property name="Description" value="GIVEN a rule R1
					AND a condition always true related with R1
					AND an activation mode &apos;when adding test from OE&apos; related with R1
					AND an action &apos;Manual dilution&apos; for test T1 with dilution factor 6
					AND an order with a test T1 related
				WHEN test T2 is added to the order
				THEN rule engine is launched creating a Manual dilution trace"></property></properties><testcase name="AssertEquals: OrderTrace with fields Action:ADD,Detail:Manual dilution,SampleID:000011,Type:Test is found. Expected: 1, Got: 1" classname="test.integrationTc.core.dilution.manualDilution.orderTraces.RuleEngineTraces" time="0"></testcase><testcase name="LogMessage: Global References: 65972" classname="test.integrationTc.core.dilution.manualDilution.orderTraces.RuleEngineTraces" time="0"></testcase><testcase name="LogMessage: Commands executed: 629964 (+/- 100)" classname="test.integrationTc.core.dilution.manualDilution.orderTraces.RuleEngineTraces" time="0"></testcase><testcase name="LogMessage: Duration of execution: .548493 sec." classname="test.integrationTc.core.dilution.manualDilution.orderTraces.RuleEngineTraces" time="0"></testcase></testsuite></testsuites>