<?xml version="1.0" encoding="UTF-8"?>
<testsuites><testsuite name="test.integration.aon.filters.co.ExcludedCriteria.TestGetExclusionCriteriaFilterValueByID" timestamp="2020-04-02T21:03:41.027Z" tests="1" failures="1" errors="0" time="0.027113"><testcase name="AssertError: 10020 zCreateSession+10^test.integrationfwk.Utils.Generic.1 +1" classname="test.integration.aon.filters.co.ExcludedCriteria" time="0"><failure message="10020 zCreateSession+10^test.integrationfwk.Utils.Generic.1 +1" type="AssertError"></failure></testcase><testcase name="LogMessage: Duration of execution: .027113 sec." classname="test.integration.aon.filters.co.ExcludedCriteria" time="0"></testcase></testsuite><testsuite name="test.integration.core.result.config.co.AlarmTypes.TestGetAlarmTypeName" timestamp="2020-04-02T21:03:41.027Z" tests="4" failures="1" errors="0" time="0.000835"><testcase name="AssertEquals: The name is the translation of the label" classname="test.integration.core.result.config.co.AlarmTypes" time="0"><failure message="The name is the translation of the label" type="AssertEquals"></failure></testcase><testcase name="AssertEquals: The name is the user description" classname="test.integration.core.result.config.co.AlarmTypes" time="0"></testcase><testcase name="LogMessage: Global References: 59" classname="test.integration.core.result.config.co.AlarmTypes" time="0"></testcase><testcase name="LogMessage: Commands executed: 212 (+/- 100)" classname="test.integration.core.result.config.co.AlarmTypes" time="0"></testcase><testcase name="LogMessage: Duration of execution: .000835 sec." classname="test.integration.core.result.config.co.AlarmTypes" time="0"></testcase></testsuite><testsuite name="test.integration.co.conex.cconCSConfig.TestConvertToConversionsDataSet_Nominal" timestamp="2020-04-02T21:03:41.068Z" tests="10" failures="0" errors="0" time="0.041896"><testcase name="AssertEquals: ItemID retrieved as expected" classname="test.integration.co.conex.cconCSConfig" time="0"></testcase><testcase name="AssertEquals: Description retrieved as expected" classname="test.integration.co.conex.cconCSConfig" time="0"></testcase><testcase name="AssertEquals: ItemID retrieved as expected" classname="test.integration.co.conex.cconCSConfig" time="0"></testcase><testcase name="AssertEquals: Description retrieved as expected" classname="test.integration.co.conex.cconCSConfig" time="0"></testcase><testcase name="AssertEquals: ItemID retrieved as expected" classname="test.integration.co.conex.cconCSConfig" time="0"></testcase><testcase name="AssertEquals: Description retrieved as expected" classname="test.integration.co.conex.cconCSConfig" time="0"></testcase><testcase name="AssertEquals: The resultset has the expected number of rows" classname="test.integration.co.conex.cconCSConfig" time="0"></testcase><testcase name="LogMessage: Global References: 6077" classname="test.integration.co.conex.cconCSConfig" time="0"></testcase><testcase name="LogMessage: Commands executed: 95861 (+/- 100)" classname="test.integration.co.conex.cconCSConfig" time="0"></testcase><testcase name="LogMessage: Duration of execution: .041896 sec." classname="test.integration.co.conex.cconCSConfig" time="0"></testcase></testsuite><testsuite name="test.integration.co.conex.cconCSConfig.TestConvertToConversionsDataSet_RepeatedElements" timestamp="2020-04-02T21:03:41.069Z" tests="6" failures="0" errors="0" time="0.00111"><testcase name="AssertEquals: ItemID retrieved as expected" classname="test.integration.co.conex.cconCSConfig" time="0"></testcase><testcase name="AssertEquals: Description retrieved as expected" classname="test.integration.co.conex.cconCSConfig" time="0"></testcase><testcase name="AssertEquals: The resultset does not include repeated elements, as expected" classname="test.integration.co.conex.cconCSConfig" time="0"></testcase><testcase name="LogMessage: Global References: 38" classname="test.integration.co.conex.cconCSConfig" time="0"></testcase><testcase name="LogMessage: Commands executed: 2801 (+/- 100)" classname="test.integration.co.conex.cconCSConfig" time="0"></testcase><testcase name="LogMessage: Duration of execution: .00111 sec." classname="test.integration.co.conex.cconCSConfig" time="0"></testcase></testsuite><testsuite name="test.integration.co.conex.cconCSConfig.TestExistsDriverXML" timestamp="2020-04-02T21:03:41.098Z" tests="18" failures="0" errors="0" time="0.029406"><testcase name="AssertEquals: File not found." classname="test.integration.co.conex.cconCSConfig" time="0"></testcase><testcase name="AssertEquals: File is empty or has incorrect format" classname="test.integration.co.conex.cconCSConfig" time="0"></testcase><testcase name="AssertEquals: File is empty or has incorrect format" classname="test.integration.co.conex.cconCSConfig" time="0"></testcase><testcase name="AssertEquals: Expected (0) Driver does not exists. Received(0)" classname="test.integration.co.conex.cconCSConfig" time="0"></testcase><testcase name="AssertEquals: File Driver version (1.0.0.1) correctly read: 1.0.0.1" classname="test.integration.co.conex.cconCSConfig" time="0"></testcase><testcase name="AssertEquals: Previous driver version is empty." classname="test.integration.co.conex.cconCSConfig" time="0"></testcase><testcase name="AssertEquals: Expected (1) Driver exists but file is newer. Received(1)" classname="test.integration.co.conex.cconCSConfig" time="0"></testcase><testcase name="AssertEquals: File Driver version (1.0.0.1) correctly read: 1.0.0.1" classname="test.integration.co.conex.cconCSConfig" time="0"></testcase><testcase name="AssertEquals: Previous Driver version (1.0) correctly read: 1.0" classname="test.integration.co.conex.cconCSConfig" time="0"></testcase><testcase name="AssertEquals: Expected (2) Driver exists and file contains equal version." classname="test.integration.co.conex.cconCSConfig" time="0"></testcase><testcase name="AssertEquals: File Driver version (1.0.0.1) correctly read: 1.0.0.1" classname="test.integration.co.conex.cconCSConfig" time="0"></testcase><testcase name="AssertEquals: Previous Driver version (1.0.0.1) correctly read: 1.0.0.1" classname="test.integration.co.conex.cconCSConfig" time="0"></testcase><testcase name="AssertEquals: Expected (3) Driver exists but file contains older version. Received(3)" classname="test.integration.co.conex.cconCSConfig" time="0"></testcase><testcase name="AssertEquals: File Driver version (1.0.0.1) correctly read: 1.0.0.1" classname="test.integration.co.conex.cconCSConfig" time="0"></testcase><testcase name="AssertEquals: Previous Driver version (2.0.0.1) correctly read: 2.0.0.1" classname="test.integration.co.conex.cconCSConfig" time="0"></testcase><testcase name="LogMessage: Global References: 296" classname="test.integration.co.conex.cconCSConfig" time="0"></testcase><testcase name="LogMessage: Commands executed: 8936 (+/- 100)" classname="test.integration.co.conex.cconCSConfig" time="0"></testcase><testcase name="LogMessage: Duration of execution: .029406 sec." classname="test.integration.co.conex.cconCSConfig" time="0"></testcase></testsuite><testsuite name="test.integration.co.conex.cconCSConfig.TestGetDriverConversions" timestamp="2020-04-02T21:03:41.237Z" tests="3" failures="1" errors="0" time="0.139516"><testcase name="AssertTrue: 0 v@&lt;INVALID OREF&gt;zGetDriverConversions+10^co.conex.cconCSConfig.1&apos;ACB5^zGetDriverConversions+10^co.conex.cconCSConfig.1^1Je^zTestGetDriverConversions+7^test.integration.co.conex.cconCSConfig.1^1)d^zOnTestMethod+4^test.fwk.TestCase.1^1:d^zRunOneTestMethodSecure+3^test.fwk.AbstractManager.1^15d^zRunOneTestMethod+19^test.fwk.AbstractManager.1^13d^zRunOneTestCase+41^test.fwk.AbstractManager.1^1-d^zRunOneTestSuite+63^%UnitTest.Manager.1^12e^zRunTestSuites+67^test.fwk.AbstractManager.1^1+e^zRunTest+1^test.fwk.AbstractManager.1^1#e^zRunTest+2^test.fwk.Manager.1^1&apos;d^zExecuteTest+4^test.ci.Launcher.1^1-d^zExecuteGenericTC+13^test.ci.Launcher.1^11d^zExecuteTestTypeCases+13^test.ci.Launcher.1^1$d^zExecute+16^test.ci.Launcher.1^1d^zRun+2^test.ci.Launcher.1^1,d^zExecuteCITests+1^test.fwk.Interface.1^1*d^ztest+7^|&quot;%SYS&quot;|manifest.Installer.1^1d^^^1 [ERROR &lt;INVALID OREF&gt;zGetDriverConversions+10^co.conex.cconCSConfig.1]" classname="test.integration.co.conex.cconCSConfig" time="0"><failure message="0 v@&lt;INVALID OREF&gt;zGetDriverConversions+10^co.conex.cconCSConfig.1&apos;ACB5^zGetDriverConversions+10^co.conex.cconCSConfig.1^1Je^zTestGetDriverConversions+7^test.integration.co.conex.cconCSConfig.1^1)d^zOnTestMethod+4^test.fwk.TestCase.1^1:d^zRunOneTestMethodSecure+3^test.fwk.AbstractManager.1^15d^zRunOneTestMethod+19^test.fwk.AbstractManager.1^13d^zRunOneTestCase+41^test.fwk.AbstractManager.1^1-d^zRunOneTestSuite+63^%UnitTest.Manager.1^12e^zRunTestSuites+67^test.fwk.AbstractManager.1^1+e^zRunTest+1^test.fwk.AbstractManager.1^1#e^zRunTest+2^test.fwk.Manager.1^1&apos;d^zExecuteTest+4^test.ci.Launcher.1^1-d^zExecuteGenericTC+13^test.ci.Launcher.1^11d^zExecuteTestTypeCases+13^test.ci.Launcher.1^1$d^zExecute+16^test.ci.Launcher.1^1d^zRun+2^test.ci.Launcher.1^1,d^zExecuteCITests+1^test.fwk.Interface.1^1*d^ztest+7^|&quot;%SYS&quot;|manifest.Installer.1^1d^^^1 [ERROR &lt;INVALID OREF&gt;zGetDriverConversions+10^co.conex.cconCSConfig.1]" type="AssertTrue"></failure></testcase><testcase name="LogMessage: Global References: 46752" classname="test.integration.co.conex.cconCSConfig" time="0"></testcase><testcase name="LogMessage: Commands executed: 227091 (+/- 100)" classname="test.integration.co.conex.cconCSConfig" time="0"></testcase><testcase name="LogMessage: Duration of execution: .139516 sec." classname="test.integration.co.conex.cconCSConfig" time="0"></testcase></testsuite><testsuite name="test.integration.co.conex.cconCSConfig.TestGetXMLDriverFromCode" timestamp="2020-04-02T21:03:41.237Z" tests="4" failures="1" errors="0" time="0.00044"><testcase name="AssertTrue:  We found the required driver" classname="test.integration.co.conex.cconCSConfig" time="0"><failure message=" We found the required driver" type="AssertTrue"></failure></testcase><testcase name="AssertNotTrue:  We don&apos;t found an unexisting driver" classname="test.integration.co.conex.cconCSConfig" time="0"></testcase><testcase name="LogMessage: Global References: 6" classname="test.integration.co.conex.cconCSConfig" time="0"></testcase><testcase name="LogMessage: Commands executed: 561 (+/- 100)" classname="test.integration.co.conex.cconCSConfig" time="0"></testcase><testcase name="LogMessage: Duration of execution: .00044 sec." classname="test.integration.co.conex.cconCSConfig" time="0"></testcase></testsuite><testsuite name="test.integration.co.conex.cconCSConfig.TestLoadDriverXML" timestamp="2020-04-02T21:03:41.492Z" tests="13" failures="0" errors="0" time="0.255764"><testcase name="AssertEquals: File not found. [ERROR 10049@@File not found]" classname="test.integration.co.conex.cconCSConfig" time="0"></testcase><testcase name="LogMessage: Text stored: &lt;?xml version=&apos;1.0&apos; encoding=&apos;UTF-8&apos; standalone=&apos;no&apos;?&gt;&lt;Features Description=&apos;Descriptyion driver 1&apos; ID=&apos;DriverXX1&apos; Kind=&apos;AN&apos; Version=&apos;1.0.0.1&apos;&gt;  &lt;Feature ID=&apos;UNIQUE_RESULT_ID&apos;/&gt;&lt;/Features&gt;" classname="test.integration.co.conex.cconCSConfig" time="0"></testcase><testcase name="LogMessage: Text from file: &lt;?xml version=&apos;1.0&apos; encoding=&apos;UTF-8&apos; standalone=&apos;no&apos;?&gt;&lt;Features Description=&apos;Descriptyion driver 1&apos; ID=&apos;DriverXX1&apos; Kind=&apos;AN&apos; Version=&apos;1.0.0.1&apos;&gt;  &lt;Feature ID=&apos;UNIQUE_RESULT_ID&apos;/&gt;&lt;/Features&gt;" classname="test.integration.co.conex.cconCSConfig" time="0"></testcase><testcase name="AssertEquals: XML Driver file correctly saved." classname="test.integration.co.conex.cconCSConfig" time="0"></testcase><testcase name="LogMessage: Text stored: &lt;?xml version=&apos;1.0&apos; encoding=&apos;UTF-8&apos; standalone=&apos;no&apos;?&gt;&lt;Features Description=&apos;Descriptyion driver 2&apos; ID=&apos;DriverXX1&apos; Kind=&apos;AN&apos; Version=&apos;1.0.0.2&apos;&gt;  &lt;Feature ID=&apos;UNIQUE_RESULT_ID&apos;/&gt;&lt;/Features&gt;" classname="test.integration.co.conex.cconCSConfig" time="0"></testcase><testcase name="LogMessage: Text from file: &lt;?xml version=&apos;1.0&apos; encoding=&apos;UTF-8&apos; standalone=&apos;no&apos;?&gt;&lt;Features Description=&apos;Descriptyion driver 2&apos; ID=&apos;DriverXX1&apos; Kind=&apos;AN&apos; Version=&apos;1.0.0.2&apos;&gt;  &lt;Feature ID=&apos;UNIQUE_RESULT_ID&apos;/&gt;&lt;/Features&gt;" classname="test.integration.co.conex.cconCSConfig" time="0"></testcase><testcase name="AssertEquals: XML Driver file correctly updated." classname="test.integration.co.conex.cconCSConfig" time="0"></testcase><testcase name="LogMessage: Decoded text: DRV FILE TO TEST THE CONTENTS ENCODED IN BASE 64" classname="test.integration.co.conex.cconCSConfig" time="0"></testcase><testcase name="LogMessage: Text to compare: DRV FILE TO TEST THE CONTENTS ENCODED IN BASE 64" classname="test.integration.co.conex.cconCSConfig" time="0"></testcase><testcase name="AssertEquals: DRV file correctly saved" classname="test.integration.co.conex.cconCSConfig" time="0"></testcase><testcase name="LogMessage: Global References: 90653" classname="test.integration.co.conex.cconCSConfig" time="0"></testcase><testcase name="LogMessage: Commands executed: 436195 (+/- 100)" classname="test.integration.co.conex.cconCSConfig" time="0"></testcase><testcase name="LogMessage: Duration of execution: .255764 sec." classname="test.integration.co.conex.cconCSConfig" time="0"></testcase></testsuite><testsuite name="test.integration.co.conex.cconCSConfig.TestLoadXMLFile" timestamp="2020-04-02T21:03:41.504Z" tests="5" failures="0" errors="0" time="0.012594"><testcase name="AssertEquals: File not found. [ERROR 10049@@File not found]" classname="test.integration.co.conex.cconCSConfig" time="0"></testcase><testcase name="AssertEquals: File not found. [ERROR 10049@@File not found]" classname="test.integration.co.conex.cconCSConfig" time="0"></testcase><testcase name="LogMessage: Global References: 84" classname="test.integration.co.conex.cconCSConfig" time="0"></testcase><testcase name="LogMessage: Commands executed: 2107 (+/- 100)" classname="test.integration.co.conex.cconCSConfig" time="0"></testcase><testcase name="LogMessage: Duration of execution: .012594 sec." classname="test.integration.co.conex.cconCSConfig" time="0"></testcase></testsuite><testsuite name="test.integration.co.conex.cconCSConfig.TestPreserveExistingCSCfg" timestamp="2020-04-02T21:03:41.512Z" tests="22" failures="0" errors="0" time="0.008886"><testcase name="AssertEquals: CSConfig.ID = OldInstrument preserved." classname="test.integration.co.conex.cconCSConfig" time="0"></testcase><testcase name="AssertNotEquals: CSConfig.BuildVersion = NewVersion not preserved." classname="test.integration.co.conex.cconCSConfig" time="0"></testcase><testcase name="AssertEquals: CSConfig.WebService = OldWS preserved." classname="test.integration.co.conex.cconCSConfig" time="0"></testcase><testcase name="AssertEquals: CSConfig.ConnectionType = 3 preserved." classname="test.integration.co.conex.cconCSConfig" time="0"></testcase><testcase name="AssertEquals: CSConfig.SerialPort.Parity = OldParity preserved." classname="test.integration.co.conex.cconCSConfig" time="0"></testcase><testcase name="AssertNotEquals: CSConfig.TCPClient.Host =  not preserved." classname="test.integration.co.conex.cconCSConfig" time="0"></testcase><testcase name="AssertNotEquals: CSConfig.TCPServer.Port =  not preserved." classname="test.integration.co.conex.cconCSConfig" time="0"></testcase><testcase name="AssertEquals: CSConfig.OptionList remains empty." classname="test.integration.co.conex.cconCSConfig" time="0"></testcase><testcase name="AssertEquals: CSConfig.DemographicList remains empty." classname="test.integration.co.conex.cconCSConfig" time="0"></testcase><testcase name="AssertEquals: CSConfig.OptionList now has 3 elements." classname="test.integration.co.conex.cconCSConfig" time="0"></testcase><testcase name="AssertEquals: Option OPT1 preserves its existing value VALOPT1." classname="test.integration.co.conex.cconCSConfig" time="0"></testcase><testcase name="AssertEquals: Option OPT3 holds its new value VALNEWOPT3." classname="test.integration.co.conex.cconCSConfig" time="0"></testcase><testcase name="AssertEquals: CSConfig.DemographicList now has 3 elements." classname="test.integration.co.conex.cconCSConfig" time="0"></testcase><testcase name="AssertEquals: Demographic DEMO1 preserves its existing value VALDEMO1." classname="test.integration.co.conex.cconCSConfig" time="0"></testcase><testcase name="AssertEquals: Demographic DEMO3 holds its new value VALNEWDEMO3." classname="test.integration.co.conex.cconCSConfig" time="0"></testcase><testcase name="AssertEquals: CSConfig.OptionList now has 1 element." classname="test.integration.co.conex.cconCSConfig" time="0"></testcase><testcase name="AssertEquals: Option OPT1 gets the new value VALNEWOPT1." classname="test.integration.co.conex.cconCSConfig" time="0"></testcase><testcase name="AssertEquals: CSConfig.DemographicList has 1 element." classname="test.integration.co.conex.cconCSConfig" time="0"></testcase><testcase name="AssertEquals: Demographic DEMO1 gets the new value VALNEWDEMO1." classname="test.integration.co.conex.cconCSConfig" time="0"></testcase><testcase name="LogMessage: Global References: 1179" classname="test.integration.co.conex.cconCSConfig" time="0"></testcase><testcase name="LogMessage: Commands executed: 9356 (+/- 100)" classname="test.integration.co.conex.cconCSConfig" time="0"></testcase><testcase name="LogMessage: Duration of execution: .008886 sec." classname="test.integration.co.conex.cconCSConfig" time="0"></testcase></testsuite><testsuite name="test.integration.co.conex.cconCSConfig.TestProcessZip" timestamp="2020-04-02T21:03:41.512Z" tests="1" failures="1" errors="0" time="0"><testcase name="AssertTrue: 0 ¨10020:zCreateSession+10^test.integrationfwk.Utils.Generic.1 +1ACBQ+e^zRaise+11^test.fwk.ExceptionHandler.1^1;e^zCreateSession+10^test.integrationfwk.Utils.Generic.1^1Hd^zOnBeforeTestProcessZip+1^test.integration.co.conex.cconCSConfig.1^18e^zOnBeforeOneTest+23^test.integrationfwk.TestCase.1^10e^zRunOneBefore+2^test.fwk.AbstractManager.1^15e^zRunOneTestMethod+10^test.fwk.AbstractManager.1^13d^zRunOneTestCase+41^test.fwk.AbstractManager.1^1-d^zRunOneTestSuite+63^%UnitTest.Manager.1^12e^zRunTestSuites+67^test.fwk.AbstractManager.1^1+e^zRunTest+1^test.fwk.AbstractManager.1^1#e^zRunTest+2^test.fwk.Manager.1^1&apos;d^zExecuteTest+4^test.ci.Launcher.1^1-d^zExecuteGenericTC+13^test.ci.Launcher.1^11d^zExecuteTestTypeCases+13^test.ci.Launcher.1^1$d^zExecute+16^test.ci.Launcher.1^1d^zRun+2^test.ci.Launcher.1^1,d^zExecuteCITests+1^test.fwk.Interface.1^1*d^ztest+7^|&quot;%SYS&quot;|manifest.Installer.1^1d^^^1 [ERROR 10020]" classname="test.integration.co.conex.cconCSConfig" time="0"><failure message="0 ¨10020:zCreateSession+10^test.integrationfwk.Utils.Generic.1 +1ACBQ+e^zRaise+11^test.fwk.ExceptionHandler.1^1;e^zCreateSession+10^test.integrationfwk.Utils.Generic.1^1Hd^zOnBeforeTestProcessZip+1^test.integration.co.conex.cconCSConfig.1^18e^zOnBeforeOneTest+23^test.integrationfwk.TestCase.1^10e^zRunOneBefore+2^test.fwk.AbstractManager.1^15e^zRunOneTestMethod+10^test.fwk.AbstractManager.1^13d^zRunOneTestCase+41^test.fwk.AbstractManager.1^1-d^zRunOneTestSuite+63^%UnitTest.Manager.1^12e^zRunTestSuites+67^test.fwk.AbstractManager.1^1+e^zRunTest+1^test.fwk.AbstractManager.1^1#e^zRunTest+2^test.fwk.Manager.1^1&apos;d^zExecuteTest+4^test.ci.Launcher.1^1-d^zExecuteGenericTC+13^test.ci.Launcher.1^11d^zExecuteTestTypeCases+13^test.ci.Launcher.1^1$d^zExecute+16^test.ci.Launcher.1^1d^zRun+2^test.ci.Launcher.1^1,d^zExecuteCITests+1^test.fwk.Interface.1^1*d^ztest+7^|&quot;%SYS&quot;|manifest.Installer.1^1d^^^1 [ERROR 10020]" type="AssertTrue"></failure></testcase><testcase name="LogMessage: Duration of execution: 0 sec." classname="test.integration.co.conex.cconCSConfig" time="0"></testcase></testsuite><testsuite name="test.integration.co.conex.cconCSConfig.TestTestDefaultValues" timestamp="2020-04-02T21:03:41.537Z" tests="3" failures="1" errors="0" time="0.025331"><testcase name="AssertTrue: 0 ¢10020:zCreateSession+10^test.integrationfwk.Utils.Generic.1 +1ACBK+e^zRaise+11^test.fwk.ExceptionHandler.1^1;e^zCreateSession+10^test.integrationfwk.Utils.Generic.1^1Gd^zTestTestDefaultValues+6^test.integration.co.conex.cconCSConfig.1^1)d^zOnTestMethod+4^test.fwk.TestCase.1^1:d^zRunOneTestMethodSecure+3^test.fwk.AbstractManager.1^15d^zRunOneTestMethod+19^test.fwk.AbstractManager.1^13d^zRunOneTestCase+41^test.fwk.AbstractManager.1^1-d^zRunOneTestSuite+63^%UnitTest.Manager.1^12e^zRunTestSuites+67^test.fwk.AbstractManager.1^1+e^zRunTest+1^test.fwk.AbstractManager.1^1#e^zRunTest+2^test.fwk.Manager.1^1&apos;d^zExecuteTest+4^test.ci.Launcher.1^1-d^zExecuteGenericTC+13^test.ci.Launcher.1^11d^zExecuteTestTypeCases+13^test.ci.Launcher.1^1$d^zExecute+16^test.ci.Launcher.1^1d^zRun+2^test.ci.Launcher.1^1,d^zExecuteCITests+1^test.fwk.Interface.1^1*d^ztest+7^|&quot;%SYS&quot;|manifest.Installer.1^1d^^^1 [ERROR 10020]" classname="test.integration.co.conex.cconCSConfig" time="0"><failure message="0 ¢10020:zCreateSession+10^test.integrationfwk.Utils.Generic.1 +1ACBK+e^zRaise+11^test.fwk.ExceptionHandler.1^1;e^zCreateSession+10^test.integrationfwk.Utils.Generic.1^1Gd^zTestTestDefaultValues+6^test.integration.co.conex.cconCSConfig.1^1)d^zOnTestMethod+4^test.fwk.TestCase.1^1:d^zRunOneTestMethodSecure+3^test.fwk.AbstractManager.1^15d^zRunOneTestMethod+19^test.fwk.AbstractManager.1^13d^zRunOneTestCase+41^test.fwk.AbstractManager.1^1-d^zRunOneTestSuite+63^%UnitTest.Manager.1^12e^zRunTestSuites+67^test.fwk.AbstractManager.1^1+e^zRunTest+1^test.fwk.AbstractManager.1^1#e^zRunTest+2^test.fwk.Manager.1^1&apos;d^zExecuteTest+4^test.ci.Launcher.1^1-d^zExecuteGenericTC+13^test.ci.Launcher.1^11d^zExecuteTestTypeCases+13^test.ci.Launcher.1^1$d^zExecute+16^test.ci.Launcher.1^1d^zRun+2^test.ci.Launcher.1^1,d^zExecuteCITests+1^test.fwk.Interface.1^1*d^ztest+7^|&quot;%SYS&quot;|manifest.Installer.1^1d^^^1 [ERROR 10020]" type="AssertTrue"></failure></testcase><testcase name="LogMessage: Global References: 811" classname="test.integration.co.conex.cconCSConfig" time="0"></testcase><testcase name="LogMessage: Commands executed: 17185 (+/- 100)" classname="test.integration.co.conex.cconCSConfig" time="0"></testcase><testcase name="LogMessage: Duration of execution: .025331 sec." classname="test.integration.co.conex.cconCSConfig" time="0"></testcase></testsuite><testsuite name="test.integration.co.conex.cconCSConfig.TestUpdateAutoDilutions" timestamp="2020-04-02T21:03:41.537Z" tests="1" failures="1" errors="0" time="0"><testcase name="AssertTrue: 0 g[&lt;INVALID OREF&gt;zOnBeforeTestUpdateAutoDilution+20^test.integration.co.conex.cconCSConfig.1ýACBóP^zOnBeforeTestUpdateAutoDilution+20^test.integration.co.conex.cconCSConfig.1^18e^zOnBeforeOneTest+23^test.integrationfwk.TestCase.1^10e^zRunOneBefore+2^test.fwk.AbstractManager.1^15e^zRunOneTestMethod+10^test.fwk.AbstractManager.1^13d^zRunOneTestCase+41^test.fwk.AbstractManager.1^1-d^zRunOneTestSuite+63^%UnitTest.Manager.1^12e^zRunTestSuites+67^test.fwk.AbstractManager.1^1+e^zRunTest+1^test.fwk.AbstractManager.1^1#e^zRunTest+2^test.fwk.Manager.1^1&apos;d^zExecuteTest+4^test.ci.Launcher.1^1-d^zExecuteGenericTC+13^test.ci.Launcher.1^11d^zExecuteTestTypeCases+13^test.ci.Launcher.1^1$d^zExecute+16^test.ci.Launcher.1^1d^zRun+2^test.ci.Launcher.1^1,d^zExecuteCITests+1^test.fwk.Interface.1^1*d^ztest+7^|&quot;%SYS&quot;|manifest.Installer.1^1d^^^1 [ERROR &lt;INVALID OREF&gt;zOnBeforeTestUpdateAutoDilution+20^test.integration.co.conex.cconCSConfig.1]" classname="test.integration.co.conex.cconCSConfig" time="0"><failure message="0 g[&lt;INVALID OREF&gt;zOnBeforeTestUpdateAutoDilution+20^test.integration.co.conex.cconCSConfig.1ýACBóP^zOnBeforeTestUpdateAutoDilution+20^test.integration.co.conex.cconCSConfig.1^18e^zOnBeforeOneTest+23^test.integrationfwk.TestCase.1^10e^zRunOneBefore+2^test.fwk.AbstractManager.1^15e^zRunOneTestMethod+10^test.fwk.AbstractManager.1^13d^zRunOneTestCase+41^test.fwk.AbstractManager.1^1-d^zRunOneTestSuite+63^%UnitTest.Manager.1^12e^zRunTestSuites+67^test.fwk.AbstractManager.1^1+e^zRunTest+1^test.fwk.AbstractManager.1^1#e^zRunTest+2^test.fwk.Manager.1^1&apos;d^zExecuteTest+4^test.ci.Launcher.1^1-d^zExecuteGenericTC+13^test.ci.Launcher.1^11d^zExecuteTestTypeCases+13^test.ci.Launcher.1^1$d^zExecute+16^test.ci.Launcher.1^1d^zRun+2^test.ci.Launcher.1^1,d^zExecuteCITests+1^test.fwk.Interface.1^1*d^ztest+7^|&quot;%SYS&quot;|manifest.Installer.1^1d^^^1 [ERROR &lt;INVALID OREF&gt;zOnBeforeTestUpdateAutoDilution+20^test.integration.co.conex.cconCSConfig.1]" type="AssertTrue"></failure></testcase><testcase name="LogMessage: Duration of execution: 0 sec." classname="test.integration.co.conex.cconCSConfig" time="0"></testcase></testsuite><testsuite name="test.integration.co.conex.cconInstrumentDefinition.GetCodeDrivers" timestamp="2020-04-02T21:03:41.537Z" tests="1" failures="1" errors="0" time="0"><testcase name="AssertTrue: 0 ´10020 :zCreateSession+10^test.integrationfwk.Utils.Generic.1 +1ACB]+e^zRaise+11^test.fwk.ExceptionHandler.1^1;e^zCreateSession+10^test.integrationfwk.Utils.Generic.1^1Td^zOnBeforeGetCodeDrivers+1^test.integration.co.conex.cconInstrumentDefinition.1^18e^zOnBeforeOneTest+23^test.integrationfwk.TestCase.1^10e^zRunOneBefore+2^test.fwk.AbstractManager.1^15e^zRunOneTestMethod+10^test.fwk.AbstractManager.1^13d^zRunOneTestCase+41^test.fwk.AbstractManager.1^1-d^zRunOneTestSuite+63^%UnitTest.Manager.1^12e^zRunTestSuites+67^test.fwk.AbstractManager.1^1+e^zRunTest+1^test.fwk.AbstractManager.1^1#e^zRunTest+2^test.fwk.Manager.1^1&apos;d^zExecuteTest+4^test.ci.Launcher.1^1-d^zExecuteGenericTC+13^test.ci.Launcher.1^11d^zExecuteTestTypeCases+13^test.ci.Launcher.1^1$d^zExecute+16^test.ci.Launcher.1^1d^zRun+2^test.ci.Launcher.1^1,d^zExecuteCITests+1^test.fwk.Interface.1^1*d^ztest+7^|&quot;%SYS&quot;|manifest.Installer.1^1d^^^1 [ERROR 10020]" classname="test.integration.co.conex.cconInstrumentDefinition" time="0"><failure message="0 ´10020 :zCreateSession+10^test.integrationfwk.Utils.Generic.1 +1ACB]+e^zRaise+11^test.fwk.ExceptionHandler.1^1;e^zCreateSession+10^test.integrationfwk.Utils.Generic.1^1Td^zOnBeforeGetCodeDrivers+1^test.integration.co.conex.cconInstrumentDefinition.1^18e^zOnBeforeOneTest+23^test.integrationfwk.TestCase.1^10e^zRunOneBefore+2^test.fwk.AbstractManager.1^15e^zRunOneTestMethod+10^test.fwk.AbstractManager.1^13d^zRunOneTestCase+41^test.fwk.AbstractManager.1^1-d^zRunOneTestSuite+63^%UnitTest.Manager.1^12e^zRunTestSuites+67^test.fwk.AbstractManager.1^1+e^zRunTest+1^test.fwk.AbstractManager.1^1#e^zRunTest+2^test.fwk.Manager.1^1&apos;d^zExecuteTest+4^test.ci.Launcher.1^1-d^zExecuteGenericTC+13^test.ci.Launcher.1^11d^zExecuteTestTypeCases+13^test.ci.Launcher.1^1$d^zExecute+16^test.ci.Launcher.1^1d^zRun+2^test.ci.Launcher.1^1,d^zExecuteCITests+1^test.fwk.Interface.1^1*d^ztest+7^|&quot;%SYS&quot;|manifest.Installer.1^1d^^^1 [ERROR 10020]" type="AssertTrue"></failure></testcase><testcase name="LogMessage: Duration of execution: 0 sec." classname="test.integration.co.conex.cconInstrumentDefinition" time="0"></testcase></testsuite><testsuite name="test.integration.co.conex.cconInstrumentDefinition.GetConnectionState" timestamp="2020-04-02T21:03:41.537Z" tests="1" failures="1" errors="0" time="0"><testcase name="AssertTrue: 0 ?N&lt;UNDEFINED&gt;zCreateFromStatus+8^%Exception.StatusException.1 *tInfo(1,&quot;code&quot;)âACBØ5^zCreateFromStatus+8^%Exception.StatusException.1^18e^zOnBeforeOneTest+24^test.integrationfwk.TestCase.1^20e^zRunOneBefore+2^test.fwk.AbstractManager.1^15e^zRunOneTestMethod+10^test.fwk.AbstractManager.1^13d^zRunOneTestCase+41^test.fwk.AbstractManager.1^1-d^zRunOneTestSuite+63^%UnitTest.Manager.1^12e^zRunTestSuites+67^test.fwk.AbstractManager.1^1+e^zRunTest+1^test.fwk.AbstractManager.1^1#e^zRunTest+2^test.fwk.Manager.1^1&apos;d^zExecuteTest+4^test.ci.Launcher.1^1-d^zExecuteGenericTC+13^test.ci.Launcher.1^11d^zExecuteTestTypeCases+13^test.ci.Launcher.1^1$d^zExecute+16^test.ci.Launcher.1^1d^zRun+2^test.ci.Launcher.1^1,d^zExecuteCITests+1^test.fwk.Interface.1^1*d^ztest+7^|&quot;%SYS&quot;|manifest.Installer.1^1d^^^1 [ERROR &lt;UNDEFINED&gt;zCreateFromStatus+8^%Exception.StatusException.1 *tInfo(1,&quot;code&quot;)]" classname="test.integration.co.conex.cconInstrumentDefinition" time="0"><failure message="0 ?N&lt;UNDEFINED&gt;zCreateFromStatus+8^%Exception.StatusException.1 *tInfo(1,&quot;code&quot;)âACBØ5^zCreateFromStatus+8^%Exception.StatusException.1^18e^zOnBeforeOneTest+24^test.integrationfwk.TestCase.1^20e^zRunOneBefore+2^test.fwk.AbstractManager.1^15e^zRunOneTestMethod+10^test.fwk.AbstractManager.1^13d^zRunOneTestCase+41^test.fwk.AbstractManager.1^1-d^zRunOneTestSuite+63^%UnitTest.Manager.1^12e^zRunTestSuites+67^test.fwk.AbstractManager.1^1+e^zRunTest+1^test.fwk.AbstractManager.1^1#e^zRunTest+2^test.fwk.Manager.1^1&apos;d^zExecuteTest+4^test.ci.Launcher.1^1-d^zExecuteGenericTC+13^test.ci.Launcher.1^11d^zExecuteTestTypeCases+13^test.ci.Launcher.1^1$d^zExecute+16^test.ci.Launcher.1^1d^zRun+2^test.ci.Launcher.1^1,d^zExecuteCITests+1^test.fwk.Interface.1^1*d^ztest+7^|&quot;%SYS&quot;|manifest.Installer.1^1d^^^1 [ERROR &lt;UNDEFINED&gt;zCreateFromStatus+8^%Exception.StatusException.1 *tInfo(1,&quot;code&quot;)]" type="AssertTrue"></failure></testcase><testcase name="LogMessage: Duration of execution: 0 sec." classname="test.integration.co.conex.cconInstrumentDefinition" time="0"></testcase></testsuite><testsuite name="test.integration.co.conex.cconInstrumentDefinition.GetGeneralInstrumentsForATest" timestamp="2020-04-02T21:03:41.537Z" tests="1" failures="1" errors="0" time="0"><testcase name="AssertTrue: 0 ¼10020¨:zCreateSession+10^test.integrationfwk.Utils.Generic.1 +1ACBe+e^zRaise+11^test.fwk.ExceptionHandler.1^1;e^zCreateSession+10^test.integrationfwk.Utils.Generic.1^1\d^zOnBeforeGetGeneralInstrumentsF+1^test.integration.co.conex.cconInstrumentDefinition.1^18e^zOnBeforeOneTest+23^test.integrationfwk.TestCase.1^10e^zRunOneBefore+2^test.fwk.AbstractManager.1^15e^zRunOneTestMethod+10^test.fwk.AbstractManager.1^13d^zRunOneTestCase+41^test.fwk.AbstractManager.1^1-d^zRunOneTestSuite+63^%UnitTest.Manager.1^12e^zRunTestSuites+67^test.fwk.AbstractManager.1^1+e^zRunTest+1^test.fwk.AbstractManager.1^1#e^zRunTest+2^test.fwk.Manager.1^1&apos;d^zExecuteTest+4^test.ci.Launcher.1^1-d^zExecuteGenericTC+13^test.ci.Launcher.1^11d^zExecuteTestTypeCases+13^test.ci.Launcher.1^1$d^zExecute+16^test.ci.Launcher.1^1d^zRun+2^test.ci.Launcher.1^1,d^zExecuteCITests+1^test.fwk.Interface.1^1*d^ztest+7^|&quot;%SYS&quot;|manifest.Installer.1^1d^^^1 [ERROR 10020]" classname="test.integration.co.conex.cconInstrumentDefinition" time="0"><failure message="0 ¼10020¨:zCreateSession+10^test.integrationfwk.Utils.Generic.1 +1ACBe+e^zRaise+11^test.fwk.ExceptionHandler.1^1;e^zCreateSession+10^test.integrationfwk.Utils.Generic.1^1\d^zOnBeforeGetGeneralInstrumentsF+1^test.integration.co.conex.cconInstrumentDefinition.1^18e^zOnBeforeOneTest+23^test.integrationfwk.TestCase.1^10e^zRunOneBefore+2^test.fwk.AbstractManager.1^15e^zRunOneTestMethod+10^test.fwk.AbstractManager.1^13d^zRunOneTestCase+41^test.fwk.AbstractManager.1^1-d^zRunOneTestSuite+63^%UnitTest.Manager.1^12e^zRunTestSuites+67^test.fwk.AbstractManager.1^1+e^zRunTest+1^test.fwk.AbstractManager.1^1#e^zRunTest+2^test.fwk.Manager.1^1&apos;d^zExecuteTest+4^test.ci.Launcher.1^1-d^zExecuteGenericTC+13^test.ci.Launcher.1^11d^zExecuteTestTypeCases+13^test.ci.Launcher.1^1$d^zExecute+16^test.ci.Launcher.1^1d^zRun+2^test.ci.Launcher.1^1,d^zExecuteCITests+1^test.fwk.Interface.1^1*d^ztest+7^|&quot;%SYS&quot;|manifest.Installer.1^1d^^^1 [ERROR 10020]" type="AssertTrue"></failure></testcase><testcase name="LogMessage: Duration of execution: 0 sec." classname="test.integration.co.conex.cconInstrumentDefinition" time="0"></testcase></testsuite><testsuite name="test.integration.co.conex.cconInstrumentDefinition.TestAdd_NOK" timestamp="2020-04-02T21:03:41.537Z" tests="1" failures="1" errors="0" time="0"><testcase name="AssertTrue: 0 Áe&lt;UNDEFINED&gt;zOnBeforeAllTestAdd+15^test.integration.co.conex.cconInstrumentDefinition.1 ^WCONEX(164)MACBCP^zOnBeforeAllTestAdd+15^test.integration.co.conex.cconInstrumentDefinition.1^1Pd^zOnBeforeTestAddNOK+4^test.integration.co.conex.cconInstrumentDefinition.1^18e^zOnBeforeOneTest+23^test.integrationfwk.TestCase.1^10e^zRunOneBefore+2^test.fwk.AbstractManager.1^15e^zRunOneTestMethod+10^test.fwk.AbstractManager.1^13d^zRunOneTestCase+41^test.fwk.AbstractManager.1^1-d^zRunOneTestSuite+63^%UnitTest.Manager.1^12e^zRunTestSuites+67^test.fwk.AbstractManager.1^1+e^zRunTest+1^test.fwk.AbstractManager.1^1#e^zRunTest+2^test.fwk.Manager.1^1&apos;d^zExecuteTest+4^test.ci.Launcher.1^1-d^zExecuteGenericTC+13^test.ci.Launcher.1^11d^zExecuteTestTypeCases+13^test.ci.Launcher.1^1$d^zExecute+16^test.ci.Launcher.1^1d^zRun+2^test.ci.Launcher.1^1,d^zExecuteCITests+1^test.fwk.Interface.1^1*d^ztest+7^|&quot;%SYS&quot;|manifest.Installer.1^1d^^^1 [ERROR &lt;UNDEFINED&gt;zOnBeforeAllTestAdd+15^test.integration.co.conex.cconInstrumentDefinition.1 ^WCONEX(164)]" classname="test.integration.co.conex.cconInstrumentDefinition" time="0"><failure message="0 Áe&lt;UNDEFINED&gt;zOnBeforeAllTestAdd+15^test.integration.co.conex.cconInstrumentDefinition.1 ^WCONEX(164)MACBCP^zOnBeforeAllTestAdd+15^test.integration.co.conex.cconInstrumentDefinition.1^1Pd^zOnBeforeTestAddNOK+4^test.integration.co.conex.cconInstrumentDefinition.1^18e^zOnBeforeOneTest+23^test.integrationfwk.TestCase.1^10e^zRunOneBefore+2^test.fwk.AbstractManager.1^15e^zRunOneTestMethod+10^test.fwk.AbstractManager.1^13d^zRunOneTestCase+41^test.fwk.AbstractManager.1^1-d^zRunOneTestSuite+63^%UnitTest.Manager.1^12e^zRunTestSuites+67^test.fwk.AbstractManager.1^1+e^zRunTest+1^test.fwk.AbstractManager.1^1#e^zRunTest+2^test.fwk.Manager.1^1&apos;d^zExecuteTest+4^test.ci.Launcher.1^1-d^zExecuteGenericTC+13^test.ci.Launcher.1^11d^zExecuteTestTypeCases+13^test.ci.Launcher.1^1$d^zExecute+16^test.ci.Launcher.1^1d^zRun+2^test.ci.Launcher.1^1,d^zExecuteCITests+1^test.fwk.Interface.1^1*d^ztest+7^|&quot;%SYS&quot;|manifest.Installer.1^1d^^^1 [ERROR &lt;UNDEFINED&gt;zOnBeforeAllTestAdd+15^test.integration.co.conex.cconInstrumentDefinition.1 ^WCONEX(164)]" type="AssertTrue"></failure></testcase><testcase name="LogMessage: Duration of execution: 0 sec." classname="test.integration.co.conex.cconInstrumentDefinition" time="0"></testcase></testsuite><testsuite name="test.integration.co.conex.cconInstrumentDefinition.TestAdd_OK" timestamp="2020-04-02T21:03:41.537Z" tests="1" failures="1" errors="0" time="0"><testcase name="AssertTrue: 0 ¯10020:zCreateSession+10^test.integrationfwk.Utils.Generic.1 +1ACBX+e^zRaise+11^test.fwk.ExceptionHandler.1^1;e^zCreateSession+10^test.integrationfwk.Utils.Generic.1^1Od^zOnBeforeTestAddOK+5^test.integration.co.conex.cconInstrumentDefinition.1^18e^zOnBeforeOneTest+23^test.integrationfwk.TestCase.1^10e^zRunOneBefore+2^test.fwk.AbstractManager.1^15e^zRunOneTestMethod+10^test.fwk.AbstractManager.1^13d^zRunOneTestCase+41^test.fwk.AbstractManager.1^1-d^zRunOneTestSuite+63^%UnitTest.Manager.1^12e^zRunTestSuites+67^test.fwk.AbstractManager.1^1+e^zRunTest+1^test.fwk.AbstractManager.1^1#e^zRunTest+2^test.fwk.Manager.1^1&apos;d^zExecuteTest+4^test.ci.Launcher.1^1-d^zExecuteGenericTC+13^test.ci.Launcher.1^11d^zExecuteTestTypeCases+13^test.ci.Launcher.1^1$d^zExecute+16^test.ci.Launcher.1^1d^zRun+2^test.ci.Launcher.1^1,d^zExecuteCITests+1^test.fwk.Interface.1^1*d^ztest+7^|&quot;%SYS&quot;|manifest.Installer.1^1d^^^1 [ERROR 10020]" classname="test.integration.co.conex.cconInstrumentDefinition" time="0"><failure message="0 ¯10020:zCreateSession+10^test.integrationfwk.Utils.Generic.1 +1ACBX+e^zRaise+11^test.fwk.ExceptionHandler.1^1;e^zCreateSession+10^test.integrationfwk.Utils.Generic.1^1Od^zOnBeforeTestAddOK+5^test.integration.co.conex.cconInstrumentDefinition.1^18e^zOnBeforeOneTest+23^test.integrationfwk.TestCase.1^10e^zRunOneBefore+2^test.fwk.AbstractManager.1^15e^zRunOneTestMethod+10^test.fwk.AbstractManager.1^13d^zRunOneTestCase+41^test.fwk.AbstractManager.1^1-d^zRunOneTestSuite+63^%UnitTest.Manager.1^12e^zRunTestSuites+67^test.fwk.AbstractManager.1^1+e^zRunTest+1^test.fwk.AbstractManager.1^1#e^zRunTest+2^test.fwk.Manager.1^1&apos;d^zExecuteTest+4^test.ci.Launcher.1^1-d^zExecuteGenericTC+13^test.ci.Launcher.1^11d^zExecuteTestTypeCases+13^test.ci.Launcher.1^1$d^zExecute+16^test.ci.Launcher.1^1d^zRun+2^test.ci.Launcher.1^1,d^zExecuteCITests+1^test.fwk.Interface.1^1*d^ztest+7^|&quot;%SYS&quot;|manifest.Installer.1^1d^^^1 [ERROR 10020]" type="AssertTrue"></failure></testcase><testcase name="LogMessage: Duration of execution: 0 sec." classname="test.integration.co.conex.cconInstrumentDefinition" time="0"></testcase></testsuite><testsuite name="test.integration.co.conex.cconInstrumentDefinition.TestConvertInvolvedInstrumentsResultSet_AllInstruments" timestamp="2020-04-02T21:03:41.537Z" tests="1" failures="1" errors="0" time="0"><testcase name="AssertTrue: 0 ¼10020¨:zCreateSession+10^test.integrationfwk.Utils.Generic.1 +1ACBe+e^zRaise+11^test.fwk.ExceptionHandler.1^1;e^zCreateSession+10^test.integrationfwk.Utils.Generic.1^1\d^zOnBeforeTestConvertInvolvedIns+4^test.integration.co.conex.cconInstrumentDefinition.1^18e^zOnBeforeOneTest+23^test.integrationfwk.TestCase.1^10e^zRunOneBefore+2^test.fwk.AbstractManager.1^15e^zRunOneTestMethod+10^test.fwk.AbstractManager.1^13d^zRunOneTestCase+41^test.fwk.AbstractManager.1^1-d^zRunOneTestSuite+63^%UnitTest.Manager.1^12e^zRunTestSuites+67^test.fwk.AbstractManager.1^1+e^zRunTest+1^test.fwk.AbstractManager.1^1#e^zRunTest+2^test.fwk.Manager.1^1&apos;d^zExecuteTest+4^test.ci.Launcher.1^1-d^zExecuteGenericTC+13^test.ci.Launcher.1^11d^zExecuteTestTypeCases+13^test.ci.Launcher.1^1$d^zExecute+16^test.ci.Launcher.1^1d^zRun+2^test.ci.Launcher.1^1,d^zExecuteCITests+1^test.fwk.Interface.1^1*d^ztest+7^|&quot;%SYS&quot;|manifest.Installer.1^1d^^^1 [ERROR 10020]" classname="test.integration.co.conex.cconInstrumentDefinition" time="0"><failure message="0 ¼10020¨:zCreateSession+10^test.integrationfwk.Utils.Generic.1 +1ACBe+e^zRaise+11^test.fwk.ExceptionHandler.1^1;e^zCreateSession+10^test.integrationfwk.Utils.Generic.1^1\d^zOnBeforeTestConvertInvolvedIns+4^test.integration.co.conex.cconInstrumentDefinition.1^18e^zOnBeforeOneTest+23^test.integrationfwk.TestCase.1^10e^zRunOneBefore+2^test.fwk.AbstractManager.1^15e^zRunOneTestMethod+10^test.fwk.AbstractManager.1^13d^zRunOneTestCase+41^test.fwk.AbstractManager.1^1-d^zRunOneTestSuite+63^%UnitTest.Manager.1^12e^zRunTestSuites+67^test.fwk.AbstractManager.1^1+e^zRunTest+1^test.fwk.AbstractManager.1^1#e^zRunTest+2^test.fwk.Manager.1^1&apos;d^zExecuteTest+4^test.ci.Launcher.1^1-d^zExecuteGenericTC+13^test.ci.Launcher.1^11d^zExecuteTestTypeCases+13^test.ci.Launcher.1^1$d^zExecute+16^test.ci.Launcher.1^1d^zRun+2^test.ci.Launcher.1^1,d^zExecuteCITests+1^test.fwk.Interface.1^1*d^ztest+7^|&quot;%SYS&quot;|manifest.Installer.1^1d^^^1 [ERROR 10020]" type="AssertTrue"></failure></testcase><testcase name="LogMessage: Duration of execution: 0 sec." classname="test.integration.co.conex.cconInstrumentDefinition" time="0"></testcase></testsuite><testsuite name="test.integration.co.conex.cconInstrumentDefinition.TestConvertInvolvedInstrumentsResultSet_Empty" timestamp="2020-04-02T21:03:41.537Z" tests="1" failures="1" errors="0" time="0"><testcase name="AssertTrue: 0 ¼10020¨:zCreateSession+10^test.integrationfwk.Utils.Generic.1 +1ACBe+e^zRaise+11^test.fwk.ExceptionHandler.1^1;e^zCreateSession+10^test.integrationfwk.Utils.Generic.1^1\d^zOnBeforeTestConvertInvolvedIn2+4^test.integration.co.conex.cconInstrumentDefinition.1^18e^zOnBeforeOneTest+23^test.integrationfwk.TestCase.1^10e^zRunOneBefore+2^test.fwk.AbstractManager.1^15e^zRunOneTestMethod+10^test.fwk.AbstractManager.1^13d^zRunOneTestCase+41^test.fwk.AbstractManager.1^1-d^zRunOneTestSuite+63^%UnitTest.Manager.1^12e^zRunTestSuites+67^test.fwk.AbstractManager.1^1+e^zRunTest+1^test.fwk.AbstractManager.1^1#e^zRunTest+2^test.fwk.Manager.1^1&apos;d^zExecuteTest+4^test.ci.Launcher.1^1-d^zExecuteGenericTC+13^test.ci.Launcher.1^11d^zExecuteTestTypeCases+13^test.ci.Launcher.1^1$d^zExecute+16^test.ci.Launcher.1^1d^zRun+2^test.ci.Launcher.1^1,d^zExecuteCITests+1^test.fwk.Interface.1^1*d^ztest+7^|&quot;%SYS&quot;|manifest.Installer.1^1d^^^1 [ERROR 10020]" classname="test.integration.co.conex.cconInstrumentDefinition" time="0"><failure message="0 ¼10020¨:zCreateSession+10^test.integrationfwk.Utils.Generic.1 +1ACBe+e^zRaise+11^test.fwk.ExceptionHandler.1^1;e^zCreateSession+10^test.integrationfwk.Utils.Generic.1^1\d^zOnBeforeTestConvertInvolvedIn2+4^test.integration.co.conex.cconInstrumentDefinition.1^18e^zOnBeforeOneTest+23^test.integrationfwk.TestCase.1^10e^zRunOneBefore+2^test.fwk.AbstractManager.1^15e^zRunOneTestMethod+10^test.fwk.AbstractManager.1^13d^zRunOneTestCase+41^test.fwk.AbstractManager.1^1-d^zRunOneTestSuite+63^%UnitTest.Manager.1^12e^zRunTestSuites+67^test.fwk.AbstractManager.1^1+e^zRunTest+1^test.fwk.AbstractManager.1^1#e^zRunTest+2^test.fwk.Manager.1^1&apos;d^zExecuteTest+4^test.ci.Launcher.1^1-d^zExecuteGenericTC+13^test.ci.Launcher.1^11d^zExecuteTestTypeCases+13^test.ci.Launcher.1^1$d^zExecute+16^test.ci.Launcher.1^1d^zRun+2^test.ci.Launcher.1^1,d^zExecuteCITests+1^test.fwk.Interface.1^1*d^ztest+7^|&quot;%SYS&quot;|manifest.Installer.1^1d^^^1 [ERROR 10020]" type="AssertTrue"></failure></testcase><testcase name="LogMessage: Duration of execution: 0 sec." classname="test.integration.co.conex.cconInstrumentDefinition" time="0"></testcase></testsuite><testsuite name="test.integration.co.conex.cconInstrumentDefinition.TestConvertInvolvedInstrumentsResultSet_Typical" timestamp="2020-04-02T21:03:41.537Z" tests="1" failures="1" errors="0" time="0"><testcase name="AssertTrue: 0 ¼10020¨:zCreateSession+10^test.integrationfwk.Utils.Generic.1 +1ACBe+e^zRaise+11^test.fwk.ExceptionHandler.1^1;e^zCreateSession+10^test.integrationfwk.Utils.Generic.1^1\d^zOnBeforeTestConvertInvolvedIn3+4^test.integration.co.conex.cconInstrumentDefinition.1^18e^zOnBeforeOneTest+23^test.integrationfwk.TestCase.1^10e^zRunOneBefore+2^test.fwk.AbstractManager.1^15e^zRunOneTestMethod+10^test.fwk.AbstractManager.1^13d^zRunOneTestCase+41^test.fwk.AbstractManager.1^1-d^zRunOneTestSuite+63^%UnitTest.Manager.1^12e^zRunTestSuites+67^test.fwk.AbstractManager.1^1+e^zRunTest+1^test.fwk.AbstractManager.1^1#e^zRunTest+2^test.fwk.Manager.1^1&apos;d^zExecuteTest+4^test.ci.Launcher.1^1-d^zExecuteGenericTC+13^test.ci.Launcher.1^11d^zExecuteTestTypeCases+13^test.ci.Launcher.1^1$d^zExecute+16^test.ci.Launcher.1^1d^zRun+2^test.ci.Launcher.1^1,d^zExecuteCITests+1^test.fwk.Interface.1^1*d^ztest+7^|&quot;%SYS&quot;|manifest.Installer.1^1d^^^1 [ERROR 10020]" classname="test.integration.co.conex.cconInstrumentDefinition" time="0"><failure message="0 ¼10020¨:zCreateSession+10^test.integrationfwk.Utils.Generic.1 +1ACBe+e^zRaise+11^test.fwk.ExceptionHandler.1^1;e^zCreateSession+10^test.integrationfwk.Utils.Generic.1^1\d^zOnBeforeTestConvertInvolvedIn3+4^test.integration.co.conex.cconInstrumentDefinition.1^18e^zOnBeforeOneTest+23^test.integrationfwk.TestCase.1^10e^zRunOneBefore+2^test.fwk.AbstractManager.1^15e^zRunOneTestMethod+10^test.fwk.AbstractManager.1^13d^zRunOneTestCase+41^test.fwk.AbstractManager.1^1-d^zRunOneTestSuite+63^%UnitTest.Manager.1^12e^zRunTestSuites+67^test.fwk.AbstractManager.1^1+e^zRunTest+1^test.fwk.AbstractManager.1^1#e^zRunTest+2^test.fwk.Manager.1^1&apos;d^zExecuteTest+4^test.ci.Launcher.1^1-d^zExecuteGenericTC+13^test.ci.Launcher.1^11d^zExecuteTestTypeCases+13^test.ci.Launcher.1^1$d^zExecute+16^test.ci.Launcher.1^1d^zRun+2^test.ci.Launcher.1^1,d^zExecuteCITests+1^test.fwk.Interface.1^1*d^ztest+7^|&quot;%SYS&quot;|manifest.Installer.1^1d^^^1 [ERROR 10020]" type="AssertTrue"></failure></testcase><testcase name="LogMessage: Duration of execution: 0 sec." classname="test.integration.co.conex.cconInstrumentDefinition" time="0"></testcase></testsuite><testsuite name="test.integration.co.conex.cconInstrumentDefinition.TestCreateCSDescription" timestamp="2020-04-02T21:03:41.563Z" tests="3" failures="1" errors="0" time="0.026211"><testcase name="AssertTrue: 0 °10020:zCreateSession+10^test.integrationfwk.Utils.Generic.1 +1ACBY+e^zRaise+11^test.fwk.ExceptionHandler.1^1;e^zCreateSession+10^test.integrationfwk.Utils.Generic.1^1Ud^zTestCreateCSDescription+5^test.integration.co.conex.cconInstrumentDefinition.1^1)d^zOnTestMethod+4^test.fwk.TestCase.1^1:d^zRunOneTestMethodSecure+3^test.fwk.AbstractManager.1^15d^zRunOneTestMethod+19^test.fwk.AbstractManager.1^13d^zRunOneTestCase+41^test.fwk.AbstractManager.1^1-d^zRunOneTestSuite+63^%UnitTest.Manager.1^12e^zRunTestSuites+67^test.fwk.AbstractManager.1^1+e^zRunTest+1^test.fwk.AbstractManager.1^1#e^zRunTest+2^test.fwk.Manager.1^1&apos;d^zExecuteTest+4^test.ci.Launcher.1^1-d^zExecuteGenericTC+13^test.ci.Launcher.1^11d^zExecuteTestTypeCases+13^test.ci.Launcher.1^1$d^zExecute+16^test.ci.Launcher.1^1d^zRun+2^test.ci.Launcher.1^1,d^zExecuteCITests+1^test.fwk.Interface.1^1*d^ztest+7^|&quot;%SYS&quot;|manifest.Installer.1^1d^^^1 [ERROR 10020]" classname="test.integration.co.conex.cconInstrumentDefinition" time="0"><failure message="0 °10020:zCreateSession+10^test.integrationfwk.Utils.Generic.1 +1ACBY+e^zRaise+11^test.fwk.ExceptionHandler.1^1;e^zCreateSession+10^test.integrationfwk.Utils.Generic.1^1Ud^zTestCreateCSDescription+5^test.integration.co.conex.cconInstrumentDefinition.1^1)d^zOnTestMethod+4^test.fwk.TestCase.1^1:d^zRunOneTestMethodSecure+3^test.fwk.AbstractManager.1^15d^zRunOneTestMethod+19^test.fwk.AbstractManager.1^13d^zRunOneTestCase+41^test.fwk.AbstractManager.1^1-d^zRunOneTestSuite+63^%UnitTest.Manager.1^12e^zRunTestSuites+67^test.fwk.AbstractManager.1^1+e^zRunTest+1^test.fwk.AbstractManager.1^1#e^zRunTest+2^test.fwk.Manager.1^1&apos;d^zExecuteTest+4^test.ci.Launcher.1^1-d^zExecuteGenericTC+13^test.ci.Launcher.1^11d^zExecuteTestTypeCases+13^test.ci.Launcher.1^1$d^zExecute+16^test.ci.Launcher.1^1d^zRun+2^test.ci.Launcher.1^1,d^zExecuteCITests+1^test.fwk.Interface.1^1*d^ztest+7^|&quot;%SYS&quot;|manifest.Installer.1^1d^^^1 [ERROR 10020]" type="AssertTrue"></failure></testcase><testcase name="LogMessage: Global References: 811" classname="test.integration.co.conex.cconInstrumentDefinition" time="0"></testcase><testcase name="LogMessage: Commands executed: 16482 (+/- 100)" classname="test.integration.co.conex.cconInstrumentDefinition" time="0"></testcase><testcase name="LogMessage: Duration of execution: .026211 sec." classname="test.integration.co.conex.cconInstrumentDefinition" time="0"></testcase></testsuite><testsuite name="test.integration.co.conex.cconInstrumentDefinition.TestCreateSerialDescription" timestamp="2020-04-02T21:03:41.563Z" tests="4" failures="0" errors="0" time="0.000301"><testcase name="AssertEquals: Serial connection description created.(Serial - COM2)" classname="test.integration.co.conex.cconInstrumentDefinition" time="0"></testcase><testcase name="LogMessage: Global References: 6" classname="test.integration.co.conex.cconInstrumentDefinition" time="0"></testcase><testcase name="LogMessage: Commands executed: 65 (+/- 100)" classname="test.integration.co.conex.cconInstrumentDefinition" time="0"></testcase><testcase name="LogMessage: Duration of execution: .000301 sec." classname="test.integration.co.conex.cconInstrumentDefinition" time="0"></testcase></testsuite><testsuite name="test.integration.co.conex.cconInstrumentDefinition.TestCreateTCPDescription" timestamp="2020-04-02T21:03:41.563Z" tests="6" failures="0" errors="0" time="0.000506"><testcase name="AssertEquals: 1. TCP Client connection description created.(TCP - C - 12345 - 127.0.0.1)" classname="test.integration.co.conex.cconInstrumentDefinition" time="0"></testcase><testcase name="AssertEquals: 2. TCP Server connection description created.(TCP - S - 12345)" classname="test.integration.co.conex.cconInstrumentDefinition" time="0"></testcase><testcase name="AssertEquals: 3. TCP Server connection not created because the port is empty." classname="test.integration.co.conex.cconInstrumentDefinition" time="0"></testcase><testcase name="LogMessage: Global References: 6" classname="test.integration.co.conex.cconInstrumentDefinition" time="0"></testcase><testcase name="LogMessage: Commands executed: 282 (+/- 100)" classname="test.integration.co.conex.cconInstrumentDefinition" time="0"></testcase><testcase name="LogMessage: Duration of execution: .000506 sec." classname="test.integration.co.conex.cconInstrumentDefinition" time="0"></testcase></testsuite><testsuite name="test.integration.co.conex.cconInstrumentDefinition.TestDel" timestamp="2020-04-02T21:03:41.563Z" tests="1" failures="1" errors="0" time="0"><testcase name="AssertTrue: 0 ­10020:zCreateSession+10^test.integrationfwk.Utils.Generic.1 +1ACBV+e^zRaise+11^test.fwk.ExceptionHandler.1^1;e^zCreateSession+10^test.integrationfwk.Utils.Generic.1^1Md^zOnBeforeTestDel+4^test.integration.co.conex.cconInstrumentDefinition.1^18e^zOnBeforeOneTest+23^test.integrationfwk.TestCase.1^10e^zRunOneBefore+2^test.fwk.AbstractManager.1^15e^zRunOneTestMethod+10^test.fwk.AbstractManager.1^13d^zRunOneTestCase+41^test.fwk.AbstractManager.1^1-d^zRunOneTestSuite+63^%UnitTest.Manager.1^12e^zRunTestSuites+67^test.fwk.AbstractManager.1^1+e^zRunTest+1^test.fwk.AbstractManager.1^1#e^zRunTest+2^test.fwk.Manager.1^1&apos;d^zExecuteTest+4^test.ci.Launcher.1^1-d^zExecuteGenericTC+13^test.ci.Launcher.1^11d^zExecuteTestTypeCases+13^test.ci.Launcher.1^1$d^zExecute+16^test.ci.Launcher.1^1d^zRun+2^test.ci.Launcher.1^1,d^zExecuteCITests+1^test.fwk.Interface.1^1*d^ztest+7^|&quot;%SYS&quot;|manifest.Installer.1^1d^^^1 [ERROR 10020]" classname="test.integration.co.conex.cconInstrumentDefinition" time="0"><failure message="0 ­10020:zCreateSession+10^test.integrationfwk.Utils.Generic.1 +1ACBV+e^zRaise+11^test.fwk.ExceptionHandler.1^1;e^zCreateSession+10^test.integrationfwk.Utils.Generic.1^1Md^zOnBeforeTestDel+4^test.integration.co.conex.cconInstrumentDefinition.1^18e^zOnBeforeOneTest+23^test.integrationfwk.TestCase.1^10e^zRunOneBefore+2^test.fwk.AbstractManager.1^15e^zRunOneTestMethod+10^test.fwk.AbstractManager.1^13d^zRunOneTestCase+41^test.fwk.AbstractManager.1^1-d^zRunOneTestSuite+63^%UnitTest.Manager.1^12e^zRunTestSuites+67^test.fwk.AbstractManager.1^1+e^zRunTest+1^test.fwk.AbstractManager.1^1#e^zRunTest+2^test.fwk.Manager.1^1&apos;d^zExecuteTest+4^test.ci.Launcher.1^1-d^zExecuteGenericTC+13^test.ci.Launcher.1^11d^zExecuteTestTypeCases+13^test.ci.Launcher.1^1$d^zExecute+16^test.ci.Launcher.1^1d^zRun+2^test.ci.Launcher.1^1,d^zExecuteCITests+1^test.fwk.Interface.1^1*d^ztest+7^|&quot;%SYS&quot;|manifest.Installer.1^1d^^^1 [ERROR 10020]" type="AssertTrue"></failure></testcase><testcase name="LogMessage: Duration of execution: 0 sec." classname="test.integration.co.conex.cconInstrumentDefinition" time="0"></testcase></testsuite><testsuite name="test.integration.co.conex.cconInstrumentDefinition.TestDeleteInstrumentDataFromTable" timestamp="2020-04-02T21:03:41.693Z" tests="5" failures="0" errors="0" time="0.130158"><testcase name="LogMessage: 0 elements related to instrument 452||1 in tconDilutionMapping table before the execution." classname="test.integration.co.conex.cconInstrumentDefinition" time="0"></testcase><testcase name="AssertEquals: No elements related to instrument 452||1 in tconDilutionMapping table after the execution." classname="test.integration.co.conex.cconInstrumentDefinition" time="0"></testcase><testcase name="LogMessage: Global References: 47847" classname="test.integration.co.conex.cconInstrumentDefinition" time="0"></testcase><testcase name="LogMessage: Commands executed: 273420 (+/- 100)" classname="test.integration.co.conex.cconInstrumentDefinition" time="0"></testcase><testcase name="LogMessage: Duration of execution: .130158 sec." classname="test.integration.co.conex.cconInstrumentDefinition" time="0"></testcase></testsuite><testsuite name="test.integration.co.conex.cconInstrumentDefinition.TestDeleteInstrumentQCMode" timestamp="2020-04-02T21:03:41.693Z" tests="1" failures="1" errors="0" time="0"><testcase name="AssertTrue: 0 ¼10020¨:zCreateSession+10^test.integrationfwk.Utils.Generic.1 +1ACBe+e^zRaise+11^test.fwk.ExceptionHandler.1^1;e^zCreateSession+10^test.integrationfwk.Utils.Generic.1^1\d^zOnBeforeTestDeleteInstrumentQC+4^test.integration.co.conex.cconInstrumentDefinition.1^18e^zOnBeforeOneTest+23^test.integrationfwk.TestCase.1^10e^zRunOneBefore+2^test.fwk.AbstractManager.1^15e^zRunOneTestMethod+10^test.fwk.AbstractManager.1^13d^zRunOneTestCase+41^test.fwk.AbstractManager.1^1-d^zRunOneTestSuite+63^%UnitTest.Manager.1^12e^zRunTestSuites+67^test.fwk.AbstractManager.1^1+e^zRunTest+1^test.fwk.AbstractManager.1^1#e^zRunTest+2^test.fwk.Manager.1^1&apos;d^zExecuteTest+4^test.ci.Launcher.1^1-d^zExecuteGenericTC+13^test.ci.Launcher.1^11d^zExecuteTestTypeCases+13^test.ci.Launcher.1^1$d^zExecute+16^test.ci.Launcher.1^1d^zRun+2^test.ci.Launcher.1^1,d^zExecuteCITests+1^test.fwk.Interface.1^1*d^ztest+7^|&quot;%SYS&quot;|manifest.Installer.1^1d^^^1 [ERROR 10020]" classname="test.integration.co.conex.cconInstrumentDefinition" time="0"><failure message="0 ¼10020¨:zCreateSession+10^test.integrationfwk.Utils.Generic.1 +1ACBe+e^zRaise+11^test.fwk.ExceptionHandler.1^1;e^zCreateSession+10^test.integrationfwk.Utils.Generic.1^1\d^zOnBeforeTestDeleteInstrumentQC+4^test.integration.co.conex.cconInstrumentDefinition.1^18e^zOnBeforeOneTest+23^test.integrationfwk.TestCase.1^10e^zRunOneBefore+2^test.fwk.AbstractManager.1^15e^zRunOneTestMethod+10^test.fwk.AbstractManager.1^13d^zRunOneTestCase+41^test.fwk.AbstractManager.1^1-d^zRunOneTestSuite+63^%UnitTest.Manager.1^12e^zRunTestSuites+67^test.fwk.AbstractManager.1^1+e^zRunTest+1^test.fwk.AbstractManager.1^1#e^zRunTest+2^test.fwk.Manager.1^1&apos;d^zExecuteTest+4^test.ci.Launcher.1^1-d^zExecuteGenericTC+13^test.ci.Launcher.1^11d^zExecuteTestTypeCases+13^test.ci.Launcher.1^1$d^zExecute+16^test.ci.Launcher.1^1d^zRun+2^test.ci.Launcher.1^1,d^zExecuteCITests+1^test.fwk.Interface.1^1*d^ztest+7^|&quot;%SYS&quot;|manifest.Installer.1^1d^^^1 [ERROR 10020]" type="AssertTrue"></failure></testcase><testcase name="LogMessage: Duration of execution: 0 sec." classname="test.integration.co.conex.cconInstrumentDefinition" time="0"></testcase></testsuite><testsuite name="test.integration.co.conex.cconInstrumentDefinition.TestExistsCS_KO" timestamp="2020-04-02T21:03:41.693Z" tests="4" failures="0" errors="0" time="0.000192"><testcase name="AssertEquals: CommServer is not installed in the system." classname="test.integration.co.conex.cconInstrumentDefinition" time="0"></testcase><testcase name="LogMessage: Global References: 1" classname="test.integration.co.conex.cconInstrumentDefinition" time="0"></testcase><testcase name="LogMessage: Commands executed: 46 (+/- 100)" classname="test.integration.co.conex.cconInstrumentDefinition" time="0"></testcase><testcase name="LogMessage: Duration of execution: .000192 sec." classname="test.integration.co.conex.cconInstrumentDefinition" time="0"></testcase></testsuite><testsuite name="test.integration.co.conex.cconInstrumentDefinition.TestExistsCS_OK" timestamp="2020-04-02T21:03:41.693Z" tests="3" failures="1" errors="0" time="0.000173"><testcase name="AssertEquals: CommServer is installed in the system." classname="test.integration.co.conex.cconInstrumentDefinition" time="0"><failure message="CommServer is installed in the system." type="AssertEquals"></failure></testcase><testcase name="LogMessage: Global References: 1" classname="test.integration.co.conex.cconInstrumentDefinition" time="0"></testcase><testcase name="LogMessage: Commands executed: 55 (+/- 100)" classname="test.integration.co.conex.cconInstrumentDefinition" time="0"></testcase><testcase name="LogMessage: Duration of execution: .000173 sec." classname="test.integration.co.conex.cconInstrumentDefinition" time="0"></testcase></testsuite><testsuite name="test.integration.co.conex.cconInstrumentDefinition.TestGetButtonsGeneralConf" timestamp="2020-04-02T21:03:41.808Z" tests="5" failures="3" errors="0" time="0.115528"><testcase name="AssertEquals:  Using the driver 746 the configuration shall be 15,16,17,1,2,5,22" classname="test.integration.co.conex.cconInstrumentDefinition" time="0"><failure message=" Using the driver 746 the configuration shall be 15,16,17,1,2,5,22" type="AssertEquals"></failure></testcase><testcase name="AssertNotEquals:  We always need to get some button configuration for ICA drivers (Return: )" classname="test.integration.co.conex.cconInstrumentDefinition" time="0"><failure message=" We always need to get some button configuration for ICA drivers (Return: )" type="AssertNotEquals"></failure></testcase><testcase name="AssertEquals:  We got nothing if the version doesn&apos;t exist for this driver (Return: )" classname="test.integration.co.conex.cconInstrumentDefinition" time="0"></testcase><testcase name="AssertEquals:  We got null result for an unexisting driver (Return: )" classname="test.integration.co.conex.cconInstrumentDefinition" time="0"></testcase><testcase name="AssertEquals:  Expected button configuration for CS driver (15,16,17,1,2,4,14,6,7,8,9,10,24,19,20,21,11,12,13,22,23 = 15,16,17,1,2,4,14,6,7,8,9,10,24,19,20,21,11,12,13,22,23,TubeMapping)" classname="test.integration.co.conex.cconInstrumentDefinition" time="0"><failure message=" Expected button configuration for CS driver (15,16,17,1,2,4,14,6,7,8,9,10,24,19,20,21,11,12,13,22,23 = 15,16,17,1,2,4,14,6,7,8,9,10,24,19,20,21,11,12,13,22,23,TubeMapping)" type="AssertEquals"></failure></testcase><testcase name="LogMessage: Global References: 44400" classname="test.integration.co.conex.cconInstrumentDefinition" time="0"></testcase><testcase name="LogMessage: Commands executed: 213238 (+/- 100)" classname="test.integration.co.conex.cconInstrumentDefinition" time="0"></testcase><testcase name="LogMessage: Duration of execution: .115528 sec." classname="test.integration.co.conex.cconInstrumentDefinition" time="0"></testcase></testsuite><testsuite name="test.integration.co.conex.cconInstrumentDefinition.TestGetCompatibleInstruments_FromCSToCSGenLab" timestamp="2020-04-02T21:03:41.813Z" tests="3" failures="0" errors="0" time="0.005941"><testcase name="LogMessage: Global References: 99" classname="test.integration.co.conex.cconInstrumentDefinition" time="0"></testcase><testcase name="LogMessage: Commands executed: 2333 (+/- 100)" classname="test.integration.co.conex.cconInstrumentDefinition" time="0"></testcase><testcase name="LogMessage: Duration of execution: .005941 sec." classname="test.integration.co.conex.cconInstrumentDefinition" time="0"></testcase></testsuite><testsuite name="test.integration.co.conex.cconInstrumentDefinition.TestGetCompatibleInstruments_ICAGeneralLab" timestamp="2020-04-02T21:03:41.852Z" tests="3" failures="1" errors="0" time="0.039714"><testcase name="AssertTrue: 0 ·10020£:zCreateSession+10^test.integrationfwk.Utils.Generic.1 +1ACB`+e^zRaise+11^test.fwk.ExceptionHandler.1^1;e^zCreateSession+10^test.integrationfwk.Utils.Generic.1^1\d^zTestGetCompatibleInstrumentsIC+7^test.integration.co.conex.cconInstrumentDefinition.1^1)d^zOnTestMethod+4^test.fwk.TestCase.1^1:d^zRunOneTestMethodSecure+3^test.fwk.AbstractManager.1^15d^zRunOneTestMethod+19^test.fwk.AbstractManager.1^13d^zRunOneTestCase+41^test.fwk.AbstractManager.1^1-d^zRunOneTestSuite+63^%UnitTest.Manager.1^12e^zRunTestSuites+67^test.fwk.AbstractManager.1^1+e^zRunTest+1^test.fwk.AbstractManager.1^1#e^zRunTest+2^test.fwk.Manager.1^1&apos;d^zExecuteTest+4^test.ci.Launcher.1^1-d^zExecuteGenericTC+13^test.ci.Launcher.1^11d^zExecuteTestTypeCases+13^test.ci.Launcher.1^1$d^zExecute+16^test.ci.Launcher.1^1d^zRun+2^test.ci.Launcher.1^1,d^zExecuteCITests+1^test.fwk.Interface.1^1*d^ztest+7^|&quot;%SYS&quot;|manifest.Installer.1^1d^^^1 [ERROR 10020]" classname="test.integration.co.conex.cconInstrumentDefinition" time="0"><failure message="0 ·10020£:zCreateSession+10^test.integrationfwk.Utils.Generic.1 +1ACB`+e^zRaise+11^test.fwk.ExceptionHandler.1^1;e^zCreateSession+10^test.integrationfwk.Utils.Generic.1^1\d^zTestGetCompatibleInstrumentsIC+7^test.integration.co.conex.cconInstrumentDefinition.1^1)d^zOnTestMethod+4^test.fwk.TestCase.1^1:d^zRunOneTestMethodSecure+3^test.fwk.AbstractManager.1^15d^zRunOneTestMethod+19^test.fwk.AbstractManager.1^13d^zRunOneTestCase+41^test.fwk.AbstractManager.1^1-d^zRunOneTestSuite+63^%UnitTest.Manager.1^12e^zRunTestSuites+67^test.fwk.AbstractManager.1^1+e^zRunTest+1^test.fwk.AbstractManager.1^1#e^zRunTest+2^test.fwk.Manager.1^1&apos;d^zExecuteTest+4^test.ci.Launcher.1^1-d^zExecuteGenericTC+13^test.ci.Launcher.1^11d^zExecuteTestTypeCases+13^test.ci.Launcher.1^1$d^zExecute+16^test.ci.Launcher.1^1d^zRun+2^test.ci.Launcher.1^1,d^zExecuteCITests+1^test.fwk.Interface.1^1*d^ztest+7^|&quot;%SYS&quot;|manifest.Installer.1^1d^^^1 [ERROR 10020]" type="AssertTrue"></failure></testcase><testcase name="LogMessage: Global References: 853" classname="test.integration.co.conex.cconInstrumentDefinition" time="0"></testcase><testcase name="LogMessage: Commands executed: 16648 (+/- 100)" classname="test.integration.co.conex.cconInstrumentDefinition" time="0"></testcase><testcase name="LogMessage: Duration of execution: .039714 sec." classname="test.integration.co.conex.cconInstrumentDefinition" time="0"></testcase></testsuite><testsuite name="test.integration.co.conex.cconInstrumentDefinition.TestGetCompatibleInstruments_ICAMicro" timestamp="2020-04-02T21:03:41.853Z" tests="4" failures="0" errors="0" time="0.001329"><testcase name="AssertTrue: Micro instruments are not included on compatible types." classname="test.integration.co.conex.cconInstrumentDefinition" time="0"></testcase><testcase name="LogMessage: Global References: 90" classname="test.integration.co.conex.cconInstrumentDefinition" time="0"></testcase><testcase name="LogMessage: Commands executed: 1923 (+/- 100)" classname="test.integration.co.conex.cconInstrumentDefinition" time="0"></testcase><testcase name="LogMessage: Duration of execution: .001329 sec." classname="test.integration.co.conex.cconInstrumentDefinition" time="0"></testcase></testsuite><testsuite name="test.integration.co.conex.cconInstrumentDefinition.TestGetCompatibleInstrument_FromCSToICAGenLab" timestamp="2020-04-02T21:03:41.865Z" tests="3" failures="1" errors="0" time="0.01205"><testcase name="AssertTrue: 0 ~&lt;UNDEFINED&gt;zTestGetCompatibleInstrumentFro+17^test.integration.co.conex.cconInstrumentDefinition.1 ^WCONEX(452,1,&quot;MASTER&quot;,1)ACBú\^zTestGetCompatibleInstrumentFro+17^test.integration.co.conex.cconInstrumentDefinition.1^1)d^zOnTestMethod+4^test.fwk.TestCase.1^1:d^zRunOneTestMethodSecure+3^test.fwk.AbstractManager.1^15d^zRunOneTestMethod+19^test.fwk.AbstractManager.1^13d^zRunOneTestCase+41^test.fwk.AbstractManager.1^1-d^zRunOneTestSuite+63^%UnitTest.Manager.1^12e^zRunTestSuites+67^test.fwk.AbstractManager.1^1+e^zRunTest+1^test.fwk.AbstractManager.1^1#e^zRunTest+2^test.fwk.Manager.1^1&apos;d^zExecuteTest+4^test.ci.Launcher.1^1-d^zExecuteGenericTC+13^test.ci.Launcher.1^11d^zExecuteTestTypeCases+13^test.ci.Launcher.1^1$d^zExecute+16^test.ci.Launcher.1^1d^zRun+2^test.ci.Launcher.1^1,d^zExecuteCITests+1^test.fwk.Interface.1^1*d^ztest+7^|&quot;%SYS&quot;|manifest.Installer.1^1d^^^1 [ERROR &lt;UNDEFINED&gt;zTestGetCompatibleInstrumentFro+17^test.integration.co.conex.cconInstrumentDefinition.1 ^WCONEX(452,1,&quot;MASTER&quot;,1)]" classname="test.integration.co.conex.cconInstrumentDefinition" time="0"><failure message="0 ~&lt;UNDEFINED&gt;zTestGetCompatibleInstrumentFro+17^test.integration.co.conex.cconInstrumentDefinition.1 ^WCONEX(452,1,&quot;MASTER&quot;,1)ACBú\^zTestGetCompatibleInstrumentFro+17^test.integration.co.conex.cconInstrumentDefinition.1^1)d^zOnTestMethod+4^test.fwk.TestCase.1^1:d^zRunOneTestMethodSecure+3^test.fwk.AbstractManager.1^15d^zRunOneTestMethod+19^test.fwk.AbstractManager.1^13d^zRunOneTestCase+41^test.fwk.AbstractManager.1^1-d^zRunOneTestSuite+63^%UnitTest.Manager.1^12e^zRunTestSuites+67^test.fwk.AbstractManager.1^1+e^zRunTest+1^test.fwk.AbstractManager.1^1#e^zRunTest+2^test.fwk.Manager.1^1&apos;d^zExecuteTest+4^test.ci.Launcher.1^1-d^zExecuteGenericTC+13^test.ci.Launcher.1^11d^zExecuteTestTypeCases+13^test.ci.Launcher.1^1$d^zExecute+16^test.ci.Launcher.1^1d^zRun+2^test.ci.Launcher.1^1,d^zExecuteCITests+1^test.fwk.Interface.1^1*d^ztest+7^|&quot;%SYS&quot;|manifest.Installer.1^1d^^^1 [ERROR &lt;UNDEFINED&gt;zTestGetCompatibleInstrumentFro+17^test.integration.co.conex.cconInstrumentDefinition.1 ^WCONEX(452,1,&quot;MASTER&quot;,1)]" type="AssertTrue"></failure></testcase><testcase name="LogMessage: Global References: 24" classname="test.integration.co.conex.cconInstrumentDefinition" time="0"></testcase><testcase name="LogMessage: Commands executed: 799 (+/- 100)" classname="test.integration.co.conex.cconInstrumentDefinition" time="0"></testcase><testcase name="LogMessage: Duration of execution: .01205 sec." classname="test.integration.co.conex.cconInstrumentDefinition" time="0"></testcase></testsuite><testsuite name="test.integration.co.conex.cconInstrumentDefinition.TestGetCompatibleInstrument_fromCSToICAMicro" timestamp="2020-04-02T21:03:42.07Z" tests="4" failures="0" errors="0" time="0.205086"><testcase name="AssertTrue: Micro instruments are not included on compatible types." classname="test.integration.co.conex.cconInstrumentDefinition" time="0"></testcase><testcase name="LogMessage: Global References: 59956" classname="test.integration.co.conex.cconInstrumentDefinition" time="0"></testcase><testcase name="LogMessage: Commands executed: 592887 (+/- 100)" classname="test.integration.co.conex.cconInstrumentDefinition" time="0"></testcase><testcase name="LogMessage: Duration of execution: .205086 sec." classname="test.integration.co.conex.cconInstrumentDefinition" time="0"></testcase></testsuite><testsuite name="test.integration.co.conex.cconInstrumentDefinition.TestGetConfConnection" timestamp="2020-04-02T21:03:42.102Z" tests="7" failures="4" errors="0" time="0.03201"><testcase name="AssertEquals: No info when receives an empty string by parameter." classname="test.integration.co.conex.cconInstrumentDefinition" time="0"></testcase><testcase name="AssertEquals: No info when receives a no existing instrument." classname="test.integration.co.conex.cconInstrumentDefinition" time="0"></testcase><testcase name="AssertEquals: ConnectionType = 1 for a TCP conection type." classname="test.integration.co.conex.cconInstrumentDefinition" time="0"><failure message="ConnectionType = 1 for a TCP conection type." type="AssertEquals"></failure></testcase><testcase name="AssertEquals: Returns the ICA driver for AnalyserType (&apos;800®1&apos; for instrument type 0 - AnalyserType )." classname="test.integration.co.conex.cconInstrumentDefinition" time="0"><failure message="Returns the ICA driver for AnalyserType (&apos;800®1&apos; for instrument type 0 - AnalyserType )." type="AssertEquals"></failure></testcase><testcase name="AssertEquals: No driver configuration for a Micro type." classname="test.integration.co.conex.cconInstrumentDefinition" time="0"></testcase><testcase name="AssertEquals: ConnectionType = 3 for a File transfer conection." classname="test.integration.co.conex.cconInstrumentDefinition" time="0"><failure message="ConnectionType = 3 for a File transfer conection." type="AssertEquals"></failure></testcase><testcase name="AssertEquals: ConnectionType = 1 for a File transfer conection." classname="test.integration.co.conex.cconInstrumentDefinition" time="0"><failure message="ConnectionType = 1 for a File transfer conection." type="AssertEquals"></failure></testcase><testcase name="AssertEquals: No driver configuration for a Preanalytical type." classname="test.integration.co.conex.cconInstrumentDefinition" time="0"></testcase><testcase name="LogMessage: Global References: 5370" classname="test.integration.co.conex.cconInstrumentDefinition" time="0"></testcase><testcase name="LogMessage: Commands executed: 97998 (+/- 100)" classname="test.integration.co.conex.cconInstrumentDefinition" time="0"></testcase><testcase name="LogMessage: Duration of execution: .03201 sec." classname="test.integration.co.conex.cconInstrumentDefinition" time="0"></testcase></testsuite><testsuite name="test.integration.co.conex.cconInstrumentDefinition.TestGetConfDriver_MultipleVersions" timestamp="2020-04-02T21:03:42.129Z" tests="5" failures="2" errors="0" time="0.027407"><testcase name="AssertEquals: The returned list has 2 positions" classname="test.integration.co.conex.cconInstrumentDefinition" time="0"></testcase><testcase name="AssertEquals: First position of the returned list matches the driver number" classname="test.integration.co.conex.cconInstrumentDefinition" time="0"></testcase><testcase name="AssertEquals: Second position of the returned list includes an exhaustive CSV list of Analyser Versions for that driver" classname="test.integration.co.conex.cconInstrumentDefinition" time="0"><failure message="Second position of the returned list includes an exhaustive CSV list of Analyser Versions for that driver" type="AssertEquals"></failure></testcase><testcase name="AssertTrue: The list of Analyser Versions is as expected" classname="test.integration.co.conex.cconInstrumentDefinition" time="0"><failure message="The list of Analyser Versions is as expected" type="AssertTrue"></failure></testcase><testcase name="LogMessage: Global References: 4438" classname="test.integration.co.conex.cconInstrumentDefinition" time="0"></testcase><testcase name="LogMessage: Commands executed: 72832 (+/- 100)" classname="test.integration.co.conex.cconInstrumentDefinition" time="0"></testcase><testcase name="LogMessage: Duration of execution: .027407 sec." classname="test.integration.co.conex.cconInstrumentDefinition" time="0"></testcase></testsuite><testsuite name="test.integration.co.conex.cconInstrumentDefinition.TestGetConnectionDesc" timestamp="2020-04-02T21:03:42.13Z" tests="4" failures="3" errors="0" time="0.00127"><testcase name="AssertEquals: 1. TCP connection description created. ()" classname="test.integration.co.conex.cconInstrumentDefinition" time="0"><failure message="1. TCP connection description created. ()" type="AssertEquals"></failure></testcase><testcase name="AssertEquals: 2. Serial connection description created. (Serial - COM1)" classname="test.integration.co.conex.cconInstrumentDefinition" time="0"></testcase><testcase name="AssertEquals: 3. File connection description created. (File)" classname="test.integration.co.conex.cconInstrumentDefinition" time="0"><failure message="3. File connection description created. (File)" type="AssertEquals"></failure></testcase><testcase name="AssertEquals: 4. CommServer connection description created. ( )" classname="test.integration.co.conex.cconInstrumentDefinition" time="0"><failure message="4. CommServer connection description created. ( )" type="AssertEquals"></failure></testcase><testcase name="LogMessage: Global References: 25" classname="test.integration.co.conex.cconInstrumentDefinition" time="0"></testcase><testcase name="LogMessage: Commands executed: 1058 (+/- 100)" classname="test.integration.co.conex.cconInstrumentDefinition" time="0"></testcase><testcase name="LogMessage: Duration of execution: .00127 sec." classname="test.integration.co.conex.cconInstrumentDefinition" time="0"></testcase></testsuite><testsuite name="test.integration.co.conex.cconInstrumentDefinition.TestGetDriversInstalled_FilterByTextFound" timestamp="2020-04-02T21:03:42.13Z" tests="1" failures="1" errors="0" time="0"><testcase name="AssertTrue: 0 t&lt;UNDEFINED&gt;zOnBeforeTestGetDriversInstalle+8^test.integration.co.conex.cconInstrumentDefinition.1 *strInstrumentIDACBþ[^zOnBeforeTestGetDriversInstalle+8^test.integration.co.conex.cconInstrumentDefinition.1^18e^zOnBeforeOneTest+23^test.integrationfwk.TestCase.1^10e^zRunOneBefore+2^test.fwk.AbstractManager.1^15e^zRunOneTestMethod+10^test.fwk.AbstractManager.1^13d^zRunOneTestCase+41^test.fwk.AbstractManager.1^1-d^zRunOneTestSuite+63^%UnitTest.Manager.1^12e^zRunTestSuites+67^test.fwk.AbstractManager.1^1+e^zRunTest+1^test.fwk.AbstractManager.1^1#e^zRunTest+2^test.fwk.Manager.1^1&apos;d^zExecuteTest+4^test.ci.Launcher.1^1-d^zExecuteGenericTC+13^test.ci.Launcher.1^11d^zExecuteTestTypeCases+13^test.ci.Launcher.1^1$d^zExecute+16^test.ci.Launcher.1^1d^zRun+2^test.ci.Launcher.1^1,d^zExecuteCITests+1^test.fwk.Interface.1^1*d^ztest+7^|&quot;%SYS&quot;|manifest.Installer.1^1d^^^1 [ERROR &lt;UNDEFINED&gt;zOnBeforeTestGetDriversInstalle+8^test.integration.co.conex.cconInstrumentDefinition.1 *strInstrumentID]" classname="test.integration.co.conex.cconInstrumentDefinition" time="0"><failure message="0 t&lt;UNDEFINED&gt;zOnBeforeTestGetDriversInstalle+8^test.integration.co.conex.cconInstrumentDefinition.1 *strInstrumentIDACBþ[^zOnBeforeTestGetDriversInstalle+8^test.integration.co.conex.cconInstrumentDefinition.1^18e^zOnBeforeOneTest+23^test.integrationfwk.TestCase.1^10e^zRunOneBefore+2^test.fwk.AbstractManager.1^15e^zRunOneTestMethod+10^test.fwk.AbstractManager.1^13d^zRunOneTestCase+41^test.fwk.AbstractManager.1^1-d^zRunOneTestSuite+63^%UnitTest.Manager.1^12e^zRunTestSuites+67^test.fwk.AbstractManager.1^1+e^zRunTest+1^test.fwk.AbstractManager.1^1#e^zRunTest+2^test.fwk.Manager.1^1&apos;d^zExecuteTest+4^test.ci.Launcher.1^1-d^zExecuteGenericTC+13^test.ci.Launcher.1^11d^zExecuteTestTypeCases+13^test.ci.Launcher.1^1$d^zExecute+16^test.ci.Launcher.1^1d^zRun+2^test.ci.Launcher.1^1,d^zExecuteCITests+1^test.fwk.Interface.1^1*d^ztest+7^|&quot;%SYS&quot;|manifest.Installer.1^1d^^^1 [ERROR &lt;UNDEFINED&gt;zOnBeforeTestGetDriversInstalle+8^test.integration.co.conex.cconInstrumentDefinition.1 *strInstrumentID]" type="AssertTrue"></failure></testcase><testcase name="LogMessage: Duration of execution: 0 sec." classname="test.integration.co.conex.cconInstrumentDefinition" time="0"></testcase></testsuite><testsuite name="test.integration.co.conex.cconInstrumentDefinition.TestGetDriversInstalled_FilterByTextNotFound" timestamp="2020-04-02T21:03:42.161Z" tests="5" failures="0" errors="0" time="0.031852"><testcase name="AssertEquals: The execution was OK" classname="test.integration.co.conex.cconInstrumentDefinition" time="0"></testcase><testcase name="AssertNotTrue: The instrument has not been found" classname="test.integration.co.conex.cconInstrumentDefinition" time="0"></testcase><testcase name="LogMessage: Global References: 5430" classname="test.integration.co.conex.cconInstrumentDefinition" time="0"></testcase><testcase name="LogMessage: Commands executed: 116426 (+/- 100)" classname="test.integration.co.conex.cconInstrumentDefinition" time="0"></testcase><testcase name="LogMessage: Duration of execution: .031852 sec." classname="test.integration.co.conex.cconInstrumentDefinition" time="0"></testcase></testsuite><testsuite name="test.integration.co.conex.cconInstrumentDefinition.TestGetDrvCfgByInstType" timestamp="2020-04-02T21:03:42.167Z" tests="5" failures="1" errors="0" time="0.006867"><testcase name="AssertEquals: Method returns no info when receives an empty string by parameter." classname="test.integration.co.conex.cconInstrumentDefinition" time="0"></testcase><testcase name="AssertEquals: Method returns no info when receives a no existing driver ID." classname="test.integration.co.conex.cconInstrumentDefinition" time="0"></testcase><testcase name="AssertTrue: 0 l`&lt;INVALID OREF&gt;zTestGetDrvCfgByInstType+17^test.integration.co.conex.cconInstrumentDefinition.1ýACBóU^zTestGetDrvCfgByInstType+17^test.integration.co.conex.cconInstrumentDefinition.1^1)d^zOnTestMethod+4^test.fwk.TestCase.1^1:d^zRunOneTestMethodSecure+3^test.fwk.AbstractManager.1^15d^zRunOneTestMethod+19^test.fwk.AbstractManager.1^13d^zRunOneTestCase+41^test.fwk.AbstractManager.1^1-d^zRunOneTestSuite+63^%UnitTest.Manager.1^12e^zRunTestSuites+67^test.fwk.AbstractManager.1^1+e^zRunTest+1^test.fwk.AbstractManager.1^1#e^zRunTest+2^test.fwk.Manager.1^1&apos;d^zExecuteTest+4^test.ci.Launcher.1^1-d^zExecuteGenericTC+13^test.ci.Launcher.1^11d^zExecuteTestTypeCases+13^test.ci.Launcher.1^1$d^zExecute+16^test.ci.Launcher.1^1d^zRun+2^test.ci.Launcher.1^1,d^zExecuteCITests+1^test.fwk.Interface.1^1*d^ztest+7^|&quot;%SYS&quot;|manifest.Installer.1^1d^^^1 [ERROR &lt;INVALID OREF&gt;zTestGetDrvCfgByInstType+17^test.integration.co.conex.cconInstrumentDefinition.1]" classname="test.integration.co.conex.cconInstrumentDefinition" time="0"><failure message="0 l`&lt;INVALID OREF&gt;zTestGetDrvCfgByInstType+17^test.integration.co.conex.cconInstrumentDefinition.1ýACBóU^zTestGetDrvCfgByInstType+17^test.integration.co.conex.cconInstrumentDefinition.1^1)d^zOnTestMethod+4^test.fwk.TestCase.1^1:d^zRunOneTestMethodSecure+3^test.fwk.AbstractManager.1^15d^zRunOneTestMethod+19^test.fwk.AbstractManager.1^13d^zRunOneTestCase+41^test.fwk.AbstractManager.1^1-d^zRunOneTestSuite+63^%UnitTest.Manager.1^12e^zRunTestSuites+67^test.fwk.AbstractManager.1^1+e^zRunTest+1^test.fwk.AbstractManager.1^1#e^zRunTest+2^test.fwk.Manager.1^1&apos;d^zExecuteTest+4^test.ci.Launcher.1^1-d^zExecuteGenericTC+13^test.ci.Launcher.1^11d^zExecuteTestTypeCases+13^test.ci.Launcher.1^1$d^zExecute+16^test.ci.Launcher.1^1d^zRun+2^test.ci.Launcher.1^1,d^zExecuteCITests+1^test.fwk.Interface.1^1*d^ztest+7^|&quot;%SYS&quot;|manifest.Installer.1^1d^^^1 [ERROR &lt;INVALID OREF&gt;zTestGetDrvCfgByInstType+17^test.integration.co.conex.cconInstrumentDefinition.1]" type="AssertTrue"></failure></testcase><testcase name="LogMessage: Global References: 25" classname="test.integration.co.conex.cconInstrumentDefinition" time="0"></testcase><testcase name="LogMessage: Commands executed: 566 (+/- 100)" classname="test.integration.co.conex.cconInstrumentDefinition" time="0"></testcase><testcase name="LogMessage: Duration of execution: .006867 sec." classname="test.integration.co.conex.cconInstrumentDefinition" time="0"></testcase></testsuite><testsuite name="test.integration.co.conex.cconInstrumentDefinition.TestGetInstrumentConnectionContext_Nominal" timestamp="2020-04-02T21:03:42.178Z" tests="3" failures="3" errors="0" time="0.01128"><testcase name="AssertEquals: The connection context id is ok" classname="test.integration.co.conex.cconInstrumentDefinition" time="0"><failure message="The connection context id is ok" type="AssertEquals"></failure></testcase><testcase name="AssertEquals: The connection context type is ok" classname="test.integration.co.conex.cconInstrumentDefinition" time="0"><failure message="The connection context type is ok" type="AssertEquals"></failure></testcase><testcase name="AssertEquals: The connection context name is ok" classname="test.integration.co.conex.cconInstrumentDefinition" time="0"><failure message="The connection context name is ok" type="AssertEquals"></failure></testcase><testcase name="LogMessage: Global References: 26" classname="test.integration.co.conex.cconInstrumentDefinition" time="0"></testcase><testcase name="LogMessage: Commands executed: 576 (+/- 100)" classname="test.integration.co.conex.cconInstrumentDefinition" time="0"></testcase><testcase name="LogMessage: Duration of execution: .01128 sec." classname="test.integration.co.conex.cconInstrumentDefinition" time="0"></testcase></testsuite><testsuite name="test.integration.co.conex.cconInstrumentDefinition.TestGetInstrumentListWSO_AllDisabled" timestamp="2020-04-02T21:03:42.209Z" tests="5" failures="0" errors="0" time="0.031385"><testcase name="LogMessage: All instruments disabled:" classname="test.int
[...]
RunOneTestSuite+63^%UnitTest.Manager.1^12e^zRunTestSuites+67^test.fwk.AbstractManager.1^1+e^zRunTest+1^test.fwk.AbstractManager.1^1#e^zRunTest+2^test.fwk.Manager.1^1&apos;d^zExecuteTest+4^test.ci.Launcher.1^1-d^zExecuteGenericTC+13^test.ci.Launcher.1^11d^zExecuteTestTypeCases+13^test.ci.Launcher.1^1$d^zExecute+16^test.ci.Launcher.1^1d^zRun+2^test.ci.Launcher.1^1,d^zExecuteCITests+1^test.fwk.Interface.1^1*d^ztest+7^|&quot;%SYS&quot;|manifest.Installer.1^1d^^^1 [ERROR 10020]" classname="test.integration.ruleEngine.config.co.ExportRules" time="0"><failure message="0 »10020§:zCreateSession+10^test.integrationfwk.Utils.Generic.1 +1ACBd+e^zRaise+11^test.fwk.ExceptionHandler.1^1;e^zCreateSession+10^test.integrationfwk.Utils.Generic.1^1[d^zOnBeforeTestExportRulesFailure+4^test.integration.ruleEngine.config.co.ExportRules.1^18e^zOnBeforeOneTest+23^test.integrationfwk.TestCase.1^10e^zRunOneBefore+2^test.fwk.AbstractManager.1^15e^zRunOneTestMethod+10^test.fwk.AbstractManager.1^13d^zRunOneTestCase+41^test.fwk.AbstractManager.1^1-d^zRunOneTestSuite+63^%UnitTest.Manager.1^12e^zRunTestSuites+67^test.fwk.AbstractManager.1^1+e^zRunTest+1^test.fwk.AbstractManager.1^1#e^zRunTest+2^test.fwk.Manager.1^1&apos;d^zExecuteTest+4^test.ci.Launcher.1^1-d^zExecuteGenericTC+13^test.ci.Launcher.1^11d^zExecuteTestTypeCases+13^test.ci.Launcher.1^1$d^zExecute+16^test.ci.Launcher.1^1d^zRun+2^test.ci.Launcher.1^1,d^zExecuteCITests+1^test.fwk.Interface.1^1*d^ztest+7^|&quot;%SYS&quot;|manifest.Installer.1^1d^^^1 [ERROR 10020]" type="AssertTrue"></failure></testcase><testcase name="LogMessage: Duration of execution: 0 sec." classname="test.integration.ruleEngine.config.co.ExportRules" time="0"></testcase></testsuite><testsuite name="test.integration.ruleEngine.config.co.ExportRules.TestExportRules_Success" timestamp="2020-04-02T21:03:48.489Z" tests="1" failures="2" errors="0" time="0"><testcase name="AssertTrue: 0 »10020§:zCreateSession+10^test.integrationfwk.Utils.Generic.1 +1ACBd+e^zRaise+11^test.fwk.ExceptionHandler.1^1;e^zCreateSession+10^test.integrationfwk.Utils.Generic.1^1[d^zOnBeforeTestExportRulesSuccess+4^test.integration.ruleEngine.config.co.ExportRules.1^18e^zOnBeforeOneTest+23^test.integrationfwk.TestCase.1^10e^zRunOneBefore+2^test.fwk.AbstractManager.1^15e^zRunOneTestMethod+10^test.fwk.AbstractManager.1^13d^zRunOneTestCase+41^test.fwk.AbstractManager.1^1-d^zRunOneTestSuite+63^%UnitTest.Manager.1^12e^zRunTestSuites+67^test.fwk.AbstractManager.1^1+e^zRunTest+1^test.fwk.AbstractManager.1^1#e^zRunTest+2^test.fwk.Manager.1^1&apos;d^zExecuteTest+4^test.ci.Launcher.1^1-d^zExecuteGenericTC+13^test.ci.Launcher.1^11d^zExecuteTestTypeCases+13^test.ci.Launcher.1^1$d^zExecute+16^test.ci.Launcher.1^1d^zRun+2^test.ci.Launcher.1^1,d^zExecuteCITests+1^test.fwk.Interface.1^1*d^ztest+7^|&quot;%SYS&quot;|manifest.Installer.1^1d^^^1 [ERROR 10020]" classname="test.integration.ruleEngine.config.co.ExportRules" time="0"><failure message="0 »10020§:zCreateSession+10^test.integrationfwk.Utils.Generic.1 +1ACBd+e^zRaise+11^test.fwk.ExceptionHandler.1^1;e^zCreateSession+10^test.integrationfwk.Utils.Generic.1^1[d^zOnBeforeTestExportRulesSuccess+4^test.integration.ruleEngine.config.co.ExportRules.1^18e^zOnBeforeOneTest+23^test.integrationfwk.TestCase.1^10e^zRunOneBefore+2^test.fwk.AbstractManager.1^15e^zRunOneTestMethod+10^test.fwk.AbstractManager.1^13d^zRunOneTestCase+41^test.fwk.AbstractManager.1^1-d^zRunOneTestSuite+63^%UnitTest.Manager.1^12e^zRunTestSuites+67^test.fwk.AbstractManager.1^1+e^zRunTest+1^test.fwk.AbstractManager.1^1#e^zRunTest+2^test.fwk.Manager.1^1&apos;d^zExecuteTest+4^test.ci.Launcher.1^1-d^zExecuteGenericTC+13^test.ci.Launcher.1^11d^zExecuteTestTypeCases+13^test.ci.Launcher.1^1$d^zExecute+16^test.ci.Launcher.1^1d^zRun+2^test.ci.Launcher.1^1,d^zExecuteCITests+1^test.fwk.Interface.1^1*d^ztest+7^|&quot;%SYS&quot;|manifest.Installer.1^1d^^^1 [ERROR 10020]" type="AssertTrue"></failure></testcase><testcase name="LogMessage: Duration of execution: 0 sec." classname="test.integration.ruleEngine.config.co.ExportRules" time="0"></testcase><testcase name="AssertError: &lt;INVALID OREF&gt; 192 zOnAfterTestExportRulesSuccess+4^test.integration.ruleEngine.config.co.ExportRules.1 " classname="test.integration.ruleEngine.config.co.ExportRules" time="0"><failure message="&lt;INVALID OREF&gt; 192 zOnAfterTestExportRulesSuccess+4^test.integration.ruleEngine.config.co.ExportRules.1 " type="AssertError"></failure></testcase></testsuite><testsuite name="test.integration.ruleEngine.config.co.ExportRules.TestExportRules_Success2Files" timestamp="2020-04-02T21:03:48.489Z" tests="1" failures="2" errors="0" time="0"><testcase name="AssertTrue: 0 »10020§:zCreateSession+10^test.integrationfwk.Utils.Generic.1 +1ACBd+e^zRaise+11^test.fwk.ExceptionHandler.1^1;e^zCreateSession+10^test.integrationfwk.Utils.Generic.1^1[d^zOnBeforeTestExportRulesSucces2+4^test.integration.ruleEngine.config.co.ExportRules.1^18e^zOnBeforeOneTest+23^test.integrationfwk.TestCase.1^10e^zRunOneBefore+2^test.fwk.AbstractManager.1^15e^zRunOneTestMethod+10^test.fwk.AbstractManager.1^13d^zRunOneTestCase+41^test.fwk.AbstractManager.1^1-d^zRunOneTestSuite+63^%UnitTest.Manager.1^12e^zRunTestSuites+67^test.fwk.AbstractManager.1^1+e^zRunTest+1^test.fwk.AbstractManager.1^1#e^zRunTest+2^test.fwk.Manager.1^1&apos;d^zExecuteTest+4^test.ci.Launcher.1^1-d^zExecuteGenericTC+13^test.ci.Launcher.1^11d^zExecuteTestTypeCases+13^test.ci.Launcher.1^1$d^zExecute+16^test.ci.Launcher.1^1d^zRun+2^test.ci.Launcher.1^1,d^zExecuteCITests+1^test.fwk.Interface.1^1*d^ztest+7^|&quot;%SYS&quot;|manifest.Installer.1^1d^^^1 [ERROR 10020]" classname="test.integration.ruleEngine.config.co.ExportRules" time="0"><failure message="0 »10020§:zCreateSession+10^test.integrationfwk.Utils.Generic.1 +1ACBd+e^zRaise+11^test.fwk.ExceptionHandler.1^1;e^zCreateSession+10^test.integrationfwk.Utils.Generic.1^1[d^zOnBeforeTestExportRulesSucces2+4^test.integration.ruleEngine.config.co.ExportRules.1^18e^zOnBeforeOneTest+23^test.integrationfwk.TestCase.1^10e^zRunOneBefore+2^test.fwk.AbstractManager.1^15e^zRunOneTestMethod+10^test.fwk.AbstractManager.1^13d^zRunOneTestCase+41^test.fwk.AbstractManager.1^1-d^zRunOneTestSuite+63^%UnitTest.Manager.1^12e^zRunTestSuites+67^test.fwk.AbstractManager.1^1+e^zRunTest+1^test.fwk.AbstractManager.1^1#e^zRunTest+2^test.fwk.Manager.1^1&apos;d^zExecuteTest+4^test.ci.Launcher.1^1-d^zExecuteGenericTC+13^test.ci.Launcher.1^11d^zExecuteTestTypeCases+13^test.ci.Launcher.1^1$d^zExecute+16^test.ci.Launcher.1^1d^zRun+2^test.ci.Launcher.1^1,d^zExecuteCITests+1^test.fwk.Interface.1^1*d^ztest+7^|&quot;%SYS&quot;|manifest.Installer.1^1d^^^1 [ERROR 10020]" type="AssertTrue"></failure></testcase><testcase name="LogMessage: Duration of execution: 0 sec." classname="test.integration.ruleEngine.config.co.ExportRules" time="0"></testcase><testcase name="AssertError: &lt;INVALID OREF&gt; 192 zOnAfterTestExportRulesSuccess2+5^test.integration.ruleEngine.config.co.ExportRules.1 " classname="test.integration.ruleEngine.config.co.ExportRules" time="0"><failure message="&lt;INVALID OREF&gt; 192 zOnAfterTestExportRulesSuccess2+5^test.integration.ruleEngine.config.co.ExportRules.1 " type="AssertError"></failure></testcase></testsuite><testsuite name="test.integration.wso.co.cReports.TestGetPrintedOrdersByDate" timestamp="2020-04-02T21:03:48.489Z" tests="1" failures="1" errors="0" time="0"><testcase name="AssertTrue: 0 ª10020:zCreateSession+10^test.integrationfwk.Utils.Generic.1 +1ACBS+e^zRaise+11^test.fwk.ExceptionHandler.1^1;e^zCreateSession+10^test.integrationfwk.Utils.Generic.1^1Jd^zOnBeforeTestGetPrintedOrdersBy+5^test.integration.wso.co.cReports.1^18e^zOnBeforeOneTest+23^test.integrationfwk.TestCase.1^10e^zRunOneBefore+2^test.fwk.AbstractManager.1^15e^zRunOneTestMethod+10^test.fwk.AbstractManager.1^13d^zRunOneTestCase+41^test.fwk.AbstractManager.1^1-d^zRunOneTestSuite+63^%UnitTest.Manager.1^12e^zRunTestSuites+67^test.fwk.AbstractManager.1^1+e^zRunTest+1^test.fwk.AbstractManager.1^1#e^zRunTest+2^test.fwk.Manager.1^1&apos;d^zExecuteTest+4^test.ci.Launcher.1^1-d^zExecuteGenericTC+13^test.ci.Launcher.1^11d^zExecuteTestTypeCases+13^test.ci.Launcher.1^1$d^zExecute+16^test.ci.Launcher.1^1d^zRun+2^test.ci.Launcher.1^1,d^zExecuteCITests+1^test.fwk.Interface.1^1*d^ztest+7^|&quot;%SYS&quot;|manifest.Installer.1^1d^^^1 [ERROR 10020]" classname="test.integration.wso.co.cReports" time="0"><failure message="0 ª10020:zCreateSession+10^test.integrationfwk.Utils.Generic.1 +1ACBS+e^zRaise+11^test.fwk.ExceptionHandler.1^1;e^zCreateSession+10^test.integrationfwk.Utils.Generic.1^1Jd^zOnBeforeTestGetPrintedOrdersBy+5^test.integration.wso.co.cReports.1^18e^zOnBeforeOneTest+23^test.integrationfwk.TestCase.1^10e^zRunOneBefore+2^test.fwk.AbstractManager.1^15e^zRunOneTestMethod+10^test.fwk.AbstractManager.1^13d^zRunOneTestCase+41^test.fwk.AbstractManager.1^1-d^zRunOneTestSuite+63^%UnitTest.Manager.1^12e^zRunTestSuites+67^test.fwk.AbstractManager.1^1+e^zRunTest+1^test.fwk.AbstractManager.1^1#e^zRunTest+2^test.fwk.Manager.1^1&apos;d^zExecuteTest+4^test.ci.Launcher.1^1-d^zExecuteGenericTC+13^test.ci.Launcher.1^11d^zExecuteTestTypeCases+13^test.ci.Launcher.1^1$d^zExecute+16^test.ci.Launcher.1^1d^zRun+2^test.ci.Launcher.1^1,d^zExecuteCITests+1^test.fwk.Interface.1^1*d^ztest+7^|&quot;%SYS&quot;|manifest.Installer.1^1d^^^1 [ERROR 10020]" type="AssertTrue"></failure></testcase><testcase name="LogMessage: Duration of execution: 0 sec." classname="test.integration.wso.co.cReports" time="0"></testcase></testsuite><testsuite name="test.integration.wso.co.cReports.TestGetReportParameters" timestamp="2020-04-02T21:03:48.738Z" tests="6" failures="1" errors="0" time="0.249007"><testcase name="AssertEquals: Testing the report does not exists.Done" classname="test.integration.wso.co.cReports" time="0"></testcase><testcase name="AssertEquals: Testing target destination does not exists.Done" classname="test.integration.wso.co.cReports" time="0"></testcase><testcase name="AssertNotEquals: Testing report exists.Done" classname="test.integration.wso.co.cReports" time="0"></testcase><testcase name="AssertNotEquals: Testing target destination exists.Done" classname="test.integration.wso.co.cReports" time="0"><failure message="Testing target destination exists.Done" type="AssertNotEquals"></failure></testcase><testcase name="LogMessage: Global References: 91354" classname="test.integration.wso.co.cReports" time="0"></testcase><testcase name="LogMessage: Commands executed: 434402 (+/- 100)" classname="test.integration.wso.co.cReports" time="0"></testcase><testcase name="LogMessage: Duration of execution: .249007 sec." classname="test.integration.wso.co.cReports" time="0"></testcase></testsuite><testsuite name="test.integration.wso.co.cReports.TestGetReportPath" timestamp="2020-04-02T21:03:48.74Z" tests="3" failures="1" errors="0" time="0.002068"><testcase name="AssertTrue: 0 M2&lt;INVALID OREF&gt;zGetReportPath+5^wso.co.cReports.1ACB&apos;^zGetReportPath+5^wso.co.cReports.1^1=e^zTestGetReportPath+9^test.integration.wso.co.cReports.1^1)d^zOnTestMethod+4^test.fwk.TestCase.1^1:d^zRunOneTestMethodSecure+3^test.fwk.AbstractManager.1^15d^zRunOneTestMethod+19^test.fwk.AbstractManager.1^13d^zRunOneTestCase+41^test.fwk.AbstractManager.1^1-d^zRunOneTestSuite+63^%UnitTest.Manager.1^12e^zRunTestSuites+67^test.fwk.AbstractManager.1^1+e^zRunTest+1^test.fwk.AbstractManager.1^1#e^zRunTest+2^test.fwk.Manager.1^1&apos;d^zExecuteTest+4^test.ci.Launcher.1^1-d^zExecuteGenericTC+13^test.ci.Launcher.1^11d^zExecuteTestTypeCases+13^test.ci.Launcher.1^1$d^zExecute+16^test.ci.Launcher.1^1d^zRun+2^test.ci.Launcher.1^1,d^zExecuteCITests+1^test.fwk.Interface.1^1*d^ztest+7^|&quot;%SYS&quot;|manifest.Installer.1^1d^^^1 [ERROR &lt;INVALID OREF&gt;zGetReportPath+5^wso.co.cReports.1]" classname="test.integration.wso.co.cReports" time="0"><failure message="0 M2&lt;INVALID OREF&gt;zGetReportPath+5^wso.co.cReports.1ACB&apos;^zGetReportPath+5^wso.co.cReports.1^1=e^zTestGetReportPath+9^test.integration.wso.co.cReports.1^1)d^zOnTestMethod+4^test.fwk.TestCase.1^1:d^zRunOneTestMethodSecure+3^test.fwk.AbstractManager.1^15d^zRunOneTestMethod+19^test.fwk.AbstractManager.1^13d^zRunOneTestCase+41^test.fwk.AbstractManager.1^1-d^zRunOneTestSuite+63^%UnitTest.Manager.1^12e^zRunTestSuites+67^test.fwk.AbstractManager.1^1+e^zRunTest+1^test.fwk.AbstractManager.1^1#e^zRunTest+2^test.fwk.Manager.1^1&apos;d^zExecuteTest+4^test.ci.Launcher.1^1-d^zExecuteGenericTC+13^test.ci.Launcher.1^11d^zExecuteTestTypeCases+13^test.ci.Launcher.1^1$d^zExecute+16^test.ci.Launcher.1^1d^zRun+2^test.ci.Launcher.1^1,d^zExecuteCITests+1^test.fwk.Interface.1^1*d^ztest+7^|&quot;%SYS&quot;|manifest.Installer.1^1d^^^1 [ERROR &lt;INVALID OREF&gt;zGetReportPath+5^wso.co.cReports.1]" type="AssertTrue"></failure></testcase><testcase name="LogMessage: Global References: 50" classname="test.integration.wso.co.cReports" time="0"></testcase><testcase name="LogMessage: Commands executed: 495 (+/- 100)" classname="test.integration.wso.co.cReports" time="0"></testcase><testcase name="LogMessage: Duration of execution: .002068 sec." classname="test.integration.wso.co.cReports" time="0"></testcase></testsuite><testsuite name="test.integration.wso.co.cReports.TestHasReportPermissions" timestamp="2020-04-02T21:03:48.74Z" tests="1" failures="1" errors="0" time="0"><testcase name="AssertTrue: 0 ª10020:zCreateSession+10^test.integrationfwk.Utils.Generic.1 +1ACBS+e^zRaise+11^test.fwk.ExceptionHandler.1^1;e^zCreateSession+10^test.integrationfwk.Utils.Generic.1^1Jd^zOnBeforeTestHasReportPermissio+4^test.integration.wso.co.cReports.1^18e^zOnBeforeOneTest+23^test.integrationfwk.TestCase.1^10e^zRunOneBefore+2^test.fwk.AbstractManager.1^15e^zRunOneTestMethod+10^test.fwk.AbstractManager.1^13d^zRunOneTestCase+41^test.fwk.AbstractManager.1^1-d^zRunOneTestSuite+63^%UnitTest.Manager.1^12e^zRunTestSuites+67^test.fwk.AbstractManager.1^1+e^zRunTest+1^test.fwk.AbstractManager.1^1#e^zRunTest+2^test.fwk.Manager.1^1&apos;d^zExecuteTest+4^test.ci.Launcher.1^1-d^zExecuteGenericTC+13^test.ci.Launcher.1^11d^zExecuteTestTypeCases+13^test.ci.Launcher.1^1$d^zExecute+16^test.ci.Launcher.1^1d^zRun+2^test.ci.Launcher.1^1,d^zExecuteCITests+1^test.fwk.Interface.1^1*d^ztest+7^|&quot;%SYS&quot;|manifest.Installer.1^1d^^^1 [ERROR 10020]" classname="test.integration.wso.co.cReports" time="0"><failure message="0 ª10020:zCreateSession+10^test.integrationfwk.Utils.Generic.1 +1ACBS+e^zRaise+11^test.fwk.ExceptionHandler.1^1;e^zCreateSession+10^test.integrationfwk.Utils.Generic.1^1Jd^zOnBeforeTestHasReportPermissio+4^test.integration.wso.co.cReports.1^18e^zOnBeforeOneTest+23^test.integrationfwk.TestCase.1^10e^zRunOneBefore+2^test.fwk.AbstractManager.1^15e^zRunOneTestMethod+10^test.fwk.AbstractManager.1^13d^zRunOneTestCase+41^test.fwk.AbstractManager.1^1-d^zRunOneTestSuite+63^%UnitTest.Manager.1^12e^zRunTestSuites+67^test.fwk.AbstractManager.1^1+e^zRunTest+1^test.fwk.AbstractManager.1^1#e^zRunTest+2^test.fwk.Manager.1^1&apos;d^zExecuteTest+4^test.ci.Launcher.1^1-d^zExecuteGenericTC+13^test.ci.Launcher.1^11d^zExecuteTestTypeCases+13^test.ci.Launcher.1^1$d^zExecute+16^test.ci.Launcher.1^1d^zRun+2^test.ci.Launcher.1^1,d^zExecuteCITests+1^test.fwk.Interface.1^1*d^ztest+7^|&quot;%SYS&quot;|manifest.Installer.1^1d^^^1 [ERROR 10020]" type="AssertTrue"></failure></testcase><testcase name="LogMessage: Duration of execution: 0 sec." classname="test.integration.wso.co.cReports" time="0"></testcase></testsuite><testsuite name="test.integration.wso.co.cReports.TestImportPatient" timestamp="2020-04-02T21:03:48.74Z" tests="1" failures="1" errors="0" time="0"><testcase name="AssertTrue: 0 ¥10020:zCreateSession+10^test.integrationfwk.Utils.Generic.1 +1ACBN+e^zRaise+11^test.fwk.ExceptionHandler.1^1;e^zCreateSession+10^test.integrationfwk.Utils.Generic.1^1Ed^zOnBeforeTestImportPatient+4^test.integration.wso.co.cReports.1^18e^zOnBeforeOneTest+23^test.integrationfwk.TestCase.1^10e^zRunOneBefore+2^test.fwk.AbstractManager.1^15e^zRunOneTestMethod+10^test.fwk.AbstractManager.1^13d^zRunOneTestCase+41^test.fwk.AbstractManager.1^1-d^zRunOneTestSuite+63^%UnitTest.Manager.1^12e^zRunTestSuites+67^test.fwk.AbstractManager.1^1+e^zRunTest+1^test.fwk.AbstractManager.1^1#e^zRunTest+2^test.fwk.Manager.1^1&apos;d^zExecuteTest+4^test.ci.Launcher.1^1-d^zExecuteGenericTC+13^test.ci.Launcher.1^11d^zExecuteTestTypeCases+13^test.ci.Launcher.1^1$d^zExecute+16^test.ci.Launcher.1^1d^zRun+2^test.ci.Launcher.1^1,d^zExecuteCITests+1^test.fwk.Interface.1^1*d^ztest+7^|&quot;%SYS&quot;|manifest.Installer.1^1d^^^1 [ERROR 10020]" classname="test.integration.wso.co.cReports" time="0"><failure message="0 ¥10020:zCreateSession+10^test.integrationfwk.Utils.Generic.1 +1ACBN+e^zRaise+11^test.fwk.ExceptionHandler.1^1;e^zCreateSession+10^test.integrationfwk.Utils.Generic.1^1Ed^zOnBeforeTestImportPatient+4^test.integration.wso.co.cReports.1^18e^zOnBeforeOneTest+23^test.integrationfwk.TestCase.1^10e^zRunOneBefore+2^test.fwk.AbstractManager.1^15e^zRunOneTestMethod+10^test.fwk.AbstractManager.1^13d^zRunOneTestCase+41^test.fwk.AbstractManager.1^1-d^zRunOneTestSuite+63^%UnitTest.Manager.1^12e^zRunTestSuites+67^test.fwk.AbstractManager.1^1+e^zRunTest+1^test.fwk.AbstractManager.1^1#e^zRunTest+2^test.fwk.Manager.1^1&apos;d^zExecuteTest+4^test.ci.Launcher.1^1-d^zExecuteGenericTC+13^test.ci.Launcher.1^11d^zExecuteTestTypeCases+13^test.ci.Launcher.1^1$d^zExecute+16^test.ci.Launcher.1^1d^zRun+2^test.ci.Launcher.1^1,d^zExecuteCITests+1^test.fwk.Interface.1^1*d^ztest+7^|&quot;%SYS&quot;|manifest.Installer.1^1d^^^1 [ERROR 10020]" type="AssertTrue"></failure></testcase><testcase name="LogMessage: Duration of execution: 0 sec." classname="test.integration.wso.co.cReports" time="0"></testcase></testsuite><testsuite name="test.integration.wso.co.cReports.TestPreview" timestamp="2020-04-02T21:03:48.74Z" tests="1" failures="1" errors="0" time="0"><testcase name="AssertTrue: 0 10020:zCreateSession+10^test.integrationfwk.Utils.Generic.1 +1ACBH+e^zRaise+11^test.fwk.ExceptionHandler.1^1;e^zCreateSession+10^test.integrationfwk.Utils.Generic.1^1?d^zOnBeforeTestPreview+4^test.integration.wso.co.cReports.1^18e^zOnBeforeOneTest+23^test.integrationfwk.TestCase.1^10e^zRunOneBefore+2^test.fwk.AbstractManager.1^15e^zRunOneTestMethod+10^test.fwk.AbstractManager.1^13d^zRunOneTestCase+41^test.fwk.AbstractManager.1^1-d^zRunOneTestSuite+63^%UnitTest.Manager.1^12e^zRunTestSuites+67^test.fwk.AbstractManager.1^1+e^zRunTest+1^test.fwk.AbstractManager.1^1#e^zRunTest+2^test.fwk.Manager.1^1&apos;d^zExecuteTest+4^test.ci.Launcher.1^1-d^zExecuteGenericTC+13^test.ci.Launcher.1^11d^zExecuteTestTypeCases+13^test.ci.Launcher.1^1$d^zExecute+16^test.ci.Launcher.1^1d^zRun+2^test.ci.Launcher.1^1,d^zExecuteCITests+1^test.fwk.Interface.1^1*d^ztest+7^|&quot;%SYS&quot;|manifest.Installer.1^1d^^^1 [ERROR 10020]" classname="test.integration.wso.co.cReports" time="0"><failure message="0 10020:zCreateSession+10^test.integrationfwk.Utils.Generic.1 +1ACBH+e^zRaise+11^test.fwk.ExceptionHandler.1^1;e^zCreateSession+10^test.integrationfwk.Utils.Generic.1^1?d^zOnBeforeTestPreview+4^test.integration.wso.co.cReports.1^18e^zOnBeforeOneTest+23^test.integrationfwk.TestCase.1^10e^zRunOneBefore+2^test.fwk.AbstractManager.1^15e^zRunOneTestMethod+10^test.fwk.AbstractManager.1^13d^zRunOneTestCase+41^test.fwk.AbstractManager.1^1-d^zRunOneTestSuite+63^%UnitTest.Manager.1^12e^zRunTestSuites+67^test.fwk.AbstractManager.1^1+e^zRunTest+1^test.fwk.AbstractManager.1^1#e^zRunTest+2^test.fwk.Manager.1^1&apos;d^zExecuteTest+4^test.ci.Launcher.1^1-d^zExecuteGenericTC+13^test.ci.Launcher.1^11d^zExecuteTestTypeCases+13^test.ci.Launcher.1^1$d^zExecute+16^test.ci.Launcher.1^1d^zRun+2^test.ci.Launcher.1^1,d^zExecuteCITests+1^test.fwk.Interface.1^1*d^ztest+7^|&quot;%SYS&quot;|manifest.Installer.1^1d^^^1 [ERROR 10020]" type="AssertTrue"></failure></testcase><testcase name="LogMessage: Duration of execution: 0 sec." classname="test.integration.wso.co.cReports" time="0"></testcase></testsuite></testsuites>