<?xml version="1.0" encoding="UTF-8"?>
<testsuites><testsuite name="test.unit.core.result.config.co.AlarmTypes.TestAddAlarmType" timestamp="2020-04-02T21:03:11Z" tests="4" failures="0" errors="0" time="0.00069"><testcase name="AssertEquals: Get expected alarmID: AL1" classname="test.unit.core.result.config.co.AlarmTypes" time="0"></testcase><testcase name="LogMessage: Global references: 0" classname="test.unit.core.result.config.co.AlarmTypes" time="0"></testcase><testcase name="LogMessage: Commands executed: 47 (+/- 100)" classname="test.unit.core.result.config.co.AlarmTypes" time="0"></testcase><testcase name="LogMessage: Duration of execution: .00069 sec." classname="test.unit.core.result.config.co.AlarmTypes" time="0"></testcase></testsuite><testsuite name="test.unit.core.result.config.co.AlarmTypes.TestGetAlarmType" timestamp="2020-04-02T21:03:11.001Z" tests="8" failures="0" errors="0" time="0.001008"><testcase name="AssertEquals: Test Status" classname="test.unit.core.result.config.co.AlarmTypes" time="0"></testcase><testcase name="AssertEquals: Test HoldValidation" classname="test.unit.core.result.config.co.AlarmTypes" time="0"></testcase><testcase name="AssertEquals: Test ResourceID" classname="test.unit.core.result.config.co.AlarmTypes" time="0"></testcase><testcase name="AssertEquals: Test UserDescription" classname="test.unit.core.result.config.co.AlarmTypes" time="0"></testcase><testcase name="AssertEquals: Test Name" classname="test.unit.core.result.config.co.AlarmTypes" time="0"></testcase><testcase name="LogMessage: Global references: 0" classname="test.unit.core.result.config.co.AlarmTypes" time="0"></testcase><testcase name="LogMessage: Commands executed: 349 (+/- 100)" classname="test.unit.core.result.config.co.AlarmTypes" time="0"></testcase><testcase name="LogMessage: Duration of execution: .001008 sec." classname="test.unit.core.result.config.co.AlarmTypes" time="0"></testcase></testsuite><testsuite name="test.unit.core.result.config.co.AlarmTypes.TestGetAlarmTypeName_ResourceExists" timestamp="2020-04-02T21:03:11.001Z" tests="4" failures="0" errors="0" time="0.000414"><testcase name="AssertEquals: Text recovered" classname="test.unit.core.result.config.co.AlarmTypes" time="0"></testcase><testcase name="LogMessage: Global references: 0" classname="test.unit.core.result.config.co.AlarmTypes" time="0"></testcase><testcase name="LogMessage: Commands executed: 119 (+/- 100)" classname="test.unit.core.result.config.co.AlarmTypes" time="0"></testcase><testcase name="LogMessage: Duration of execution: .000414 sec." classname="test.unit.core.result.config.co.AlarmTypes" time="0"></testcase></testsuite><testsuite name="test.unit.core.result.config.co.AlarmTypes.TestGetAlarmTypeName_ResourceNotExists" timestamp="2020-04-02T21:03:11.001Z" tests="4" failures="0" errors="0" time="0.000367"><testcase name="AssertEquals: Text recovered" classname="test.unit.core.result.config.co.AlarmTypes" time="0"></testcase><testcase name="LogMessage: Global references: 0" classname="test.unit.core.result.config.co.AlarmTypes" time="0"></testcase><testcase name="LogMessage: Commands executed: 99 (+/- 100)" classname="test.unit.core.result.config.co.AlarmTypes" time="0"></testcase><testcase name="LogMessage: Duration of execution: .000367 sec." classname="test.unit.core.result.config.co.AlarmTypes" time="0"></testcase></testsuite><testsuite name="test.unit.core.result.config.co.AlarmTypes.TestModStatus_Successful" timestamp="2020-04-02T21:03:11.001Z" tests="4" failures="0" errors="0" time="0.00025"><testcase name="AssertTrue: Status updated successfully" classname="test.unit.core.result.config.co.AlarmTypes" time="0"></testcase><testcase name="LogMessage: Global references: 0" classname="test.unit.core.result.config.co.AlarmTypes" time="0"></testcase><testcase name="LogMessage: Commands executed: 157 (+/- 100)" classname="test.unit.core.result.config.co.AlarmTypes" time="0"></testcase><testcase name="LogMessage: Duration of execution: .00025 sec." classname="test.unit.core.result.config.co.AlarmTypes" time="0"></testcase></testsuite><testsuite name="test.unit.core.result.config.co.AlarmTypes.TestModStatus_Wrong" timestamp="2020-04-02T21:03:11.001Z" tests="4" failures="0" errors="0" time="0.000232"><testcase name="AssertNotTrue: Status updated wrong" classname="test.unit.core.result.config.co.AlarmTypes" time="0"></testcase><testcase name="LogMessage: Global references: 0" classname="test.unit.core.result.config.co.AlarmTypes" time="0"></testcase><testcase name="LogMessage: Commands executed: 157 (+/- 100)" classname="test.unit.core.result.config.co.AlarmTypes" time="0"></testcase><testcase name="LogMessage: Duration of execution: .000232 sec." classname="test.unit.core.result.config.co.AlarmTypes" time="0"></testcase></testsuite><testsuite name="test.unit.ELSA.inventory.co.Hardware.TestGetData_Windows" timestamp="2020-04-02T21:03:11.002Z" tests="9" failures="0" errors="0" time="0.001114"><testcase name="AssertTrue: System enclosure" classname="test.unit.ELSA.inventory.co.Hardware" time="0"></testcase><testcase name="AssertTrue: Operating system" classname="test.unit.ELSA.inventory.co.Hardware" time="0"></testcase><testcase name="AssertTrue: Network adapter" classname="test.unit.ELSA.inventory.co.Hardware" time="0"></testcase><testcase name="AssertTrue: Computer system" classname="test.unit.ELSA.inventory.co.Hardware" time="0"></testcase><testcase name="AssertTrue: Logical disks list" classname="test.unit.ELSA.inventory.co.Hardware" time="0"></testcase><testcase name="AssertTrue: Export timestamp" classname="test.unit.ELSA.inventory.co.Hardware" time="0"></testcase><testcase name="LogMessage: Global references: 0" classname="test.unit.ELSA.inventory.co.Hardware" time="0"></testcase><testcase name="LogMessage: Commands executed: 1145 (+/- 100)" classname="test.unit.ELSA.inventory.co.Hardware" time="0"></testcase><testcase name="LogMessage: Duration of execution: .001114 sec." classname="test.unit.ELSA.inventory.co.Hardware" time="0"></testcase></testsuite><testsuite name="test.unit.hca.mhl.co.batch.Buffer.TestExists" timestamp="2020-04-02T21:03:11.002Z" tests="13" failures="0" errors="0" time="0.000403"><testcase name="LogMessage: *** Already sent with correct data:" classname="test.unit.hca.mhl.co.batch.Buffer" time="0"></testcase><testcase name="AssertTrue: Element found in buffer" classname="test.unit.hca.mhl.co.batch.Buffer" time="0"></testcase><testcase name="LogMessage: *** Already sent with wrong host:" classname="test.unit.hca.mhl.co.batch.Buffer" time="0"></testcase><testcase name="AssertNotTrue: Element not found in buffer" classname="test.unit.hca.mhl.co.batch.Buffer" time="0"></testcase><testcase name="LogMessage: *** Already sent with wrong order:" classname="test.unit.hca.mhl.co.batch.Buffer" time="0"></testcase><testcase name="AssertNotTrue: Element not found in buffer" classname="test.unit.hca.mhl.co.batch.Buffer" time="0"></testcase><testcase name="LogMessage: *** Rule engine already called for order:" classname="test.unit.hca.mhl.co.batch.Buffer" time="0"></testcase><testcase name="AssertTrue: Element found in buffer" classname="test.unit.hca.mhl.co.batch.Buffer" time="0"></testcase><testcase name="LogMessage: *** Rule engine not called for order:" classname="test.unit.hca.mhl.co.batch.Buffer" time="0"></testcase><testcase name="AssertNotTrue: Element not found in buffer" classname="test.unit.hca.mhl.co.batch.Buffer" time="0"></testcase><testcase name="LogMessage: Global references: 0" classname="test.unit.hca.mhl.co.batch.Buffer" time="0"></testcase><testcase name="LogMessage: Commands executed: 765 (+/- 100)" classname="test.unit.hca.mhl.co.batch.Buffer" time="0"></testcase><testcase name="LogMessage: Duration of execution: .000403 sec." classname="test.unit.hca.mhl.co.batch.Buffer" time="0"></testcase></testsuite><testsuite name="test.unit.hca.mhl.co.batch.Buffer.TestInsertControl" timestamp="2020-04-02T21:03:11.003Z" tests="17" failures="0" errors="0" time="0.001756"><testcase name="LogMessage: Add 1 element different than #EventCounter:" classname="test.unit.hca.mhl.co.batch.Buffer" time="0"></testcase><testcase name="AssertTrue: No error after call method" classname="test.unit.hca.mhl.co.batch.Buffer" time="0"></testcase><testcase name="LogMessage: Add 1 #EventCounter element:" classname="test.unit.hca.mhl.co.batch.Buffer" time="0"></testcase><testcase name="AssertTrue: No error after call method" classname="test.unit.hca.mhl.co.batch.Buffer" time="0"></testcase><testcase name="LogMessage: Add another element different than #EventCounter:" classname="test.unit.hca.mhl.co.batch.Buffer" time="0"></testcase><testcase name="AssertTrue: No error after call method" classname="test.unit.hca.mhl.co.batch.Buffer" time="0"></testcase><testcase name="AssertTrue: First element still exists in the buffer" classname="test.unit.hca.mhl.co.batch.Buffer" time="0"></testcase><testcase name="AssertTrue: Third element still exists in the buffer" classname="test.unit.hca.mhl.co.batch.Buffer" time="0"></testcase><testcase name="LogMessage: *** Add 2 more elements in the buffer..." classname="test.unit.hca.mhl.co.batch.Buffer" time="0"></testcase><testcase name="AssertNotTrue: First element no longer exists in the buffer as has been overwritten" classname="test.unit.hca.mhl.co.batch.Buffer" time="0"></testcase><testcase name="AssertTrue: Third element still exists in the buffer" classname="test.unit.hca.mhl.co.batch.Buffer" time="0"></testcase><testcase name="LogMessage: *** Add another element in the buffer..." classname="test.unit.hca.mhl.co.batch.Buffer" time="0"></testcase><testcase name="AssertNotTrue: Third element no longer exists in the buffer as has been overwritten" classname="test.unit.hca.mhl.co.batch.Buffer" time="0"></testcase><testcase name="AssertTrue: One of new elements can be found properly" classname="test.unit.hca.mhl.co.batch.Buffer" time="0"></testcase><testcase name="LogMessage: Global references: 0" classname="test.unit.hca.mhl.co.batch.Buffer" time="0"></testcase><testcase name="LogMessage: Commands executed: 1359 (+/- 100)" classname="test.unit.hca.mhl.co.batch.Buffer" time="0"></testcase><testcase name="LogMessage: Duration of execution: .001756 sec." classname="test.unit.hca.mhl.co.batch.Buffer" time="0"></testcase></testsuite><testsuite name="test.unit.hca.mhl.co.batch.Manager.TestProcessBatchEvent" timestamp="2020-04-02T21:03:11.003Z" tests="4" failures="0" errors="0" time="0.000504"><testcase name="AssertEquals: Event to process is the correct one [AC1]" classname="test.unit.hca.mhl.co.batch.Manager" time="0"></testcase><testcase name="LogMessage: Global references: 0" classname="test.unit.hca.mhl.co.batch.Manager" time="0"></testcase><testcase name="LogMessage: Commands executed: 283 (+/- 100)" classname="test.unit.hca.mhl.co.batch.Manager" time="0"></testcase><testcase name="LogMessage: Duration of execution: .000504 sec." classname="test.unit.hca.mhl.co.batch.Manager" time="0"></testcase></testsuite><testsuite name="test.unit.ica.config.co.TestMapping.TestAdd_CreateError" timestamp="2020-04-02T21:03:11.421Z" tests="7" failures="0" errors="0" time="0.418399"><testcase name="AssertEquals: Created a controlled exception at Create method from DM. [ERROR 99999@@GeneralException test.unit.ica.config.co.TestMapping.CLS(CreateMocked+7) +1 [ACB] Mocked ERROR on Create at DataManager]" classname="test.unit.ica.config.co.TestMapping" time="0"></testcase><testcase name="AssertEquals: Nothing returned" classname="test.unit.ica.config.co.TestMapping" time="0"></testcase><testcase name="AssertEquals: CheckDontSend method at DM not called." classname="test.unit.ica.config.co.TestMapping" time="0"></testcase><testcase name="LogMessage: Negative test" classname="test.unit.ica.config.co.TestMapping" time="0"></testcase><testcase name="LogMessage: Global References: 6085" classname="test.unit.ica.config.co.TestMapping" time="0"></testcase><testcase name="LogMessage: Commands executed: 289958 (+/- 100)" classname="test.unit.ica.config.co.TestMapping" time="0"></testcase><testcase name="LogMessage: Duration of execution: .418399 sec." classname="test.unit.ica.config.co.TestMapping" time="0"></testcase></testsuite><testsuite name="test.unit.ica.config.co.TestMapping.TestAdd_ExistTestForTube" timestamp="2020-04-02T21:03:11.844Z" tests="6" failures="0" errors="0" time="0.423363"><testcase name="AssertEquals: Created a controlled exception from Core.Test provider. [ERROR 42982@@GeneralException ica.config.co.TestMapping.CLS(Add+16) +1 [ACB] Test type already mapped for this tube and instrument]" classname="test.unit.ica.config.co.TestMapping" time="0"></testcase><testcase name="AssertEquals: Nothing returned" classname="test.unit.ica.config.co.TestMapping" time="0"></testcase><testcase name="LogMessage: Negative test" classname="test.unit.ica.config.co.TestMapping" time="0"></testcase><testcase name="LogMessage: Global References: 5227" classname="test.unit.ica.config.co.TestMapping" time="0"></testcase><testcase name="LogMessage: Commands executed: 270236 (+/- 100)" classname="test.unit.ica.config.co.TestMapping" time="0"></testcase><testcase name="LogMessage: Duration of execution: .423363 sec." classname="test.unit.ica.config.co.TestMapping" time="0"></testcase></testsuite><testsuite name="test.unit.ica.config.co.TestMapping.TestAdd_NoQC" timestamp="2020-04-02T21:03:11.844Z" tests="7" failures="0" errors="0" time="0.000731"><testcase name="AssertEquals: Method completed without error." classname="test.unit.ica.config.co.TestMapping" time="0"></testcase><testcase name="AssertEquals: Returned created record id." classname="test.unit.ica.config.co.TestMapping" time="0"></testcase><testcase name="AssertEquals: CheckDontSend method at DM called." classname="test.unit.ica.config.co.TestMapping" time="0"></testcase><testcase name="AssertEquals: Add method at TestMappingQC provider not called." classname="test.unit.ica.config.co.TestMapping" time="0"></testcase><testcase name="LogMessage: Global references: 0" classname="test.unit.ica.config.co.TestMapping" time="0"></testcase><testcase name="LogMessage: Commands executed: 560 (+/- 100)" classname="test.unit.ica.config.co.TestMapping" time="0"></testcase><testcase name="LogMessage: Duration of execution: .000731 sec." classname="test.unit.ica.config.co.TestMapping" time="0"></testcase></testsuite><testsuite name="test.unit.ica.config.co.TestMapping.TestAdd_QC_NoTarget" timestamp="2020-04-02T21:03:11.844Z" tests="8" failures="0" errors="0" time="0.000975"><testcase name="AssertEquals: Method completed without error." classname="test.unit.ica.config.co.TestMapping" time="0"></testcase><testcase name="AssertEquals: Returned created record id." classname="test.unit.ica.config.co.TestMapping" time="0"></testcase><testcase name="AssertEquals: CheckDontSend method at DM called." classname="test.unit.ica.config.co.TestMapping" time="0"></testcase><testcase name="AssertEquals: Add method at TestMappingQC provider called." classname="test.unit.ica.config.co.TestMapping" time="0"></testcase><testcase name="AssertEquals: ManageAddLabFlow method not called." classname="test.unit.ica.config.co.TestMapping" time="0"></testcase><testcase name="LogMessage: Global references: 0" classname="test.unit.ica.config.co.TestMapping" time="0"></testcase><testcase name="LogMessage: Commands executed: 654 (+/- 100)" classname="test.unit.ica.config.co.TestMapping" time="0"></testcase><testcase name="LogMessage: Duration of execution: .000975 sec." classname="test.unit.ica.config.co.TestMapping" time="0"></testcase></testsuite><testsuite name="test.unit.ica.config.co.TestMapping.TestAdd_TargetERROR" timestamp="2020-04-02T21:03:11.852Z" tests="7" failures="0" errors="0" time="0.008975"><testcase name="AssertEquals: Created a controlled exception when locking target test. [ERROR 10011@@GeneralException ica.config.co.TestMapping.CLS(Add+54) +1 [ACB] Target tests management locked by another user.]" classname="test.unit.ica.config.co.TestMapping" time="0"></testcase><testcase name="AssertEquals: Nothing returned" classname="test.unit.ica.config.co.TestMapping" time="0"></testcase><testcase name="AssertEquals: ManageAddLabFlow method NOT called." classname="test.unit.ica.config.co.TestMapping" time="0"></testcase><testcase name="LogMessage: Negative test" classname="test.unit.ica.config.co.TestMapping" time="0"></testcase><testcase name="LogMessage: Global References: 4449" classname="test.unit.ica.config.co.TestMapping" time="0"></testcase><testcase name="LogMessage: Commands executed: 14569 (+/- 100)" classname="test.unit.ica.config.co.TestMapping" time="0"></testcase><testcase name="LogMessage: Duration of execution: .008975 sec." classname="test.unit.ica.config.co.TestMapping" time="0"></testcase></testsuite><testsuite name="test.unit.ica.config.co.TestMapping.TestAdd_TargetOK" timestamp="2020-04-02T21:03:11.852Z" tests="6" failures="0" errors="0" time="0.00091"><testcase name="AssertEquals: Method completed without error." classname="test.unit.ica.config.co.TestMapping" time="0"></testcase><testcase name="AssertEquals: Returned created record id." classname="test.unit.ica.config.co.TestMapping" time="0"></testcase><testcase name="AssertEquals: ManageAddLabFlow method called." classname="test.unit.ica.config.co.TestMapping" time="0"></testcase><testcase name="LogMessage: Global references: 0" classname="test.unit.ica.config.co.TestMapping" time="0"></testcase><testcase name="LogMessage: Commands executed: 588 (+/- 100)" classname="test.unit.ica.config.co.TestMapping" time="0"></testcase><testcase name="LogMessage: Duration of execution: .00091 sec." classname="test.unit.ica.config.co.TestMapping" time="0"></testcase></testsuite><testsuite name="test.unit.ica.config.co.TestMapping.TestCreateBooleanQuery" timestamp="2020-04-02T21:03:11.852Z" tests="7" failures="0" errors="0" time="0.000712"><testcase name="AssertEquals: The query is ok" classname="test.unit.ica.config.co.TestMapping" time="0"></testcase><testcase name="AssertEquals: The query is ok" classname="test.unit.ica.config.co.TestMapping" time="0"></testcase><testcase name="AssertEquals: The query is ok" classname="test.unit.ica.config.co.TestMapping" time="0"></testcase><testcase name="AssertEquals: The query is ok" classname="test.unit.ica.config.co.TestMapping" time="0"></testcase><testcase name="LogMessage: Global references: 0" classname="test.unit.ica.config.co.TestMapping" time="0"></testcase><testcase name="LogMessage: Commands executed: 695 (+/- 100)" classname="test.unit.ica.config.co.TestMapping" time="0"></testcase><testcase name="LogMessage: Duration of execution: .000712 sec." classname="test.unit.ica.config.co.TestMapping" time="0"></testcase></testsuite><testsuite name="test.unit.ica.config.co.TestMapping.TestCreateFileName" timestamp="2020-04-02T21:03:11.853Z" tests="4" failures="0" errors="0" time="0.001148"><testcase name="AssertEquals: File name properly created (/usr/cachesys/docs/ERROR_LOG_20180308183000.log)" classname="test.unit.ica.config.co.TestMapping" time="0"></testcase><testcase name="LogMessage: Global references: 0" classname="test.unit.ica.config.co.TestMapping" time="0"></testcase><testcase name="LogMessage: Commands executed: 465 (+/- 100)" classname="test.unit.ica.config.co.TestMapping" time="0"></testcase><testcase name="LogMessage: Duration of execution: .001148 sec." classname="test.unit.ica.config.co.TestMapping" time="0"></testcase></testsuite><testsuite name="test.unit.ica.config.co.TestMapping.TestCreateFilter" timestamp="2020-04-02T21:03:11.854Z" tests="5" failures="0" errors="0" time="0.001845"><testcase name="AssertEquals: The query is ok" classname="test.unit.ica.config.co.TestMapping" time="0"></testcase><testcase name="AssertEquals: The query is ok" classname="test.unit.ica.config.co.TestMapping" time="0"></testcase><testcase name="LogMessage: Global references: 0" classname="test.unit.ica.config.co.TestMapping" time="0"></testcase><testcase name="LogMessage: Commands executed: 1226 (+/- 100)" classname="test.unit.ica.config.co.TestMapping" time="0"></testcase><testcase name="LogMessage: Duration of execution: .001845 sec." classname="test.unit.ica.config.co.TestMapping" time="0"></testcase></testsuite><testsuite name="test.unit.ica.config.co.TestMapping.TestCreateTestMappingObject_QC" timestamp="2020-04-02T21:03:11.854Z" tests="7" failures="0" errors="0" time="0.000525"><testcase name="AssertEquals: AnalyserTest filled as expected (Test)." classname="test.unit.ica.config.co.TestMapping" time="0"></testcase><testcase name="AssertEquals: AnalyserSample filled as expected (Test)." classname="test.unit.ica.config.co.TestMapping" time="0"></testcase><testcase name="AssertEquals: Position filled as expected (x)." classname="test.unit.ica.config.co.TestMapping" time="0"></testcase><testcase name="AssertEquals: Item9 filled with default value (x)." classname="test.unit.ica.config.co.TestMapping" time="0"></testcase><testcase name="LogMessage: Global references: 0" classname="test.unit.ica.config.co.TestMapping" time="0"></testcase><testcase name="LogMessage: Commands executed: 358 (+/- 100)" classname="test.unit.ica.config.co.TestMapping" time="0"></testcase><testcase name="LogMessage: Duration of execution: .000525 sec." classname="test.unit.ica.config.co.TestMapping" time="0"></testcase></testsuite><testsuite name="test.unit.ica.config.co.TestMapping.TestCreateTestMappingObject_TM" timestamp="2020-04-02T21:03:11.854Z" tests="9" failures="0" errors="0" time="0.000718"><testcase name="AssertEquals: AnalyserTest filled as expected (Test)." classname="test.unit.ica.config.co.TestMapping" time="0"></testcase><testcase name="AssertEquals: Channel filled as expected (x)." classname="test.unit.ica.config.co.TestMapping" time="0"></testcase><testcase name="AssertEquals: AnalyserSample filled as expected (Test)." classname="test.unit.ica.config.co.TestMapping" time="0"></testcase><testcase name="AssertEquals: Position filled as expected (MASTER4)." classname="test.unit.ica.config.co.TestMapping" time="0"></testcase><testcase name="AssertEquals: Item9 filled as expected (Item9)." classname="test.unit.ica.config.co.TestMapping" time="0"></testcase><testcase name="AssertEquals: MainTest filled with default value (x)." classname="test.unit.ica.config.co.TestMapping" time="0"></testcase><testcase name="LogMessage: Global references: 0" classname="test.unit.ica.config.co.TestMapping" time="0"></testcase><testcase name="LogMessage: Commands executed: 437 (+/- 100)" classname="test.unit.ica.config.co.TestMapping" time="0"></testcase><testcase name="LogMessage: Duration of execution: .000718 sec." classname="test.unit.ica.config.co.TestMapping" time="0"></testcase></testsuite><testsuite name="test.unit.ica.config.co.TestMapping.TestCheckTestGraphics_CheckKO" timestamp="2020-04-02T21:03:12.24Z" tests="5" failures="0" errors="0" time="0.386081"><testcase name="AssertTrue: Error raised. [42953@@GeneralException ica.config.co.TestMapping.CLS(CheckTestGraphics+10) +1 [ACB] A test is already mapped with this graphic]" classname="test.unit.ica.config.co.TestMapping" time="0"></testcase><testcase name="LogMessage: Negative test" classname="test.unit.ica.config.co.TestMapping" time="0"></testcase><testcase name="LogMessage: Global References: 5338" classname="test.unit.ica.config.co.TestMapping" time="0"></testcase><testcase name="LogMessage: Commands executed: 269585 (+/- 100)" classname="test.unit.ica.config.co.TestMapping" time="0"></testcase><testcase name="LogMessage: Duration of execution: .386081 sec." classname="test.unit.ica.config.co.TestMapping" time="0"></testcase></testsuite><testsuite name="test.unit.ica.config.co.TestMapping.TestCheckTestGraphics_CheckOK" timestamp="2020-04-02T21:03:12.24Z" tests="4" failures="0" errors="0" time="0.000502"><testcase name="AssertTrue: No error raised." classname="test.unit.ica.config.co.TestMapping" time="0"></testcase><testcase name="LogMessage: Global references: 0" classname="test.unit.ica.config.co.TestMapping" time="0"></testcase><testcase name="LogMessage: Commands executed: 418 (+/- 100)" classname="test.unit.ica.config.co.TestMapping" time="0"></testcase><testcase name="LogMessage: Duration of execution: .000502 sec." classname="test.unit.ica.config.co.TestMapping" time="0"></testcase></testsuite><testsuite name="test.unit.ica.config.co.TestMapping.TestCheckTestGraphics_NoSetUp" timestamp="2020-04-02T21:03:12.24Z" tests="7" failures="0" errors="0" time="0.000475"><testcase name="LogMessage: ** Test mapping with TestGraphic flag disabled:" classname="test.unit.ica.config.co.TestMapping" time="0"></testcase><testcase name="AssertTrue: No error raised." classname="test.unit.ica.config.co.TestMapping" time="0"></testcase><testcase name="LogMessage: ** Test mapping with TestGraphic flag enabled and Data on WCONEX:" classname="test.unit.ica.config.co.TestMapping" time="0"></testcase><testcase name="AssertTrue: No error raised." classname="test.unit.ica.config.co.TestMapping" time="0"></testcase><testcase name="LogMessage: Global references: 0" classname="test.unit.ica.config.co.TestMapping" time="0"></testcase><testcase name="LogMessage: Commands executed: 540 (+/- 100)" classname="test.unit.ica.config.co.TestMapping" time="0"></testcase><testcase name="LogMessage: Duration of execution: .000475 sec." classname="test.unit.ica.config.co.TestMapping" time="0"></testcase></testsuite><testsuite name="test.unit.ica.config.co.TestMapping.TestDelete" timestamp="2020-04-02T21:03:12.243Z" tests="6" failures="0" errors="0" time="0.003393"><testcase name="AssertEquals:  Process called correctly." classname="test.unit.ica.config.co.TestMapping" time="0"></testcase><testcase name="AssertTrue:  Call to DelLabFlow with success" classname="test.unit.ica.config.co.TestMapping" time="0"></testcase><testcase name="AssertEquals:  Process called correctly" classname="test.unit.ica.config.co.TestMapping" time="0"></testcase><testcase name="LogMessage: Global references: 0" classname="test.unit.ica.config.co.TestMapping" time="0"></testcase><testcase name="LogMessage: Commands executed: 1078 (+/- 100)" classname="test.unit.ica.config.co.TestMapping" time="0"></testcase><testcase name="LogMessage: Duration of execution: .003393 sec." classname="test.unit.ica.config.co.TestMapping" time="0"></testcase></testsuite><testsuite name="test.unit.ica.config.co.TestMapping.TestFillTestMappingObject" timestamp="2020-04-02T21:03:12.244Z" tests="9" failures="0" errors="0" time="0.00141"><testcase name="LogMessage: *** Fill with empty data:" classname="test.unit.ica.config.co.TestMapping" time="0"></testcase><testcase name="AssertTrue: Element filled as expected." classname="test.unit.ica.config.co.TestMapping" time="0"></testcase><testcase name="LogMessage: *** Fill with empty data but AnalyserTest set to &quot;-1&quot;:" classname="test.unit.ica.config.co.TestMapping" time="0"></testcase><testcase name="AssertTrue: Element filled as expected." classname="test.unit.ica.config.co.TestMapping" time="0"></testcase><testcase name="LogMessage: *** Fill with some data:" classname="test.unit.ica.config.co.TestMapping" time="0"></testcase><testcase name="AssertTrue: Element filled as expected." classname="test.unit.ica.config.co.TestMapping" time="0"></testcase><testcase name="LogMessage: Global references: 0" classname="test.unit.ica.config.co.TestMapping" time="0"></testcase><testcase name="LogMessage: Commands executed: 1601 (+/- 100)" classname="test.unit.ica.config.co.TestMapping" time="0"></testcase><testcase name="LogMessage: Duration of execution: .00141 sec." classname="test.unit.ica.config.co.TestMapping" time="0"></testcase></testsuite><testsuite name="test.unit.ica.config.co.TestMapping.TestGetConfiguration" timestamp="2020-04-02T21:03:12.245Z" tests="17" failures="0" errors="0" time="0.001573"><testcase name="LogMessage: *** Driver without features enabled:" classname="test.unit.ica.config.co.TestMapping" time="0"></testcase><testcase name="AssertEquals: Returned 5 elements as expected." classname="test.unit.ica.config.co.TestMapping" time="0"></testcase><testcase name="AssertEquals: Driver without QC" classname="test.unit.ica.config.co.TestMapping" time="0"></testcase><testcase name="AssertEquals: Driver without Master sample type" classname="test.unit.ica.config.co.TestMapping" time="0"></testcase><testcase name="AssertEquals: Driver without Default test" classname="test.unit.ica.config.co.TestMapping" time="0"></testcase><testcase name="AssertEquals: Driver without Graphical support" classname="test.unit.ica.config.co.TestMapping" time="0"></testcase><testcase name="AssertEquals: Last element is the GetConfigurationColumns list return" classname="test.unit.ica.config.co.TestMapping" time="0"></testcase><testcase name="LogMessage: *** Driver with all features enabled:" classname="test.unit.ica.config.co.TestMapping" time="0"></testcase><testcase name="AssertEquals: Returned 5 elements as expected." classname="test.unit.ica.config.co.TestMapping" time="0"></testcase><testcase name="AssertEquals: Driver with QC" classname="test.unit.ica.config.co.TestMapping" time="0"></testcase><testcase name="AssertEquals: Driver with Master sample type" classname="test.unit.ica.config.co.TestMapping" time="0"></testcase><testcase name="AssertEquals: Driver with Default test" classname="test.unit.ica.config.co.TestMapping" time="0"></testcase><testcase name="AssertEquals: Driver with Graphical support" classname="test.unit.ica.config.co.TestMapping" time="0"></testcase><testcase name="AssertEquals: Last element is the GetConfigurationColumns list return" classname="test.unit.ica.config.co.TestMapping" time="0"></testcase><testcase name="LogMessage: Global references: 0" classname="test.unit.ica.config.co.TestMapping" time="0"></testcase><testcase name="LogMessage: Commands executed: 941 (+/- 100)" classname="test.unit.ica.config.co.TestMapping" time="0"></testcase><testcase name="LogMessage: Duration of execution: .001573 sec." classname="test.unit.ica.config.co.TestMapping" time="0"></testcase></testsuite><testsuite name="test.unit.ica.config.co.TestMapping.TestGetConfigurationColumns" timestamp="2020-04-02T21:03:12.249Z" tests="24" failures="0" errors="0" time="0.004891"><testcase name="LogMessage: *** Session with Language = ES:" classname="test.unit.ica.config.co.TestMapping" time="0"></testcase><testcase name="AssertEquals: Returned 5 elements as expected." classname="test.unit.ica.config.co.TestMapping" time="0"></testcase><testcase name="AssertEquals: Index 1 element properly returned." classname="test.unit.ica.config.co.TestMapping" time="0"></testcase><testcase name="AssertEquals: Index 2 element properly returned." classname="test.unit.ica.config.co.TestMapping" time="0"></testcase><testcase name="AssertEquals: Index 3 element properly returned." classname="test.unit.ica.config.co.TestMapping" time="0"></testcase><testcase name="AssertEquals: Index 4 element properly returned." classname="test.unit.ica.config.co.TestMapping" time="0"></testcase><testcase name="AssertEquals: Index 5 element properly returned." classname="test.unit.ica.config.co.TestMapping" time="0"></testcase><testcase name="LogMessage: *** Session with Language = EN:" classname="test.unit.ica.config.co.TestMapping" time="0"></testcase><testcase name="AssertEquals: Returned 5 elements as expected." classname="test.unit.ica.config.co.TestMapping" time="0"></testcase><testcase name="AssertEquals: Index 1 element properly returned." classname="test.unit.ica.config.co.TestMapping" time="0"></testcase><testcase name="AssertEquals: Index 2 element properly returned." classname="test.unit.ica.config.co.TestMapping" time="0"></testcase><testcase name="AssertEquals: Index 3 element properly returned." classname="test.unit.ica.config.co.TestMapping" time="0"></testcase><testcase name="AssertEquals: Index 4 element properly returned." classname="test.unit.ica.config.co.TestMapping" time="0"></testcase><testcase name="AssertEquals: Index 5 element properly returned." classname="test.unit.ica.config.co.TestMapping" time="0"></testcase><testcase name="LogMessage: *** Session with Language = PT:" classname="test.unit.ica.config.co.TestMapping" time="0"></testcase><testcase name="AssertEquals: Returned 5 elements as expected." classname="test.unit.ica.config.co.TestMapping" time="0"></testcase><testcase name="AssertEquals: Index 1 element properly returned." classname="test.unit.ica.config.co.TestMapping" time="0"></testcase><testcase name="AssertEquals: Index 2 element properly returned." classname="test.unit.ica.config.co.TestMapping" time="0"></testcase><testcase name="AssertEquals: Index 3 element properly returned." classname="test.unit.ica.config.co.TestMapping" time="0"></testcase><testcase name="AssertEquals: Index 4 element properly returned." classname="test.unit.ica.config.co.TestMapping" time="0"></testcase><testcase name="AssertEquals: Index 5 element properly returned." classname="test.unit.ica.config.co.TestMapping" time="0"></testcase><testcase name="LogMessage: Global references: 0" classname="test.unit.ica.config.co.TestMapping" time="0"></testcase><testcase name="LogMessage: Commands executed: 2814 (+/- 100)" classname="test.unit.ica.config.co.TestMapping" time="0"></testcase><testcase name="LogMessage: Duration of execution: .004891 sec." classname="test.unit.ica.config.co.TestMapping" time="0"></testcase></testsuite><testsuite name="test.unit.ica.config.co.TestMapping.TestGetConfigurationRest" timestamp="2020-04-02T21:03:12.249Z" tests="14" failures="0" errors="0" time="0.000853"><testcase name="LogMessage: *** Instrument with data to be returned:" classname="test.unit.ica.config.co.TestMapping" time="0"></testcase><testcase name="AssertNotEquals: Returned not empty object" classname="test.unit.ica.config.co.TestMapping" time="0"></testcase><testcase name="AssertEquals: One object within the returned list object" classname="test.unit.ica.config.co.TestMapping" time="0"></testcase><testcase name="AssertEquals: Object filled as expected." classname="test.unit.ica.config.co.TestMapping" time="0"></testcase><testcase name="LogMessage: *** Instrument without data to be returned:" classname="test.unit.ica.config.co.TestMapping" time="0"></testcase><testcase name="AssertNotEquals: Returned not empty object" classname="test.unit.ica.config.co.TestMapping" time="0"></testcase><testcase name="AssertEquals: No data within the object." classname="test.unit.ica.config.co.TestMapping" time="0"></testcase><testcase name="LogMessage: *** Error when recovering data:" classname="test.unit.ica.config.co.TestMapping" time="0"></testcase><testcase name="AssertEquals: Returned empty object" classname="test.unit.ica.config.co.TestMapping" time="0"></testcase><testcase name="LogMessage: *** Method called with some empty arguments:" classname="test.unit.ica.config.co.TestMapping" time="0"></testcase><testcase name="AssertEquals: Returned empty object" classname="test.unit.ica.config.co.TestMapping" time="0"></testcase><testcase name="LogMessage: Global references: 0" classname="test.unit.ica.config.co.TestMapping" time="0"></testcase><testcase name="LogMessage: Commands executed: 727 (+/- 100)" classname="test.unit.ica.config.co.TestMapping" time="0"></testcase><testcase name="LogMessage: Duration of execution: .000853 sec." classname="test.unit.ica.config.co.TestMapping" time="0"></testcase></testsuite><testsuite name="test.unit.ica.config.co.TestMapping.TestGetDriverMasters" timestamp="2020-04-02T21:03:12.249Z" tests="4" failures="0" errors="0" time="0.00061"><testcase name="AssertEquals: The where is ok" classname="test.unit.ica.config.co.TestMapping" time="0"></testcase><testcase name="LogMessage: Global references: 0" classname="test.unit.ica.config.co.TestMapping" time="0"></testcase><testcase name="LogMessage: Commands executed: 344 (+/- 100)" classname="test.unit.ica.config.co.TestMapping" time="0"></testcase><testcase name="LogMessage: Duration of execution: .00061 sec." classname="test.unit.ica.config.co.TestMapping" time="0"></testcase></testsuite><testsuite name="test.unit.ica.config.co.TestMapping.TestGetDriverQCMasters" timestamp="2020-04-02T21:03:12.249Z" tests="4" failures="0" errors="0" time="0.00095"><testcase name="AssertEquals: The where is ok" classname="test.unit.ica.config.co.TestMapping" time="0"></testcase><testcase name="LogMessage: Global references: 0" classname="test.unit.ica.config.co.TestMapping" time="0"></testcase><testcase name="LogMessage: Commands executed: 561 (+/- 100)" classname="test.unit.ica.config.co.TestMapping" time="0"></testcase><testcase name="LogMessage: Duration of execution: .00095 sec." classname="test.unit.ica.config.co.TestMapping" time="0"></testcase></testsuite><testsuite name="test.unit.ica.config.co.TestMapping.TestGetFastList_ERROR" timestamp="2020-04-02T21:03:12.655Z" tests="6" failures="0" errors="0" time="0.406306"><testcase name="AssertNotEquals: Created a $ZERROR. [ERROR 99999@@GeneralException test.unit.ica.config.co.TestMapping.CLS(GetFastListMocked+7) +1 [ACB] Mocked ERROR on GetFastList at DataManager]" classname="test.unit.ica.config.co.TestMapping" time="0"></testcase><testcase name="AssertEquals: Nothing returned." classname="test.unit.ica.config.co.TestMapping" time="0"></testcase><testcase name="LogMessage: Negative test" classname="test.unit.ica.config.co.TestMapping" time="0"></testcase><testcase name="LogMessage: Global References: 7176" classname="test.unit.ica.config.co.TestMapping" time="0"></testcase><testcase name="LogMessage: Commands executed: 294106 (+/- 100)" classname="test.unit.ica.config.co.TestMapping" time="0"></testcase><testcase name="LogMessage: Duration of execution: .406306 sec." classname="test.unit.ica.config.co.TestMapping" time="0"></testcase></testsuite><testsuite name="test.unit.ica.config.co.TestMapping.TestGetFastList_OK" timestamp="2020-04-02T21:03:12.655Z" tests="5" failures="0" errors="0" time="0.000593"><testcase name="AssertTrue: Returned a filled in dataset" classname="test.unit.ica.config.co.TestMapping" time="0"></testcase><testcase name="AssertEquals: Method return the datamanager created dataset." classname="test.unit.ica.config.co.TestMapping" time="0"></testcase><testcase name="LogMessage: Global references: 0" classname="test.unit.ica.config.co.TestMapping" time="0"></testcase><testcase name="LogMessage: Commands executed: 458 (+/- 100)" classname="test.unit.ica.config.co.TestMapping" time="0"></testcase><testcase name="LogMessage: Duration of execution: .000593 sec." classname="test.unit.ica.config.co.TestMapping" time="0"></testcase></testsuite><testsuite name="test.unit.ica.config.co.TestMapping.TestGetIntrumentsListByTest_Error" timestamp="2020-04-02T21:03:13.071Z" tests="5" failures="0" errors="0" time="0.416697"><testcase name="AssertNotEquals: Process completed with error. [ERROR 99999@@GeneralException test.unit.ica.config.co.TestMapping.CLS(XMLDataSetCreatorMocked+7) +1 [ACB] Error on Query]" classname="test.unit.ica.config.co.TestMapping" time="0"></testcase><testcase name="LogMessage: Negative test" classname="test.unit.ica.config.co.TestMapping" time="0"></testcase><testcase name="LogMessage: Global References: 8502" classname="test.unit.ica.config.co.TestMapping" time="0"></testcase><testcase name="LogMessage: Commands executed: 279318 (+/- 100)" classname="test.unit.ica.config.co.TestMapping" time="0"></testcase><testcase name="LogMessage: Duration of execution: .416697 sec." classname="test.unit.ica.config.co.TestMapping" time="0"></testcase></testsuite><testsuite name="test.unit.ica.config.co.TestMapping.TestGetIntrumentsListByTest_OK" timestamp="2020-04-02T21:03:13.072Z" tests="5" failures="0" errors="0" time="0.001419"><testcase name="AssertEquals: Process completed without error." classname="test.unit.ica.config.co.TestMapping" time="0"></testcase><testcase name="AssertEquals: Returned expected object." classname="test.unit.ica.config.co.TestMapping" time="0"></testcase><testcase name="LogMessage: Global references: 0" classname="test.unit.ica.config.co.TestMapping" time="0"></testcase><testcase name="LogMessage: Commands executed: 230 (+/- 100)" classname="test.unit.ica.config.co.TestMapping" time="0"></testcase><testcase name="LogMessage: Duration of execution: .001419 sec." classname="test.unit.ica.config.co.TestMapping" time="0"></testcase></testsuite><testsuite name="test.unit.ica.config.co.TestMapping.TestGetList" timestamp="2020-04-02T21:03:13.073Z" tests="9" failures="0" errors="0" time="0.001227"><testcase name="LogMessage: *** No recordID informed:" classname="test.unit.ica.config.co.TestMapping" time="0"></testcase><testcase name="AssertTrue: Created dataset with return." classname="test.unit.ica.config.co.TestMapping" time="0"></testcase><testcase name="AssertEquals: Query properly formatted and returned." classname="test.unit.ica.config.co.TestMapping" time="0"></testcase><testcase name="LogMessage: *** RecordID informed:" classname="test.unit.ica.config.co.TestMapping" time="0"></testcase><testcase name="AssertTrue: Created dataset with return." classname="test.unit.ica.config.co.TestMapping" time="0"></testcase><testcase name="AssertEquals: Query properly formatted and returned." classname="test.unit.ica.config.co.TestMapping" time="0"></testcase><testcase name="LogMessage: Global references: 0" classname="test.unit.ica.config.co.TestMapping" time="0"></testcase><testcase name="LogMessage: Commands executed: 932 (+/- 100)" classname="test.unit.ica.config.co.TestMapping" time="0"></testcase><testcase name="LogMessage: Duration of execution: .001227 sec." classname="test.unit.ica.config.co.TestMapping" time="0"></testcase></testsuite><testsuite name="test.unit.ica.config.co.TestMapping.TestGetListDriverTests_Error" timestamp="2020-04-02T21:03:13.505Z" tests="5" failures="0" errors="0" time="0.432251"><testcase name="AssertNotEquals: Process completed with error. [ERROR 99999@@GeneralException test.unit.ica.config.co.TestMapping.CLS(XMLDataSetCreatorMocked+7) +1 [ACB] Error on Query]" classname="test.unit.ica.config.co.TestMapping" time="0"></testcase><testcase name="LogMessage: Negative test" classname="test.unit.ica.config.co.TestMapping" time="0"></testcase><testcase name="LogMessage: Global References: 8593" classname="test.unit.ica.config.co.TestMapping" time="0"></testcase><testcase name="LogMessage: Commands executed: 284741 (+/- 100)" classname="test.unit.ica.config.co.TestMapping" time="0"></testcase><testcase name="LogMessage: Duration of execution: .432251 sec." classname="test.unit.ica.config.co.TestMapping" time="0"></testcase></testsuite><testsuite name="test.unit.ica.config.co.TestMapping.TestGetListDriverTests_OK" timestamp="2020-04-02T21:03:13.505Z" tests="5" failures="0" errors="0" time="0.000284"><testcase name="AssertEquals: Process completed without error." classname="test.unit.ica.config.co.TestMapping" time="0"></testcase><testcase name="AssertEquals: Returned expected object." classname="test.unit.ica.config.co.TestMapping" time="0"></testcase><testcase name="LogMessage: Global references: 0" classname="test.unit.ica.config.co.TestMapping" time="0"></testcase><testcase name="LogMessage: Commands executed: 236 (+/- 100)" classname="test.unit.ica.config.co.TestMapping" time="0"></testcase><testcase name="LogMessage: Duration of execution: .000284 sec." classname="test.unit.ica.config.co.TestMapping" time="0"></testcase></testsuite><testsuite name="test.unit.ica.config.co.TestMapping.TestGetListTestMappingManualPrep_Error" timestamp="2020-04-02T21:03:13.923Z" tests="5" failures="0" errors="0" time="0.418985"><testcase name="AssertNotEquals: Process completed with error. [ERROR 99999@@GeneralException test.unit.ica.config.co.TestMapping.CLS(XMLDataSetCreatorMocked+7) +1 [ACB] Error on Query]" classname="test.unit.ica.config.co.TestMapping" time="0"></testcase><testcase name="LogMessage: Negative test" classname="test.unit.ica.config.co.TestMapping" time="0"></testcase><testcase name="LogMessage: Global References: 8628" classname="test.unit.ica.config.co.TestMapping" time="0"></testcase><testcase name="LogMessage: Commands executed: 295283 (+/- 100)" classname="test.unit.ica.config.co.TestMapping" time="0"></testcase><testcase name="LogMessage: Duration of execution: .418985 sec." classname="test.unit.ica.config.co.TestMapping" time="0"></testcase></testsuite><testsuite name="test.unit.ica.config.co.TestMapping.TestGetListTestMappingManualPrep_OK" timestamp="2020-04-02T21:03:13.923Z" tests="5" failures="0" errors="0" time="0.000591"><testcase name="AssertEquals: Process completed without error." classname="test.unit.ica.config.co.TestMapping" time="0"></testcase><testcase name="AssertEquals: Returned expected object." classname="test.unit.ica.config.co.TestMapping" time="0"></testcase><testcase name="LogMessage: Global references: 0" classname="test.unit.ica.config.co.TestMapping" time="0"></testcase><testcase name="LogMessage: Commands executed: 248 (+/- 100)" classname="test.unit.ica.config.co.TestMapping" time="0"></testcase><testcase name="LogMessage: Duration of execution: .000591 sec." classname="test.unit.ica.config.co.TestMapping" time="0"></testcase></testsuite><testsuite name="test.unit.ica.config.co.TestMapping.TestGetListTestMappings_Error" timestamp="2020-04-02T21:03:14.521Z" tests="5" failures="0" errors="0" time="0.598378"><testcase name="AssertNotEquals: Process completed with error. [ERROR 99999@@GeneralException test.unit.ica.config.co.TestMapping.CLS(XMLDataSetCreatorMocked+7) +1 [ACB] Error on Query]" classname="test.unit.ica.config.co.TestMapping" time="0"></testcase><testcase name="LogMessage: Negative test" classname="test.unit.ica.config.co.TestMapping" time="0"></testcase><testcase name="LogMessage: Global References: 8671" classname="test.unit.ica.config.co.TestMapping" time="0"></testcase><testcase name="LogMessage: Commands executed: 290133 (+/- 100)" classname="test.unit.ica.config.co.TestMapping" time="0"></testcase><testcase name="LogMessage: Duration of execution: .598378 sec." classname="test.unit.ica.config.co.TestMapping" time="0"></testcase></testsuite><testsuite name="test.unit.ica.config.co.TestMapping.TestGetListTestMappings_OK" timestamp="2020-04-02T21:03:14.521Z" tests="5" failures="0" errors="0" time="0.000683"><testcase name="AssertEquals: Process completed without error." classname="test.unit.ica.config.co.TestMapping" time="0"></testcase><testcase name="AssertEquals: Returned expected object." classname="test.unit.ica.config.co.TestMapping" time="0"></testcase><testcase name="LogMessage: Global references: 0" classname="test.unit.ica.config.co.TestMapping" time="0"></testcase><testcase name="LogMessage: Commands executed: 242 (+/- 100)" classname="test.unit.ica.config.co.TestMapping" time="0"></testcase><testcase name="LogMessage: Duration of execution: .000683 sec." classname="test.unit.ica.config.co.TestMapping" time="0"></testcase></testsuite><testsuite name="test.unit.ica.config.co.TestMapping.TestGetMasterDefaultValue" timestamp="2020-04-02T21:03:14.521Z" tests="7" failures="0" errors="0" time="0.000607"><testcase name="LogMessage: *** Test Mapping:" classname="test.unit.ica.config.co.TestMapping" time="0"></testcase><testcase name="AssertEquals: Properly returned ^WCONEX data (800-1-MASTER-3)." classname="test.unit.ica.config.co.TestMapping" time="0"></testcase><testcase name="LogMessage: *** QC Test Mapping:" classname="test.unit.ica.config.co.TestMapping" time="0"></testcase><testcase name="AssertEquals: Properly returned ^WCONEX data (800-1-MASTER QC-3)." classname="test.unit.ica.config.co.TestMapping" time="0"></testcase><testcase name="LogMessage: Global references: 0" classname="test.unit.ica.config.co.TestMapping" time="0"></testcase><testcase name="LogMessage: Commands executed: 349 (+/- 100)" classname="test.unit.ica.config.co.TestMapping" time="0"></testcase><testcase name="LogMessage: Duration of execution: .000607 sec." classname="test.unit.ica.config.co.TestMapping" time="0"></testcase></testsuite><testsuite name="test.unit.ica.config.co.TestMapping.TestGetTypeFromDriver" timestamp="2020-04-02T21:03:14.521Z" tests="8" failures="0" errors="0" time="0.000752"><testcase name="AssertEquals: The property type is correct" classname="test.unit.ica.config.co.TestMapping" time="0"></testcase><testcase name="AssertEquals: The property type is correct" classname="test.unit.ica.config.co.TestMapping" time="0"></testcase><testcase name="AssertEquals: The property type is correct" classname="test.unit.ica.config.co.TestMapping" time="0"></testcase><testcase name="AssertEquals: The property type is correct" classname="test.unit.ica.config.co.TestMapping" time="0"></testcase><testcase name="AssertEquals: The property type is correct" classname="test.unit.ica.config.co.TestMapping" time="0"></testcase><testcase name="LogMessage: Global references: 0" classname="test.unit.ica.config.co.TestMapping" time="0"></testcase><testcase name="LogMessage: Commands executed: 480 (+/- 100)" classname="test.unit.ica.config.co.TestMapping" time="0"></testcase><testcase name="LogMessage: Duration of execution: .000752 sec." classname="test.unit.ica.config.co.TestMapping" time="0"></testcase></testsuite><testsuite name="test.unit.ica.config.co.TestMapping.TestManageAddLabFlow_Disabled_Parent_Clone" timestamp="2020-04-02T21:03:14.522Z" tests="5" failures="0" errors="0" time="0.001006"><testcase name="AssertEquals: Added a test mapping record for parent target." classname="test.unit.ica.config.co.TestMapping" time="0"></testcase><testcase name="AssertEquals: No new target test element added." classname="test.unit.ica.config.co.TestMapping" time="0"></testcase><testcase name="LogMessage: Global references: 0" classname="test.unit.ica.config.co.TestMapping" time="0"></testcase><testcase name="LogMessage: Commands executed: 794 (+/- 100)" classname="test.unit.ica.config.co.TestMapping" time="0"></testcase><testcase name="LogMessage: Duration of execution: .001006 sec." classname="test.unit.ica.config.co.TestMapping" time="0"></testcase></testsuite><testsuite name="test.unit.ica.config.co.TestMapping.TestManageAddLabFlow_Enabled_NoParent_Clone" timestamp="2020-04-02T21:03:14.522Z" tests="5" failures="0" errors="0" time="0.000907"><testcase name="AssertEquals: No test mapping record for parent target added." classname="test.unit.ica.config.co.TestMapping" time="0"></testcase><testcase name="AssertEquals: Added new target test element." classname="test.unit.ica.config.co.TestMapping" time="0"></testcase><testcase name="LogMessage: Global references: 0" classname="test.unit.ica.config.co.TestMapping" time="0"></testcase><testcase name="LogMessage: Commands executed: 546 (+/- 100)" classname="test.unit.ica.config.co.TestMapping" time="0"></testcase><testcase name="LogMessage: Duration of execution: .000907 sec." classname="test.unit.ica.config.co.TestMapping" time="0"></testcase></testsuite><testsuite name="test.unit.ica.config.co.TestMapping.TestManageAddLabFlow_Enabled_Parent_Clone" timestamp="2020-04-02T21:03:14.522Z" tests="5" failures="0" errors="0" time="0.000968"><testcase name="AssertEquals: Added a test mapping record for parent target." classname="test.unit.ica.config.co.TestMapping" time="0"></testcase><testcase name="AssertEquals: Added new target test element." classname="test.unit.ica.config.co.TestMapping" time="0"></testcase><testcase name="LogMessage: Global references: 0" classname="test.unit.ica.config.co.TestMapping" time="0"></testcase><testcase name="LogMessage: Commands executed: 966 (+/- 100)" classname="test.unit.ica.config.co.TestMapping" time="0"></testcase><testcase name="LogMessage: Duration of execution: .000968 sec." classname="test.unit.ica.config.co.TestMapping" time="0"></testcase></testsuite><testsuite name="test.unit.ica.config.co.TestMapping.TestManageAddLabFlow_Enabled_Parent_NoClone" timestamp="2020-04-02T21:03:14.522Z" tests="5" failures="0" errors="0" time="0.000994"><testcase name="AssertEquals: No test mapping record for parent target added." classname="test.unit.ica.config.co.TestMapping" time="0"></testcase><testcase name="AssertEquals: Added new target test element." classname="test.unit.ica.config.co.TestMapping" time="0"></testcase><testcase name="LogMessage: Global references: 0" classname="test.unit.ica.config.co.TestMapping" time="0"></testcase><testcase name="LogMessage: Commands executed: 731 (+/- 100)" classname="test.unit.ica.config.co.TestMapping" time="0"></testcase><testcase name="LogMessage: Duration of execution: .000994 sec." classname="test.unit.ica.config.co.TestMapping" time="0"></testcase></testsuite><testsuite name="test.unit.ica.config.co.TestMapping.TestManageAddLabFlow_Enabled_Parent_NoParentInstrument" timestamp="2020-04-02T21:03:14.522Z" tests="5" failures="0" errors="0" time="0.000902"><testcase name="AssertEquals: No test mapping record for parent target added." classname="test.unit.ica.config.co.TestMapping" time="0"></testcase><testcase name="AssertEquals: Added new target test elements. One for target and other for parent." classname="test.unit.ica.config.co.TestMapping" time="0"></testcase><testcase name="LogMessage: Global references: 0" classname="test.unit.ica.config.co.TestMapping" time="0"></testcase><testcase name="LogMessage: Commands executed: 744 (+/- 100)" classname="test.unit.ica.config.co.TestMapping" time="0"></testcase><testcase name="LogMessage: Duration of execution: .000902 sec." classname="test.unit.ica.config.co.TestMapping" time="0"></testcase></testsuite><testsuite name="test.unit.ica.config.co.TestMapping.TestManageAddLabFlow_Error" timestamp="2020-04-02T21:03:14.974Z" tests="7" failures="0" errors="0" time="0.452276"><testcase name="AssertNotEquals: Exception raised. [ERROR 99999@@GeneralException test.unit.ica.config.co.TestMapping.CLS(AddTargetTestMocked+6) +1 [ACB] Generic Error on Add Target Test]" classname="test.unit.ica.config.co.TestMapping" time="0"></testcase><testcase name="AssertEquals: No test mapping record for parent target added." classname="test.unit.ica.config.co.TestMapping" time="0"></testcase><testcase name="AssertEquals: No new target test elements added." classname="test.unit.ica.config.co.TestMapping" time="0"></testcase><testcase name="LogMessage: Negative test" classname="test.unit.ica.config.co.TestMapping" time="0"></testcase><testcase name="LogMessage: Global References: 7145" classname="test.unit.ica.config.co.TestMapping" time="0"></testcase><testcase name="LogMessage: Commands executed: 295309 (+/- 100)" classname="test.unit.ica.config.co.TestMapping" time="0"></testcase><testcase name="LogMessage: Duration of execution: .452276 sec." classname="test.unit.ica.config.co.TestMapping" time="0"></testcase></testsuite><testsuite name="test.unit.ica.config.co.TestMapping.TestManageDelLabFlow_Error" timestamp="2020-04-02T21:03:15.428Z" tests="7" failures="0" errors="0" time="0.454094"><testcase name="AssertNotEquals: Error is not empty [ERROR 9999@@GeneralException ica.config.co.TestMapping.CLS(ManageDelLabFlow+11) +2 [ACB] 9999@@Generic Error on Del Target Test@@@]" classname="test.unit.ica.config.co.TestMapping" time="0"></testcase><testcase name="AssertEquals: No Target test elements deleted" classname="test.unit.ica.config.co.TestMapping" time="0"></testcase><testcase name="AssertEquals: Properly not called ..DeleteTestFromInstrument method from DM." classname="test.unit.ica.config.co.TestMapping" time="0"></testcase><testcase name="LogMessage: Negative test" classname="test.unit.ica.config.co.TestMapping" time="0"></testcase><testcase name="LogMessage: Global References: 6871" classname="test.unit.ica.config.co.TestMapping" time="0"></testcase><testcase name="LogMessage: Commands executed: 281988 (+/- 100)" classname="test.unit.ica.config.co.TestMapping" time="0"></testcase><testcase name="LogMessage: Duration of execution: .454094 sec." classname="test.unit.ica.config.co.TestMapping" time="0"></testcase></testsuite><testsuite name="test.unit.ica.config.co.TestMapping.TestManageDelLabFlow_Exist_NoParent" timestamp="2020-04-02T21:03:15.428Z" tests="6" failures="0" errors="0" time="0.000672"><testcase name="AssertEquals: 1 Target test element deleted" classname="test.unit.ica.config.co.TestMapping" time="0"></testcase><testcase name="AssertEquals: Target test deleted from passed target" classname="test.unit.ica.config.co.TestMapping" time="0"></testcase><testcase name="AssertEquals: Properly not called ..DeleteTestFromInstrument method from DM." classname="test.unit.ica.config.co.TestMapping" time="0"></testcase><testcase name="LogMessage: Global references: 0" classname="test.unit.ica.config.co.TestMapping" time="0"></testcase><testcase name="LogMessage: Commands executed: 465 (+/- 100)" classname="test.unit.ica.config.co.TestMapping" time="0"></testcase><testcase name="LogMessage: Duration of execution: .000672 sec." classname="test.unit.ica.config.co.TestMapping" time="0"></testcase></testsuite><testsuite name="test.unit.ica.config.co.TestMapping.TestManageDelLabFlow_Exist_Parent_Clone" timestamp="2020-04-02T21:03:15.429Z" tests="7" failures="0" errors="0" time="0.001983"><testcase name="AssertEquals: 2 Target test elements deleted" classname="test.unit.ica.config.co.TestMapping" time="0"></testcase><testcase name="AssertEquals: Target test deleted from passed target" classname="test.unit.ica.config.co.TestMapping" time="0"></testcase><testcase name="AssertEquals: Target test deleted from parent target instrument" classname="test.unit.ica.config.co.TestMapping" time="0"></testcase><testcase name="AssertEquals: Properly called ..DeleteTestFromInstrument method from DM for parent instrument." classname="test.unit.ica.config.co.TestMapping" time="0"></testcase><testcase name="LogMessage: Global references: 0" classname="test.unit.ica.config.co.TestMapping" time="0"></testcase><testcase name="LogMessage: Commands executed: 999 (+/- 100)" classname="test.unit.ica.config.co.TestMapping" time="0"></testcase><testcase name="LogMessage: Duration of execution: .001983 sec." classname="test.unit.ica.config.co.TestMapping" time="0"></testcase></testsuite><testsuite name="test.unit.ica.config.co.TestMapping.TestManageDelLabFlow_Exist_Parent_NoClone" timestamp="2020-04-02T21:03:15.429Z" tests="6" failures="0" errors="0" time="0.000922"><testcase name="AssertEquals: 1 Target test element deleted" classname="test.unit.ica.config.co.TestMapping" time="0"></testcase><testcase name="AssertEquals: Target test deleted from passed target" classname="test.unit.ica.config.co.TestMapping" time="0"></testcase><testcase name="AssertEquals: Properly not called ..DeleteTestFromInstrument method from DM." classname="test.unit.ica.config.co.TestMapping" time="0"></testcase><testcase name="LogMessage: Global references: 0" classname="test.unit.ica.config.co.TestMapping" time="0"></testcase><testcase name="LogMessage: Commands executed: 687 (+/- 100)" classname="test.unit.ica.config.co.TestMapping" time="0"></testcase><testcase name="LogMessage: Duration of execution: .000922 sec." classname="test.unit.ica.config.co.TestMapping" time="0"></testcase></testsuite><testsuite name="test.unit.ica.config.co.TestMapping.TestManageDelLabFlow_Exist_Parent_NoInstrument" timestamp="2020-04-02T21:03:15.429Z" tests="7" failures="0" errors="0" time="0.000954"><testcase name="AssertEquals: 2 Target test elements deleted" classname="test.unit.ica.config.co.TestMapping" time="0"></testcase><testcase name="AssertEquals: Target test deleted from passed target" classname="test.unit.ica.config.co.TestMapping" time="0"></testcase><testcase name="AssertEquals: Target test deleted from parent target" classname="test.unit.ica.config.co.TestMapping" time="0"></testcase><testcase name="AssertEquals: Properly not called ..DeleteTestFromInstrument method from DM." classname="test.unit.ica.config.co.TestMapping" time="0"></testcase><testcase name="LogMessage: Global references: 0" classname="test.unit.ica.config.co.TestMapping" time="0"></testcase><testcase name="LogMessage: Commands executed: 761 (+/- 100)" classname="test.unit.ica.config.co.TestMapping" time="0"></testcase><testcase name="LogMessage: Duration of execution: .000954 sec." classname="test.unit.ica.config.co.TestMapping" time="0"></testcase></testsuite><testsuite name="test.unit.ica.config.co.TestMapping.TestManageDelLabFlow_NoExists" timestamp="2020-04-02T21:03:15.429Z" tests="5" failures="0" errors="0" time="0.000694"><testcase name="AssertEquals: No target test element deleted" classname="test.unit.ica.config.co.TestMapping" time="0"></testcase><testcase name="AssertEquals: Properly called ..DeleteTestFromInstrument method from DM for parent instrument." classname="test.unit.ica.config.co.TestMapping" time="0"></testcase><testcase name="LogMessage: Global references: 0" classname="test.unit.ica.config.co.TestMapping" time="0"></testcase><testcase name="LogMessage: Commands executed: 753 (+/- 100)" classname="test.unit.ica.config.co.TestMapping" time="0"></testcase><testcase name="LogMessage: Duration of execution: .000694 sec." classname="test.unit.ica.config.co.TestMapping" time="0"></testcase></testsuite><testsuite name="test.unit.ica.config.co.TestMapping.TestMigrateTestMappings_Error" timestamp="2020-04-02T21:03:15.853Z" tests="6" failures="0" errors="0" time="0.424884"><testcase name="AssertNotEquals: Method completed with error. [ERROR 99999@@GeneralException test.unit.ica.config.co.TestMapping.CLS(MigrateTestMappingMocked+8) +1 [ACB] Error on MigrateTestMapping]" classname="test.unit.ica.config.co.TestMapping" time="0"></testcase><testcase name="AssertEquals: Migration process called only once." classname="test.unit.ica.config.co.TestMapping" time="0"></testcase><testcase name="LogMessage: Negative test" classname="test.unit.ica.config.co.TestMapping" time="0"></testcase><testcase name="LogMessage: Global References: 8990" classname="test.unit.ica.config.co.TestMapping" time="0"></testcase><testcase name="LogMessage: Commands executed: 309414 (+/- 100)" classname="test.unit.ica.config.co.TestMapping" time="0"></testcase><testcase name="LogMessage: Duration of execution: .424884 sec." classname="test.unit.ica.config.co.TestMapping" time="0"></testcase></testsuite><testsuite name="test.unit.ica.config.co.TestMapping.TestMigrateTestMappings_NoMapps" timestamp="2020-04-02T21:03:15.853Z" tests="5" failures="0" errors="0" time="0.000783"><testcase name="AssertEquals: Method completed successfully returning 0." classname="test.unit.ica.config.co.TestMapping" time="0"></testcase><testcase name="AssertEquals: Migration process called both for Test Mapping and QC Test Mapping." classname="test.unit.ica.config.co.TestMapping" time="0"></testcase><testcase name="LogMessage: Global references: 0" classname="test.unit.ica.config.co.TestMapping" time="0"></testcase><testcase name="LogMessage: Commands executed: 637 (+/- 100)" classname="test.unit.ica.config.co.TestMapping" time="0"></testcase><testcase name="LogMessage: Duration of execution: .000783 sec." classname="test.unit.ica.config.co.TestMapping" time="0"></testcase></testsuite><testsuite name="test.unit.ica.config.co.TestMapping.TestMigrateTestMappings_OK" timestamp="2020-04-02T21:03:15.854Z" tests="12" failures="0" errors="0" time="0.001633"><testcase name="LogMessage: *** Empty strDriverCS argument:" classname="test.unit.ica.config.co.TestMapping" time="0"></testcase><testcase name="AssertEquals: Returned 0." classname="test.unit.ica.config.co.TestMapping" time="0"></testcase><testcase name="AssertEquals: No migration process done." classname="test.unit.ica.config.co.TestMapping" time="0"></testcase><testcase name="LogMessage: *** Empty strTestMapping and strQCTestMapping arguments:" classname="test.unit.ica.config.co.TestMapping" time="0"></testcase><testcase name="AssertEquals: Returned 1." classname="test.unit.ica.config.co.TestMapping" time="0"></testcase><testcase name="AssertEquals: No migration process done." classname="test.unit.ica.config.co.TestMapping" time="0"></testcase><testcase name="LogMessage: *** All data according the needs:" classname="test.unit.ica.config.co.TestMapping" time="0"></testcase><testcase name="AssertEquals: Method completed successfully returning 1." classname="test.unit.ica.config.co.TestMapping" time="0"></testcase><testcase name="AssertEquals: Migration process called both for Test Mapping and QC Test Mapping." classname="test.unit.ica.config.co.TestMapping" time="0"></testcase><testcase name="LogMessage: Global references: 0" classname="test.unit.ica.config.co.TestMapping" time="0"></testcase><testcase name="LogMessage: Commands executed: 1000 (+/- 100)" classname="test.unit.ica.config.co.TestMapping" time="0"></testcase><testcase name="LogMessage: Duration of execution: .001633 sec." classname="test.unit.ica.config.co.TestMapping" time="0"></testcase></testsuite><testsuite name="test.unit.ica.config.co.TestMapping.TestMigrateTestMappings_SomeErrorMap" timestamp="2020-04-02T21:03:15.854Z" tests="5" failures="0" errors="0" time="0.000869"><testcase name="AssertEquals: Method completed successfully returning 2." classname="test.unit.ica.config.co.TestMapping" time="0"></testcase><testcase name="AssertEquals: Migration process called both for Test Mapping and QC Test Mapping." classname="test.unit.ica.config.co.TestMapping" time="0"></testcase><testcase name="LogMessage: Global references: 0" classname="test.unit.ica.config.co.TestMapping" time="0"></testcase><testcase name="LogMessage: Commands executed: 740 (+/- 100)" classname="test.unit.ica.config.co.TestMapping" time="0"></testcase><testcase name="LogMessage: Duration of execution: .000869 sec." classname="test.unit.ica.config.co.TestMapping" time="0"></testcase></testsuite><testsuite name="test.unit.ica.config.co.TestMapping.TestMigrateTestMapping_NoAction" timestamp="2020-04-02T21:03:15.854Z" tests="7" failures="0" errors="0" time="0.000502"><testcase name="LogMessage: *** Empty strTestMapping argument:" classname="test.unit.ica.config.co.TestMapping" time="0"></testcase><testcase name="AssertEquals: Returned 0" classname="test.unit.ica.config.co.TestMapping" time="0"></testcase><testcase name="LogMessage: *** Empty list of mappings to migrate:" classname="test.unit.ica.config.co.TestMapping" time="0"></testcase><testcase name="AssertEquals: Returned 1" classname="test.unit.ica.config.co.TestMapping" time="0"></testcase><testcase name="LogMessage: Global references: 0" classname="test.unit.ica.config.co.TestMapping" time="0"></testcase><testcase name="LogMessage: Commands executed: 224 (+/- 100)" classname="test.unit.ica.config.co.TestMapping" time="0"></testcase><testcase name="LogMessage: Duration of execution: .000502 sec." classname="test.unit.ica.config.co.TestMapping" time="0"></testcase></testsuite><testsuite name="test.unit.ica.config.co.TestMapping.TestMigrateTestMapping_TM_KO" timestamp="2020-04-02T21:03:15.855Z" tests="6" failures="0" errors="0" time="0.001586"><testcase name="AssertEquals: Process completed with error" classname="test.unit.ica.config.co.TestMapping" time="0"></testcase><testcase name="AssertEquals: Mod Test mapping method called." classname="test.unit.ica.config.co.TestMapping" time="0"></testcase><testcase name="AssertEquals: Del Test mapping method called." classname="test.unit.ica.config.co.TestMapping" time="0"></testcase><testcase name="LogMessage: Global references: 0" classname="test.unit.ica.config.co.TestMapping" time="0"></testcase><testcase name="LogMessage: Commands executed: 360 (+/- 100)" classname="test.unit.ica.config.co.TestMapping" time="0"></testcase><testcase name="LogMessage: Duration of execution: .001586 sec." classname="test.unit.ica.config.co.TestMapping" time="0"></testcase></testsuite><testsuite name="test.unit.ica.config.co.TestMapping.TestMigrateTestMapping_TM_OK" timestamp="2020-04-02T21:03:15.855Z" tests="6" failures="0" errors="0" time="0.000548"><testcase name="AssertEquals: Process completed successfully." classname="test.unit.ica.config.co.TestMapping" time="0"></testcase><testcase name="AssertEquals: Mod Test mapping method called." classname="test.unit.ica.config.co.TestMapping" time="0"></testcase><testcase name="AssertEquals: Del Test mapping method not called." classname="test.unit.ica.config.co.TestMapping" time="0"></testcase><testcase name="LogMessage: Global references: 0" classname="test.unit.ica.config.co.TestMapping" time="0"></testcase><testcase name="LogMessage: Commands executed: 305 (+/- 100)" classname="test.unit.ica.config.co.TestMapping" time="0"></testcase><testcase name="LogMessage: Duration of execution: .000548 sec." classname="test.unit.ica.config.co.TestMapping" time="0"></testcase></testsuite><testsuite name="test.unit.ica.config.co.TestMapping.TestMod_CoreTestError" timestamp="2020-04-02T21:03:15.855Z" tests="5" failures="0" errors="0" time="0.000877"><testcase name="AssertTrue: Error raised. [ERROR 42982@@GeneralException  Test type already mapped for this tube and instrument]" classname="test.unit.ica.config.co.TestMapping" time="0"></testcase><testcase name="LogMessage: Negative test" classname="test.unit.ica.config.co.TestMapping" time="0"></testcase><testcase name="LogMessage: Global References: 7" classname="test.unit.ica.config.co.TestMapping" time="0"></testcase><testcase name="LogMessage: Commands executed: 1232 (+/- 100)" classname="test.unit.ica.config.co.TestMapping" time="0"></testcase><testcase name="LogMessage: Duration of execution: .000877 sec." classname="test.unit.ica.config.co.TestMapping" time="0"></testcase></testsuite><testsuite name="test.unit.ica.config.co.TestMapping.TestMod_DoNotSendError" timestamp="2020-04-02T21:03:15.864Z" tests="5" failures="0" errors="0" time="0.009564"><testcase name="AssertTrue: Error raised. [ERROR 42155@@GeneralException test.unit.ica.config.co.TestMapping.CLS(CheckDontSendMocked+5) +1 [ACB] Mapping already exists]" classname="test.unit.ica.config.co.TestMapping" time="0"></testcase><testcase name="LogMessage: Negative test" classname="test.unit.ica.config.co.TestMapping" time="0"></testcase><testcase name="LogMessage: Global References: 6666" classname="test.unit.ica.config.co.TestMapping" time="0"></testcase><testcase name="LogMessage: Commands executed: 19674 (+/- 100)" classname="test.unit.ica.config.co.TestMapping" time="0"></testcase><testcase name="LogMessage: Duration of execution: .009564 sec." classname="test.unit.ica.config.co.TestMapping" time="0"></testcase></testsuite><testsuite name="test.unit.ica.config.co.TestMapping.TestMod_OK" timestamp="2020-04-02T21:03:15.866Z" tests="15" failures="0" errors="0" time="0.00212"><testcase name="LogMessage: *** No QC:" classname="test.unit.ica.config.co.TestMapping" time="0"></testcase><testcase name="AssertTrue: Process completed successfully." classname="test.unit.ica.config.co.TestMapping" time="0"></testcase><testcase name="AssertTrue: QCTestMapping methods not called." classname="test.unit.ica.config.co.TestMapping" time="0"></testcase><testcase name="LogMessage: *** QC Add:" classname="test.unit.ica.config.co.TestMapping" time="0"></testcase><testcase name="AssertTrue: Process completed successfully." classname="test.unit.ica.config.co.TestMapping" time="0"></testcase><testcase name="AssertTrue: Only Add QCTestMapping method called." classname="test.unit.ica.config.co.TestMapping" time="0"></testcase><testcase name="LogMessage: *** QC Mod:" classname="test.unit.ica.config.co.TestMapping" time="0"></testcase><testcase name="AssertTrue: Process completed successfully." classname="test.unit.ica.config.co.TestMapping" time="0"></testcase><testcase name="AssertTrue: Only Mod QCTestMapping method called." classname="test.unit.ica.config.co.TestMapping" time="0"></testcase><testcase name="LogMessage: *** QC Del:" classname="test.unit.ica.config.co.TestMapping" time="0"></testcase><testcase name="AssertTrue: Process completed successfully." classname="test.unit.ica.config.co.TestMapping" time="0"></testcase><testcase name="AssertTrue: Only Del QCTestMapping method called." classname="test.unit.ica.config.co.TestMapping" time="0"></testcase><testcase name="LogMessage: Global references: 0" classname="test.unit.ica.config.co.TestMapping" time="0"></testcase><testcase name="LogMessage: Commands executed: 2735 (+/- 100)" classname="test.unit.ica.config.co.TestMapping" time="0"></testcase><testcase name="LogMessage: Duration of execution: .00212 sec." classname="test.unit.ica.config.co.TestMapping" time="0"></testcase></testsuite><testsuite name="test.unit.ica.config.co.TestMapping.TestMod_TestGraphicsError" timestamp="2020-04-02T21:03:16.295Z" tests="5" failures="0" errors="0" time="0.429024"><testcase name="AssertTrue: Error raised. [ERROR 42953@@GeneralException test.unit.ica.config.co.TestMapping.CLS(CheckTestGraphicsMocked+5) +1 [ACB] A test is already mapped with this graphic]" classname="test.unit.ica.config.co.TestMapping" time="0"></testcase><testcase name="LogMessage: Negative test" classname="test.unit.ica.config.co.TestMapping" time="0"></testcase><testcase name="LogMessage: Global References: 7990" classname="test.unit.ica.config.co.TestMapping" time="0"></testcase><testcase name="LogMessage: Commands executed: 293987 (+/- 100)" classname="test.unit.ica.config.co.TestMapping" time="0"></testcase><testcase name="LogMessage: Duration of execution: .429024 sec." classname="test.unit.ica.config.co.TestMapping" time="0"></testcase></testsuite><testsuite name="test.unit.ica.config.co.TestMapping.TestMod_UpdateError" timestamp="2020-04-02T21:03:16.703Z" tests="5" failures="0" errors="0" time="0.408064"><testcase name="AssertTrue: Error raised. [ERROR 10009@@GeneralException test.unit.ica.config.co.TestMapping.CLS(UpdateMocked+5) +1 [ACB] Record not found]" classname="test.unit.ica.config.co.TestMapping" time="0"></testcase><testcase name="LogMessage: Negative test" classname="test.unit.ica.config.co.TestMapping" time="0"></testcase><testcase name="LogMessage: Global References: 10007" classname="test.unit.ica.config.co.TestMapping" time="0"></testcase><testcase name="LogMessage: Commands executed: 297806 (+/- 100)" classname="test.unit.ica.config.co.TestMapping" time="0"></testcase><testcase name="LogMessage: Duration of execution: .408064 sec." classname="test.unit.ica.config.co.TestMapping" time="0"></testcase></testsuite><testsuite name="test.unit.ica.config.co.TestMapping.TestSetAnalyserSample" timestamp="2020-04-02T21:03:16.703Z" tests="9" failures="0" errors="0" time="0.000486"><testcase name="LogMessage: *** Non-modular instrument:" classname="test.unit.ica.config.co.TestMapping" time="0"></testcase><testcase name="AssertEquals: Analyser sample unchanged." classname="test.unit.ica.config.co.TestMapping" time="0"></testcase><testcase name="LogMessage: *** Modular instrument + Numeric sample:" classname="test.unit.ica.config.co.TestMapping" time="0"></testcase><testcase name="AssertEquals: Analyser sample changed by adding preffix &apos;S&apos;" classname="test.unit.ica.config.co.TestMapping" time="0"></testcase><testcase name="LogMessage: *** Modular instrument + Non-numeric sample:" classname="test.unit.ica.config.co.TestMapping" time="0"></testcase><testcase name="AssertEquals: Analyser sample unchanged." classname="test.unit.ica.config.co.TestMapping" time="0"></testcase><testcase name="LogMessage: Global references: 0" classname="test.unit.ica.config.co.TestMapping" time="0"></testcase><testcase name="LogMessage: Commands executed: 259 (+/- 100)" classname="test.unit.ica.config.co.TestMapping" time="0"></testcase><testcase name="LogMessage: Duration of execution: .000486 sec." classname="test.unit.ica.config.co.TestMapping" time="0"></testcase></testsuite><testsuite name="test.unit.serviceability.database.co.DB.TestAnyPartitionUnmounted_False" timestamp="2020-04-02T21:03:16.703Z" tests="4" failures="0" errors="0" time="0.000342"><testcase name="AssertNotTrue: There aren&apos;t Unmounted Partitions, expected 0, current: 0" classname="test.unit.serviceability.database.co.DB" time="0"></testcase><testcase name="LogMessage: Global references: 0" classname="test.unit.serviceability.database.co.DB" time="0"></testcase><testcase name="LogMessage: Commands executed: 431 (+/- 100)" classname="test.unit.serviceability.database.co.DB" time="0"></testcase><testcase name="LogMessage: Duration of execution: .000342 sec." classname="test.unit.serviceability.database.co.DB" time="0"></testcase></testsuite><testsuite name="test.unit.serviceability.database.co.DB.TestAnyPartitionUnmounted_True" timestamp="2020-04-02T21:03:16.703Z" tests="4" failures="0" errors="0" time="0.000594"><testcase name="AssertTrue: There are Unmounted Partitions, expected 1, current: 1" classname="test.unit.serviceability.database.co.DB" time="0"></testcase><testcase name="LogMessage: Global references: 0" classname="test.unit.serviceability.database.co.DB" time="0"></testcase><testcase name="LogMessage: Commands executed: 430 (+/- 100)" classname="test.unit.serviceability.database.co.DB" time="0"></testcase><testcase name="LogMessage: Duration of execution: .000594 sec." classname="test.unit.serviceability.database.co.DB" time="0"></testcase></testsuite><testsuite name="test.unit.serviceability.database.co.DB.TestGetMappedGlobalsPartitions" timestamp="2020-04-02T21:03:16.705Z" tests="10" failures="0" errors="0" time="0.002251"><testcase name="LogMessage: hola Global1" classname="test.unit.serviceability.database.co.DB" time="0"></testcase><testcase name="LogMessage: hola Global2" classname="test.unit.serviceability.database.co.DB" time="0"></testcase><testcase name="LogMessage: hola Global3" classname="test.unit.serviceability.database.co.DB" time="0"></testcase><testcase name="AssertEquals: GetMappedGlobalsCalled must be called 3 times, current execution count: 3." classname="test.unit.serviceability.database.co.DB" time="0"></testcase><testcase name="AssertEquals: First mapped global is as expected" classname="test.unit.serviceability.database.co.DB" time="0"></testcase><testcase name="AssertEquals: Second mapped global is as expected" classname="test.unit.serviceability.database.co.DB" time="0"></testcase><testcase name="AssertEquals: Third mapped global is as expected" classname="test.unit.serviceability.database.co.DB" time="0"></testcase><testcase name="LogMessage: Global references: 0" classname="test.unit.serviceability.database.co.DB" time="0"></testcase><testcase name="LogMessage: Commands executed: 645 (+/- 100)" classname="test.unit.serviceability.database.co.DB" time="0"></testcase><testcase name="LogMessage: Duration of execution: .002251 sec." classname="test.unit.serviceability.database.co.DB" time="0"></testcase></testsuite><testsuite name="test.unit.serviceability.database.co.DB.TestGetMountedPartitions_WithoutPartitions" timestamp="2020-04-02T21:03:16.705Z" tests="5" failures="0" errors="0" time="0.000716"><testcase name="AssertEquals: Expected DB when requesting mounted partitions expected: DB42N current: DB42N" classname="test.unit.serviceability.database.co.DB" time="0"></testcase><testcase name="AssertEquals: DB without partitions, expected: &apos;DB42N&apos;, current: DB42N" classname="test.unit.serviceability.database.co.DB" time="0"></testcase><testcase name="LogMessage: Global references: 0" classname="test.unit.serviceability.database.co.DB" time="0"></testcase><testcase name="LogMessage: Commands executed: 368 (+/- 100)" classname="test.unit.serviceability.database.co.DB" time="0"></testcase><testcase name="LogMessage: Duration of execution: .000716 sec." classname="test.unit.serviceability.database.co.DB" time="0"></testcase></testsuite><testsuite name="test.unit.serviceability.database.co.DB.TestGetMountedPartitions_WithPartitions" timestamp="2020-04-02T21:03:16.705Z" tests="6" failures="0" errors="0" time="0.000507"><testcase name="AssertEquals: Expected DB when requesting mounted partitions expected: DB42N current: DB42N" classname="test.unit.serviceability.database.co.DB" time="0"></testcase><testcase name="AssertEquals: First partition expected: &apos;DB42N2&apos;, current: DB42N2" classname="test.unit.serviceability.database.co.DB" time="0"></testcase><testcase name="AssertEquals: First partition expected: &apos;DB42N3&apos;, current: DB42N3" classname="test.unit.serviceability.database.co.DB" time="0"></testcase><testcase name="LogMessage: Global references: 0" classname="test.unit.serviceability.database.co.DB" time="0"></testcase><testcase name="LogMessage: Commands executed: 379 (+/- 100)" classname="test.unit.serviceability.database.co.DB" time="0"></testcase><testcase name="LogMessage: Duration of execution: .000507 sec." classname="test.unit.serviceability.database.co.DB" time="0"></testcase></testsuite><testsuite name="test.unit.serviceability.database.co.DB.TestGetPartitionDirectoryFromParent" timestamp="2020-04-02T21:03:16.705Z" tests="5" failures="0" errors="0" time="0.000728"><testcase name="LogMessage: Test to get the expected partition directory" classname="test.unit.serviceability.database.co.DB" time="0"></testcase><testcase name="AssertEquals: Expected directory: /usr/cachesys/HISTOAUDIT/ ; Actual directory: /usr/cachesys/HISTOAUDIT/" classname="test.unit.serviceability.database.co.DB" time="0"></testcase><testcase name="LogMessage: Global references: 0" classname="test.unit.serviceability.database.co.DB" time="0"></testcase><testcase name="LogMessage: Commands executed: 422 (+/- 100)" classname="test.unit.serviceability.database.co.DB" time="0"></testcase><testcase name="LogMessage: Duration of execution: .000728 sec." classname="test.unit.serviceability.database.co.DB" time="0"></testcase></testsuite><testsuite name="test.unit.serviceability.database.co.DB.TestGetPartitionDirectoryFromPartition" timestamp="2020-04-02T21:03:16.706Z" tests="5" failures="0" errors="0" time="0.001815"><testcase name="LogMessage: Test to get the expected partition directory" classname="test.unit.serviceability.database.co.DB" time="0"></testcase><testcase name="AssertEquals: Expected directory: /usr/cachesys/HISTOAUDIT5/ ; Actual directory: /usr/cachesys/HISTOAUDIT5/" classname="test.unit.serviceability.database.co.DB" time="0"></testcase><testcase name="LogMessage: Global references: 0" classname="test.unit.serviceability.database.co.DB" time="0"></testcase><testcase name="LogMessage: Commands executed: 422 (+/- 100)" classname="test.unit.serviceability.database.co.DB" time="0"></testcase><testcase name="LogMessage: Duration of execution: .001815 sec." classname="test.unit.serviceability.database.co.DB" time="0"></testcase></testsuite><testsuite name="test.unit.serviceability.database.co.DB.TestMoveToBackup" timestamp="2020-04-02T21:03:16.707Z" tests="6" failures="0" errors="0" time="0.001812"><testcase name="AssertEquals: Source Folder is correct" classname="test.unit.serviceability.database.co.DB" time="0"></testcase><testcase name="AssertEquals: Destination Folder is correct" classname="test.unit.serviceability.database.co.DB" time="0"></testcase><testcase name="AssertEquals: MoveDir called OK" classname="test.unit.serviceability.database.co.DB" time="0"></testcase><testcase name="LogMessage: Global references: 0" classname="test.unit.serviceability.database.co.DB" time="0"></testcase><testcase name="LogMessage: Commands executed: 497 (+/- 100)" classname="test.unit.serviceability.database.co.DB" time="0"></testcase><testcase name="LogMessage: Duration of execution: .001812 sec." classname="test.unit.serviceability.database.co.DB" time="0"></testcase></testsuite><testsuite name="test.unit.serviceability.database.co.DB.TestRollover" timestamp="2020-04-02T21:03:16.714Z" tests="32" failures="0" errors="0" time="0.007353"><testcase name="AssertEquals: Expected DB Name When Performing Rollover, expected: HISTOAUDIT, current: HISTOAUDIT" classname="test.unit.serviceability.database.co.DB" time="0"></testcase><testcase name="AssertEquals: Expefcted Retention period got from DATABASE_PARTITION_RETENTION_PERIOD parameter, expected: 6, current: 6" classname="test.unit.serviceability.database.co.DB" time="0"></testcase><testcase name="AssertEquals: Expected DB from which global mappings will be removed, expected: HISTOAUDIT, current: HISTOAUDIT" classname="test.unit.serviceability.database.co.DB" time="0"></testcase><testcase name="AssertEquals: Expected DB Name requesting mapped globals, expected: HISTOAUDIT, current: HISTOAUDIT" classname="test.unit.serviceability.database.co.DB" time="0"></testcase><testcase name="AssertEquals: Expected DBName opened" classname="test.unit.serviceability.database.co.DB" time="0"></testcase><testcase name="AssertEquals: Expected DB to remap indices, expected: HISTOAUDIT1, current: HISTOAUDIT1" classname="test.unit.serviceability.database.co.DB" time="0"></testcase><testcase name="AssertEquals: First global name expected, current: TestGblName1, expected: TestGblName1" classname="test.unit.serviceability.database.co.DB" time="0"></testcase><testcase name="AssertEquals: Second global name expected, current: TestGblName2, expected: TestGblName2" classname="test.unit.serviceability.database.co.DB" time="0"></testcase><testcase name="AssertEquals: Expected DB canidate to unmount: HISTOAUDIT, current: HISTOAUDIT" classname="test.unit.serviceability.database.co.DB" time="0"></testcase><testcase name="AssertEquals: Expected DB Name When Requesting Mapped tables, expected: HISTOAUDIT, current: HISTOAUDIT" classname="test.unit.serviceability.database.co.DB" time="0"></testcase><testcase name="AssertEquals: Expected Table to perform a Build Indices, expected: TestTable1, current: TestTable1" classname="test.unit.serviceability.database.co.DB" time="0"></testcase><testcase name="AssertEquals: Expected DB Name when requesting a DB Dir, expected: HISTOAUDIT, current: HISTOAUDIT" classname="test.unit.serviceability.database.co.DB" time="0"></testcase><testcase name="AssertEquals: Expected Source Dir parameter, expected: /usr/cachesys/Databases/HISTOAUDIT/, current: /usr/cachesys/Databases/HISTOAUDIT/" classname="test.unit.serviceability.database.co.DB" time="0"></testcase><testcase name="AssertEquals: Expected Target Dir parameter, expected: /ExpectedDir/HISTOAUDIT, current: /ExpectedDir/HISTOAUDIT" classname="test.unit.serviceability.database.co.DB" time="0"></testcase><testcase name="AssertEquals: Expected CPF File is copied, expected: /usr/cachesys/HS/cache.cpf, current: /usr/cachesys/HS/cache.cpf" classname="test.unit.serviceability.database.co.DB" time="0"></testcase><testcase name="AssertEquals: CPF File is copied to the expected path, expected: /ExpectedDir/HISTOAUDIT/cache.cpf, current: /ExpectedDir/HISTOAUDIT/cache.cpf" classname="test.unit.serviceability.database.co.DB" time="0"></testcase><testcase name="AssertEquals: Unmounting the expected DB in DM Expected: HISTOAUDIT current: HISTOAUDIT" classname="test.unit.serviceability.database.co.DB" time="0"></testcase><testcase name="AssertEquals: RolloverGlobal called the expected times, expected: 1, current: 1" classname="test.unit.serviceability.database.co.DB" time="0"></testcase><testcase name="AssertEquals: Unmounted the expected number of DBs, expected: 1, current: 1" classname="test.unit.serviceability.database.co.DB" time="0"></testcase><testcase name="AssertEquals: Set DB as unmounted in DBPartition DAO 1 time, current: 1" classname="test.unit.serviceability.database.co.DB" time="0"></testcase><testcase name="AssertEquals: Copied files the expected amount of times, expected: 1, current: 1" classname="test.unit.serviceability.database.co.DB" time="0"></testcase><testcase name="AssertEquals: Backup DB List updated as expected" classname="test.unit.serviceability.database.co.DB" time="0"></testcase><testcase name="AssertEquals: RemoveMappingsFromDB is called" classname="test.unit.serviceability.database.co.DB" time="0"></testcase><testcase name="AssertEquals: GetMappedGlobals is called" classname="test.unit.serviceability.database.co.DB" time="0"></testcase><testcase name="AssertEquals: OpenByName is called" classname="test.unit.serviceability.database.co.DB" time="0"></testcase><testcase name="AssertEquals: RemapGlobalIndexesToDB is called" classname="test.unit.serviceability.database.co.DB" time="0"></testcase><testcase name="AssertTrue: Start method must be called" classname="test.unit.serviceability.database.co.DB" time="0"></testcase><testcase name="AssertTrue: Commit method must be called" classname="test.unit.serviceability.database.co.DB" time="0"></testcase><testcase name="AssertNotTrue: Rollback method must not be called" classname="test.unit.serviceability.database.co.DB" time="0"></testcase><testcase name="LogMessage: Global references: 0" classname="test.unit.serviceability.database.co.DB" time="0"></testcase><testcase name="LogMessage: Commands executed: 2483 (+/- 100)" classname="test.unit.serviceability.database.co.DB" time="0"></testcase><testcase name="LogMessage: Duration of execution: .007353 sec." classname="test.unit.serviceability.database.co.DB" time="0"></testcase></testsuite><testsuite name="test.unit.serviceability.database.co.DB.TestRolloverDB" timestamp="2020-04-02T21:03:16.718Z" tests="19" failures="1" errors="0" time="0.004119"><testcase name="AssertEquals: Expected DB Name when requesting a next DB Name, expected: TESTMASTER, current: TESTMASTER" classname="test.unit.serviceability.database.co.DB" time="0"></testcase><testcase name="AssertEquals: Expected DB Name when requesting a DB Dir, expected: TESTMASTER, current: TESTMASTER" classname="test.unit.serviceability.database.co.DB" time="0"></testcase><testcase name="AssertEquals: Correct DB Name received when calling CreateFirstDB method." classname="test.unit.serviceability.database.co.DB" time="0"></testcase><testcase name="AssertEquals: Expected DB Name when creating a new DB, expected: TESTMASTER1, current: TESTMASTER1" classname="test.unit.serviceability.database.co.DB" time="0"></testcase><testcase name="AssertEquals: Expected Directory when creating a new DB, expected: C:\InterSystems\HSFoundation\Databases\TESTMASTER1, current: /usr/cachesys/Databases/DATA/C:/InterSystems/HSFoundation/Databases/TESTMASTER1" classname="test.unit.serviceability.database.co.DB" time="0"><failure message="Expected Directory when creating a new DB, expected: C:\InterSystems\HSFoundation\Databases\TESTMASTER1, current: /usr/cachesys/Databases/DATA/C:/InterSystems/HSFoundation/Databases/TESTMASTER1" type="AssertEquals"></failure></testcase><testcase name="AssertEquals: Expected DB Name when closing current DB partition, expected: TESTMASTER, current: TESTMASTER" classname="test.unit.serviceability.database.co.DB" time="0"></testcase><testcase name="AssertEquals: Expected DB Name when opening DB partition, expected: TESTMASTER, current: TESTMASTER" classname="test.unit.serviceability.database.co.DB" time="0"></testcase><testcase name="AssertEquals: Expected partition reference passed, expected: TESTMASTER, current: TESTMASTER" classname="test.unit.serviceability.database.co.DB" time="0"></testcase><testcase name="AssertEquals: Expected partition reference passed, expected: 1, current: 1" classname="test.unit.serviceability.database.co.DB" time="0"></testcase><testcase name="AssertEquals: Expected Global Name when opening DB partition, expected: TestGblName1, current: TestGblName1" classname="test.unit.serviceability.database.co.DB" time="0"></testcase><testcase name="AssertEquals: Expected partition reference passed, expected: TESTMASTER, current: TESTMASTER" classname="test.unit.serviceability.database.co.DB" time="0"></testcase><testcase name="AssertEquals: Expected partition reference passed, expected: 1, current: 1" classname="test.unit.serviceability.database.co.DB" time="0"></testcase><testcase name="AssertEquals: Expected Global Name when opening DB partition, expected: TestGblName2, current: TestGblName2" classname="test.unit.serviceability.database.co.DB" time="0"></testcase><testcase name="AssertEquals: RolloverGlobal called the expected times, expected: 2, current: 2" classname="test.unit.serviceability.database.co.DB" time="0"></testcase><testcase name="AssertTrue: Start Method must be called" classname="test.unit.serviceability.database.co.DB" time="0"></testcase><testcase name="AssertTrue: Commit method must be called" classname="test.unit.serviceability.database.co.DB" time="0"></testcase><testcase name="AssertTrue: CreateFirstDBCalled must be called" classname="test.unit.serviceability.database.co.DB" time="0"></testcase><testcase name="LogMessage: Global references: 0" classname="test.unit.serviceability.database.co.DB" time="0"></testcase><testcase name="LogMessage: Commands executed: 1569 (+/- 100)" classname="test.unit.serviceability.database.co.DB" time="0"></testcase><testcase name="LogMessage: Duration of execution: .004119 sec." classname="test.unit.serviceability.database.co.DB" time="0"></testcase></testsuite><testsuite name="test.unit.serviceability.database.co.DB.TestRolloverDBFail" timestamp="2020-04-02T21:03:17.892Z" tests="14" failures="1" errors="0" time="1.174733"><testcase name="AssertEquals: Expected DB Name when requesting a next DB Name, expected: TESTMASTER, current: TESTMASTER" classname="test.unit.serviceability.database.co.DB" time="0"></testcase><testcase name="AssertEquals: Expected DB Name when requesting a DB Dir, expected: TESTMASTER, current: TESTMASTER" classname="test.unit.serviceability.database.co.DB" time="0"></testcase><testcase name="AssertEquals: Correct DB Name received when calling CreateFirstDB method." classname="test.unit.serviceability.database.co.DB" time="0"></testcase><testcase name="AssertEquals: Expected DB Name when creating a new DB, expected: TESTMASTER1, current: TESTMASTER1" classname="test.unit.serviceability.database.co.DB" time="0"></testcase><testcase name="AssertEquals: Expected Directory when creating a new DB, expected: C:\InterSystems\HSFoundation\Databases\TESTMASTER1, current: /usr/cachesys/Databases/DATA/C:/InterSystems/HSFoundation/Databases/TESTMASTER1" classname="test.unit.serviceability.database.co.DB" time="0"><failure message="Expected Directory when creating a new DB, expected: C:\InterSystems\HSFoundation\Databases\TESTMASTER1, current: /usr/cachesys/Databases/DATA/C:/InterSystems/HSFoundation/Databases/TESTMASTER1" type="AssertEquals"></failure></testcase><testcase name="AssertEquals: Expected DB Name when closing current DB partition, expected: TESTMASTER, current: TESTMASTER" classname="test.unit.serviceability.database.co.DB" time="0"></testcase><testcase name="AssertTrue: DeleteDB method must be called" classname="test.unit.serviceability.database.co.DB" time="0"></testcase><testcase name="AssertEquals: Rollback method must be called 2 times.1" classname="test.unit.serviceability.database.co.DB" time="0"></testcase><testcase name="AssertEquals: Start Method must be called 2 times.1" classname="test.unit.serviceability.database.co.DB" time="0"></testcase><testcase name="AssertTrue: CreateFirstDBCalled must be called" classname="test.unit.serviceability.database.co.DB" time="0"></testcase><testcase name="AssertEquals: Error code is the expected one, expected: &apos;99999&apos;, current: &apos;99999&apos;." classname="test.unit.serviceability.database.co.DB" time="0"></testcase><testcase name="LogMessage: Negative test" classname="test.unit.serviceability.database.co.DB" time="0"></testcase><testcase name="LogMessage: Global References: 15822" classname="test.unit.serviceability.database.co.DB" time="0"></testcase><testcase name="LogMessage: Commands executed: 815002 (+/- 100)" classname="test.unit.serviceability.database.co.DB" time="0"></testcase><testcase name="LogMessage: Duration of execution: 1.174733 sec." classname="test.unit.serviceability.database.co.DB" time="0"></testcase></testsuite><testsuite name="test.unit.serviceability.database.co.DB.TestRolloverFail" timestamp="2020-04-02T21:03:18.443Z" tests="16" failures="0" errors="0" time="0.551001"><testcase name="AssertEquals: Expected DB Name When Performing Rollover, expected: HISTOAUDIT, current: HISTOAUDIT" classname="test.unit.serviceability.database.co.DB" time="0"></testcase><testcase name="AssertEquals: Expefcted Retention period got from DATABASE_PARTITION_RETENTION_PERIOD parameter, expected: 6, current: 6" classname="test.unit.serviceability.database.co.DB" time="0"></testcase><testcase name="AssertEquals: Expected DB from which global mappings will be removed, expected: HISTOAUDIT, current: HISTOAUDIT" classname="test.unit.serviceability.database.co.DB" time="0"></testcase><testcase name="AssertEquals: Expected DB Name requesting mapped globals, expected: HISTOAUDIT, current: HISTOAUDIT" classname="test.unit.serviceability.database.co.DB" time="0"></testcase><testcase name="AssertEquals: Expected DBName opened" classname="test.unit.serviceability.database.co.DB" time="0"></testcase><testcase name="AssertEquals: Expected DB to remap indices, expected: HISTOAUDIT1, current: HISTOAUDIT1" classname="test.unit.serviceability.database.co.DB" time="0"></testcase><testcase name="AssertEquals: First global name expected, current: TestGblName1, expected: TestGblName1" classname="test.unit.serviceability.database.co.DB" time="0"></testcase><testcase name="AssertEquals: Second global name expected, current: TestGblName2, expected: TestGblName2" classname="test.unit.serviceability.database.co.DB" time="0"></testcase><testcase name="AssertTrue: SaveException must be called" classname="test.unit.serviceability.database.co.DB" time="0"></testcase><testcase name="AssertEquals: Start must be called 1 time, current: 1" classname="test.unit.serviceability.database.co.DB" time="0"></testcase><testcase name="AssertEquals: Commit can&apos;t be called , current: 0" classname="test.unit.serviceability.database.co.DB" time="0"></testcase><testcase name="AssertEquals: Rollback must be called 1 time, current: 1" classname="test.unit.serviceability.database.co.DB" time="0"></testcase><testcase name="LogMessage: Negative test" classname="test.unit.serviceability.database.co.DB" time="0"></testcase><testcase name="LogMessage: Global References: 10821" classname="test.unit.serviceability.database.co.DB" time="0"></testcase><testcase name="LogMessage: Commands executed: 339124 (+/- 100)" classname="test.unit.serviceability.database.co.DB" time="0"></testcase><testcase name="LogMessage: Duration of execution: .551001 sec." classname="test.unit.serviceability.database.co.DB" time="0"></testcase></testsuite><testsuite name="test.unit.serviceability.database.co.DB.TestRolloverFail2" timestamp="2020-04-02T21:03:18.879Z" tests="23" failures="0" errors="0" time="0.436609"><testcase name="AssertEquals: Expected DB Name When Performing Rollover, expected: HISTOAUDIT, current: HISTOAUDIT" classname="test.unit.serviceability.database.co.DB" time="0"></testcase><testcase name="AssertEquals: Expefcted Retention period got from DATABASE_PARTITION_RETENTION_PERIOD parameter, expected: 6, current: 6" classname="test.unit.serviceability.database.co.DB" time="0"></testcase><testcase name="AssertEquals: Expected DB from which global mappings will be removed, expected: HISTOAUDIT, current: HISTOAUDIT" classname="test.unit.serviceability.database.co.DB" time="0"></testcase><testcase name="AssertEquals: Expected DB Name requesting mapped globals, expected: HISTOAUDIT, current: HISTOAUDIT" classname="test.unit.serviceability.database.co.DB" time="0"></testcase><testcase name="AssertEquals: Expected DBName opened" classname="test.unit.serviceability.database.co.DB" time="0"></testcase><testcase name="AssertEquals: Expected DB to remap indices, expected: HISTOAUDIT1, current: HISTOAUDIT1" classname="test.unit.serviceability.database.co.DB" time="0"></testcase><testcase name="AssertEquals: First global name expected, current: TestGblName1, expected: TestGblName1" classname="test.unit.serviceability.database.co.DB" time="0"></testcase><testcase name="AssertEquals: Second global name expected, current: TestGblName2, expected: TestGblName2" classname="test.unit.serviceability.database.co.DB" time="0"></testcase><testcase name="AssertEquals: Expected DB canidate to unmount: HISTOAUDIT, current: HISTOAUDIT" classname="test.unit.serviceability.database.co.DB" time="0"></testcase><testcase name="AssertEquals: Expected DB Name When Requesting Mapped tables, expected: HISTOAUDIT, current: HISTOAUDIT" classname="test.unit.serviceability.database.co.DB" time="0"></testcase><testcase name="AssertEquals: Expected Table to perform a Build Indices, expected: TestTable1, current: TestTable1" classname="test.unit.serviceability.database.co.DB" time="0"></testcase><testcase name="AssertEquals: Expected DB Name when requesting a DB Dir, expected: HISTOAUDIT, current: HISTOAUDIT" classname="test.unit.serviceability.database.co.DB" time="0"></testcase><testcase name="AssertEquals: Expected Source Dir parameter, expected: /usr/cachesys/Databases/HISTOAUDIT/, current: /usr/cachesys/Databases/HISTOAUDIT/" classname="test.unit.serviceability.database.co.DB" time="0"></testcase><testcase name="AssertEquals: Expected Target Dir parameter, expected: /ExpectedDir/HISTOAUDIT, current: /ExpectedDir/HISTOAUDIT" classname="test.unit.serviceability.database.co.DB" time="0"></testcase><testcase name="AssertEquals: Expected CPF File is copied, expected: /usr/cachesys/HS/cache.cpf, current: /usr/cachesys/HS/cache.cpf" classname="test.unit.serviceability.database.co.DB" time="0"></testcase><testcase name="AssertEquals: CPF File is copied to the expected path, expected: /ExpectedDir/HISTOAUDIT/cache.cpf, current: /ExpectedDir/HISTOAUDIT/cache.cpf" classname="test.unit.serviceability.database.co.DB" time="0"></testcase><testcase name="AssertTrue: SaveException must be called" classname="test.unit.serviceability.database.co.DB" time="0"></testcase><testcase name="AssertTrue: UnmountDB from DAO must be called" classname="test.unit.serviceability.database.co.DB" time="0"></testcase><testcase name="AssertEquals: Rollback can&apos;t be called, current: 0" classname="test.unit.serviceability.database.co.DB" time="0"></testcase><testcase name="LogMessage: Negative test" classname="test.unit.serviceability.database.co.DB" time="0"></testcase><testcase name="LogMessage: Global References: 5924" classname="test.unit.serviceability.database.co.DB" time="0"></testcase><testcase name="LogMessage: Commands executed: 288687 (+/- 100)" classname="test.unit.serviceability.database.co.DB" time="0"></testcase><testcase name="LogMessage: Duration of execution: .436609 sec." classname="test.unit.serviceability.database.co.DB" time="0"></testcase></testsuite><testsuite name="test.unit.serviceability.database.co.DB.TestRolloverFail3" timestamp="2020-04-02T21:03:19.354Z" tests="21" failures="0" errors="0" time="0.475055"><testcase name="AssertEquals: Expected DB Name When Performing Rollover, expected: HISTOAUDIT, current: HISTOAUDIT" classname="test.unit.serviceability.database.co.DB" time="0"></testcase><testcase name="AssertEquals: Expefcted Retention period got from DATABASE_PARTITION_RETENTION_PERIOD parameter, expected: 6, current: 6" classname="test.unit.serviceability.database.co.DB" time="0"></testcase><testcase name="AssertEquals: Expected DB from which global mappings will be removed, expected: HISTOAUDIT, current: HISTOAUDIT" classname="test.unit.serviceability.database.co.DB" time="0"></testcase><testcase name="AssertEquals: Expected DB Name requesting mapped globals, expected: HISTOAUDIT, current: HISTOAUDIT" classname="test.unit.serviceability.database.co.DB" time="0"></testcase><testcase name="AssertEquals: Expected DBName opened" classname="test.unit.serviceability.database.co.DB" time="0"></testcase><testcase name="AssertEquals: Expected DB to remap indices, expected: HISTOAUDIT1, current: HISTOAUDIT1" classname="test.unit.serviceability.database.co.DB" time="0"></testcase><testcase name="AssertEquals: First global name expected, current: TestGblName1, expected: TestGblName1" classname="test.unit.serviceability.database.co.DB" time="0"></testcase><testcase name="AssertEquals: Second global name expected, current: TestGblName2, expected: TestGblName2" classname="test.unit.serviceability.database.co.DB" time="0"></testcase><testcase name="AssertEquals: Expected DB canidate to unmount: HISTOAUDIT, current: HISTOAUDIT" classname="test.unit.serviceability.database.co.DB" time="0"></testcase><testcase name="AssertEquals: Expected DB Name When Requesting Mapped tables, expected: HISTOAUDIT, current: HISTOAUDIT" classname="test.unit.serviceability.database.co.DB" time="0"></testcase><testcase name="AssertEquals: Expected Table to perform a Build Indices, expected: TestTable1, current: TestTable1" classname="test.unit.serviceability.database.co.DB" time="0"></testcase><testcase name="AssertEquals: Expected DB Name when requesting a DB Dir, expected: HISTOAUDIT, current: HISTOAUDIT" classname="test.unit.serviceability.database.co.DB" time="0"></testcase><testcase name="AssertEquals: Expected Source Dir parameter, expected: /usr/cachesys/Databases/HISTOAUDIT/, current: /usr/cachesys/Databases/HISTOAUDIT/" classname="test.unit.serviceability.database.co.DB" time="0"></testcase><testcase name="AssertEquals: Expected Target Dir parameter, expected: /ExpectedDir/HISTOAUDIT, current: /ExpectedDir/HISTOAUDIT" classname="test.unit.serviceability.database.co.DB" time="0"></testcase><testcase name="AssertEquals: Unmounting the expected DB in DM Expected: HISTOAUDIT current: HISTOAUDIT" classname="test.unit.serviceability.database.co.DB" time="0"></testcase><testcase name="AssertTrue: SaveException must be called." classname="test.unit.serviceability.database.co.DB" time="0"></testcase><testcase name="AssertEquals: Rollback can&apos;t be called, current: 0" classname="test.unit.serviceability.database.co.DB" time="0"></testcase><testcase name="LogMessage: Negative test" classname="test.unit.serviceability.database.co.DB" time="0"></testcase><testcase name="LogMessage: Global References: 5517" classname="test.unit.serviceability.database.co.DB" time="0"></testcase><testcase name="LogMessage: Commands executed: 288176 (+/- 100)" classname="test.unit.serviceability.database.co.DB" time="0"></testcase><testcase name="LogMessage: Duration of execution: .475055 sec." classname="test.unit.serviceability.database.co.DB" time="0"></testcase></testsuite><testsuite name="test.unit.serviceability.database.co.DB.TestRolloverFail4" timestamp="2020-04-02T21:03:19.748Z" tests="22" failures="0" errors="0" time="0.394905"><testcase name="AssertEquals: Expected DB Name When Performing Rollover, expected: HISTOAUDIT, current: HISTOAUDIT" classname="test.unit.serviceability.database.co.DB" time="0"></testcase><testcase name="AssertEquals: Expefcted Retention period got from DATABASE_PARTITION_RETENTION_PERIOD parameter, expected: 6, current: 6" classname="test.unit.serviceability.database.co.DB" time="0"></testcase><testcase name="AssertEquals: Expected DB from which global mappings will be removed, expected: HISTOAUDIT, current: HISTOAUDIT" classname="test.unit.serviceability.database.co.DB" time="0"></testcase><testcase name="AssertEquals: Expected DB Name requesting mapped globals, expected: HISTOAUDIT, current: HISTOAUDIT" classname="test.unit.serviceability.database.co.DB" time="0"></testcase><testcase name="AssertEquals: Expected DBName opened" classname="test.unit.serviceability.database.co.DB" time="0"></testcase><testcase name="AssertEquals: Expected DB to remap indices, expected: HISTOAUDIT1, current: HISTOAUDIT1" classname="test.unit.serviceability.database.co.DB" time="0"></testcase><testcase name="AssertEquals: First global name expected, current: TestGblName1, expected: TestGblName1" classname="test.unit.serviceability.database.co.DB" time="0"></testcase><testcase name="AssertEquals: Second global name expected, current: TestGblName2, expected: TestGblName2" classname="test.unit.serviceability.database.co.DB" time="0"></testcase><testcase name="AssertEquals: Expected DB canidate to unmount: HISTOAUDIT, current: HISTOAUDIT" classname="test.unit.serviceability.database.co.DB" time="0"></testcase><testcase name="AssertEquals: Expected DB Name When Requesting Mapped tables, expected: HISTOAUDIT, current: HISTOAUDIT" classname="test.unit.serviceability.database.co.DB" time="0"></testcase><testcase name="AssertEquals: Expected DB Name when requesting a DB Dir, expected: HISTOAUDIT, current: HISTOAUDIT" classname="test.unit.serviceability.database.co.DB" time="0"></testcase><testcase name="AssertEquals: Expected Source Dir parameter, expected: /usr/cachesys/Databases/HISTOAUDIT/, current: /usr/cachesys/Databases/HISTOAUDIT/" classname="test.unit.serviceability.database.co.DB" time="0"></testcase><testcase name="AssertEquals: Expected Target Dir parameter, expected: /ExpectedDir/HISTOAUDIT, current: /ExpectedDir/HISTOAUDIT" classname="test.unit.serviceability.database.co.DB" time="0"></testcase><testcase name="AssertEquals: Expected CPF File is copied, expected: /usr/cachesys/HS/cache.cpf, current: /usr/cachesys/HS/cache.cpf" classname="test.unit.serviceability.database.co.DB" time="0"></testcase><testcase name="AssertEquals: CPF File is copied to the expected path, expected: /ExpectedDir/HISTOAUDIT/cache.cpf, current: /ExpectedDir/HISTOAUDIT/cache.cpf" classname="test.unit.serviceability.database.co.DB" time="0"></testcase><testcase name="AssertEquals: Unmounting the expected DB in DM Expected: HISTOAUDIT current: HISTOAUDIT" classname="test.unit.serviceability.database.co.DB" time="0"></testcase><testcase name="AssertEquals: SaveException must be called 3 times, current: 1" classname="test.unit.serviceability.database.co.DB" time="0"></testcase><testcase name="AssertEquals: BuildIndices must be called 3 times, current: 1" classname="test.unit.serviceability.database.co.DB" time="0"></testcase><testcase name="LogMessage: Negative test" classname="test.unit.serviceability.database.co.DB" time="0"></testcase><testcase name="LogMessage: Global References: 5426" classname="test.unit.serviceability.database.co.DB" time="0"></testcase><testcase name="LogMessage: Commands executed: 284921 (+/- 100)" classname="test.unit.serviceability.database.co.DB" time="0"></testcase><testcase name="LogMessage: Duration of execution: .394905 sec." classname="test.unit.serviceability.database.co.DB" time="0"></testcase></testsuite><testsuite name="test.unit.serviceability.database.co.DB.TestRolloverUnmounted" timestamp="2020-04-02T21:03:19.75Z" tests="18" failures="0" errors="0" time="0.002411"><testcase name="AssertEquals: Expected DB Name When Performing Rollover, expected: HISTOAUDIT, current: HISTOAUDIT" classname="test.unit.serviceability.database.co.DB" time="0"></testcase><testcase name="AssertEquals: Expefcted Retention period got from DATABASE_PARTITION_RETENTION_PERIOD parameter, expected: 6, current: 6" classname="test.unit.serviceability.database.co.DB" time="0"></testcase><testcase name="AssertEquals: Unmounting the expected DB in DM Expected: HISTOAUDIT current: HISTOAUDIT" classname="test.unit.serviceability.database.co.DB" time="0"></testcase><testcase name="AssertEquals: RolloverGlobal called the expected times, expected: 1, current: 1" classname="test.unit.serviceability.database.co.DB" time="0"></testcase><testcase name="AssertEquals: Unmounted the expected number of DBs, expected: 1, current: 0" classname="test.unit.serviceability.database.co.DB" time="0"></testcase><testcase name="AssertEquals: Set DB as unmounted in DBPartition DAO 1 time, current: 1" classname="test.unit.serviceability.database.co.DB" time="0"></testcase><testcase name="AssertEquals: Copied files the expected amount of times, expected: 1, current: 0" classname="test.unit.serviceability.database.co.DB" time="0"></testcase><testcase name="AssertEquals: Backup DB List updated as expected" classname="test.unit.serviceability.database.co.DB" time="0"></testcase><testcase name="AssertEquals: RemoveMappingsFromDB is called" classname="test.unit.serviceability.database.co.DB" time="0"></testcase><testcase name="AssertEquals: GetMappedGlobals is called" classname="test.unit.serviceability.database.co.DB" time="0"></testcase><testcase name="AssertEquals: OpenByName is called" classname="test.unit.serviceability.database.co.DB" time="0"></testcase><testcase name="AssertEquals: RemapGlobalIndexesToDB is called" classname="test.unit.serviceability.database.co.DB" time="0"></testcase><testcase name="AssertNotTrue: Start method must be called" classname="test.unit.serviceability.database.co.DB" time="0"></testcase><testcase name="AssertNotTrue: Commit method must be called" classname="test.unit.serviceability.database.co.DB" time="0"></testcase><testcase name="AssertNotTrue: Rollback method must not be called" classname="test.unit.serviceability.database.co.DB" time="0"></testcase><testcase name="LogMessage: Global references: 0" classname="test.unit.serviceability.database.co.DB" time="0"></testcase><testcase name="LogMessage: Commands executed: 1194 (+/- 100)" classname="test.unit.serviceability.database.co.DB" time="0"></testcase><testcase name="LogMessage: Duration of execution: .002411 sec." classname="test.unit.serviceability.database.co.DB" time="0"></testcase></testsuite><testsuite name="test.unit.serviceability.database.co.DB.TestScheduleRolloverJob_FirstJob" timestamp="2020-04-02T21:03:19.75Z" tests="7" failures="0" errors="0" time="0.000523"><testcase name="AssertEquals: Class instantiated is correct." classname="test.unit.serviceability.database.co.DB" time="0"></testcase><testcase name="AssertEquals: Interval was set correctly." classname="test.unit.serviceability.database.co.DB" time="0"></testcase><testcase name="AssertEquals: Execution Time was set correctly." classname="test.unit.serviceability.database.co.DB" time="0"></testcase><testcase name="AssertEquals: JobId was set correctly." classname="test.unit.serviceability.database.co.DB" time="0"></testcase><testcase name="LogMessage: Global references: 0" classname="test.unit.serviceability.database.co.DB" time="0"></testcase><testcase name="LogMessage: Commands executed: 613 (+/- 100)" classname="test.unit.serviceability.database.co.DB" time="0"></testcase><testcase name="LogMessage: Duration of execution: .000523 sec." classname="test.unit.serviceability.database.co.DB" time="0"></testcase></testsuite><testsuite name="test.unit.serviceability.database.co.DB.TestScheduleRolloverJob_NotFirstJob" timestamp="2020-04-02T21:03:19.75Z" tests="7" failures="0" errors="0" time="0.000528"><testcase name="AssertEquals: Class instantiated is correct." classname="test.unit.serviceability.database.co.DB" time="0"></testcase><testcase name="AssertEquals: Interval was set correctly." classname="test.unit.serviceability.database.co.DB" time="0"></testcase><testcase name="AssertEquals: Execution Time was set correctly." classname="test.unit.serviceability.database.co.DB" time="0"></testcase><testcase name="AssertEquals: JobId was set correctly." classname="test.unit.serviceability.database.co.DB" time="0"></testcase><testcase name="LogMessage: Global references: 0" classname="test.unit.serviceability.database.co.DB" time="0"></testcase><testcase name="LogMessage: Commands executed: 613 (+/- 100)" classname="test.unit.serviceability.database.co.DB" time="0"></testcase><testcase name="LogMessage: Duration of execution: .000528 sec." classname="test.unit.serviceability.database.co.DB" time="0"></testcase></testsuite><testsuite name="test.unit.services.binary.co.cStorageSettings.TestgetStorageSettings" timestamp="2020-04-02T21:03:19.75Z" tests="5" failures="0" errors="0" time="0.000468"><testcase name="AssertEquals: ImagesPath. Ok" classname="test.unit.services.binary.co.cStorageSettings" time="0"></testcase><testcase name="AssertEquals: ImagesPath. Ok" classname="test.unit.services.binary.co.cStorageSettings" time="0"></testcase><testcase name="LogMessage: Global references: 0" classname="test.unit.services.binary.co.cStorageSettings" time="0"></testcase><testcase name="LogMessage: Commands executed: 278 (+/- 100)" classname="test.unit.services.binary.co.cStorageSettings" time="0"></testcase><testcase name="LogMessage: Duration of execution: .000468 sec." classname="test.unit.services.binary.co.cStorageSettings" time="0"></testcase></testsuite><testsuite name="test.unit.services.binary.co.cStorageSettings.TestsetStorageSettingsSavedOk" timestamp="2020-04-02T21:03:19.75Z" tests="4" failures="0" errors="0" time="0.000281"><testcase name="AssertEquals: Settings saved ok. Ok" classname="test.unit.services.binary.co.cStorageSettings" time="0"></testcase><testcase name="LogMessage: Global references: 0" classname="test.unit.services.binary.co.cStorageSettings" time="0"></testcase><testcase name="LogMessage: Commands executed: 167 (+/- 100)" classname="test.unit.services.binary.co.cStorageSettings" time="0"></testcase><testcase name="LogMessage: Duration of execution: .000281 sec." classname="test.unit.services.binary.co.cStorageSettings" time="0"></testcase></testsuite><testsuite name="test.unit.services.binary.co.cStorageSettings.TestsetStorageSettings_PathNotExists" timestamp="2020-04-02T21:03:19.75Z" tests="4" failures="0" errors="0" time="0.000258"><testcase name="AssertEquals: Path not exists. Ok" classname="test.unit.services.binary.co.cStorageSettings" time="0"></testcase><testcase name="LogMessage: Global references: 0" classname="test.unit.services.binary.co.cStorageSettings" time="0"></testcase><testcase name="LogMessage: Commands executed: 7 (+/- 100)" classname="test.unit.services.binary.co.cStorageSettings" time="0"></testcase><testcase name="LogMessage: Duration of execution: .000258 sec." classname="test.unit.services.binary.co.cStorageSettings" time="0"></testcase></testsuite><testsuite name="test.unit.sysaccess.co.SystemAccess.TestGetOSVersion" timestamp="2020-04-02T21:03:19.75Z" tests="3" failures="0" errors="0" time="0.000136"><testcase name="LogMessage: Global references: 0" classname="test.unit.sysaccess.co.SystemAccess" time="0"></testcase><testcase name="LogMessage: Commands executed: -29 (+/- 100)" classname="test.unit.sysaccess.co.SystemAccess" time="0"></testcase><testcase name="LogMessage: Duration of execution: .000136 sec." classname="test.unit.sysaccess.co.SystemAccess" time="0"></testcase></testsuite><testsuite name="test.unit.sysaccess.co.SystemAccess.TestStartCSServices" timestamp="2020-04-02T21:03:19.75Z" tests="4" failures="0" errors="0" time="0.000425"><testcase name="AssertTrue: Expected: 1  Obtained:1" classname="test.unit.sysaccess.co.SystemAccess" time="0"></testcase><testcase name="LogMessage: Global references: 0" classname="test.unit.sysaccess.co.SystemAccess" time="0"></testcase><testcase name="LogMessage: Commands executed: 162 (+/- 100)" classname="test.unit.sysaccess.co.SystemAccess" time="0"></testcase><testcase name="LogMessage: Duration of execution: .000425 sec." classname="test.unit.sysaccess.co.SystemAccess" time="0"></testcase></testsuite><testsuite name="test.unit.sysaccess.co.SystemAccess.TestStartCSServices_WithError" timestamp="2020-04-02T21:03:19.75Z" tests="4" failures="0" errors="0" time="0.000378"><testcase name="LogMessage: Negative test" classname="test.unit.sysaccess.co.SystemAccess" time="0"></testcase><testcase name="LogMessage: Global References: 0" classname="test.unit.sysaccess.co.SystemAccess" time="0"></testcase><testcase name="LogMessage: Commands executed: 37 (+/- 100)" classname="test.unit.sysaccess.co.SystemAccess" time="0"></testcase><testcase name="LogMessage: Duration of execution: .000378 sec." classname="test.unit.sysaccess.co.SystemAccess" time="0"></testcase></testsuite><testsuite name="test.unit.sysaccess.co.SystemAccess.TestStopCSServices" timestamp="2020-04-02T21:03:19.75Z" tests="4" failures="0" errors="0" time="0.000891"><testcase name="AssertTrue: Expected: 1  Obtained:1" classname="test.unit.sysaccess.co.SystemAccess" time="0"></testcase><testcase name="LogMessage: Global references: 0" classname="test.unit.sysaccess.co.SystemAccess" time="0"></testcase><testcase name="LogMessage: Commands executed: 163 (+/- 100)" classname="test.unit.sysaccess.co.SystemAccess" time="0"></testcase><testcase name="LogMessage: Duration of execution: .000891 sec." classname="test.unit.sysaccess.co.SystemAccess" time="0"></testcase></testsuite><testsuite name="test.unit.sysaccess.co.SystemAccess.TestStopCSServicesNegative_WithError" timestamp="2020-04-02T21:03:19.75Z" tests="4" failures="0" errors="0" time="0.000415"><testcase name="LogMessage: Negative test" classname="test.unit.sysaccess.co.SystemAccess" time="0"></testcase><testcase name="LogMessage: Global References: 0" classname="test.unit.sysaccess.co.SystemAccess" time="0"></testcase><testcase name="LogMessage: Commands executed: 38 (+/- 100)" classname="test.unit.sysaccess.co.SystemAccess" time="0"></testcase><testcase name="LogMessage: Duration of execution: .000415 sec." classname="test.unit.sysaccess.co.SystemAccess" time="0"></testcase></testsuite><testsuite name="test.unit.wfe.co.configManager.managers.nodes.TestMapping.TestProcess_M1Event" timestamp="2020-04-02T21:03:19.75Z" tests="5" failures="0" errors="0" time="0.0004"><testcase name="AssertNotEquals: RecalculateNodes method called" classname="test.unit.wfe.co.configManager.managers.nodes.TestMapping" time="0"></testcase><testcase name="AssertEquals: Expected: 1,2 Returned: 1,2" classname="test.unit.wfe.co.configManager.managers.nodes.TestMapping" time="0"></testcase><testcase name="LogMessage: Global references: 0" classname="test.unit.wfe.co.configManager.managers.nodes.TestMapping" time="0"></testcase><testcase name="LogMessage: Commands executed: 350 (+/- 100)" classname="test.unit.wfe.co.configManager.managers.nodes.TestMapping" time="0"></testcase><testcase name="LogMessage: Duration of execution: .0004 sec." classname="test.unit.wfe.co.configManager.managers.nodes.TestMapping" time="0"></testcase></testsuite><testsuite name="test.unit.wfe.co.configManager.managers.nodes.TestMapping.TestProcess_M2Event" timestamp="2020-04-02T21:03:19.75Z" tests="5" failures="0" errors="0" time="0.000481"><testcase name="AssertNotEquals: RecalculateNodes method called" classname="test.unit.wfe.co.configManager.managers.nodes.TestMapping" time="0"></testcase><testcase name="AssertEquals: Expected: 1,2 Returned: 1,2" classname="test.unit.wfe.co.configManager.managers.nodes.TestMapping" time="0"></testcase><testcase name="LogMessage: Global references: 0" classname="test.unit.wfe.co.configManager.managers.nodes.TestMapping" time="0"></testcase><testcase name="LogMessage: Commands executed: 288 (+/- 100)" classname="test.unit.wfe.co.configManager.managers.nodes.TestMapping" time="0"></testcase><testcase name="LogMessage: Duration of execution: .000481 sec." classname="test.unit.wfe.co.configManager.managers.nodes.TestMapping" time="0"></testcase></testsuite></testsuites>